2024-10-17 07:29:52,317 [INFO] Activator:176 - 


2024-10-17 07:29:52,324 [INFO] Activator:177 - !SESSION log4j initialized
2024-10-17 07:30:00,425 [INFO] LogOutputStream:77 - [STDOUT_REDIRECT] 
2024-10-17 07:30:02,083 [INFO] ApplicationProperties:184 - Using Application install path: C:\ST\STM32CubeIDE_1.11.2\STM32CubeIDE\plugins\com.st.stm32cube.common.mx_6.12.0.202406281431
2024-10-17 07:30:02,104 [INFO] DbMcusXml:78 - Set database path to: C:\ST\STM32CubeIDE_1.11.2\STM32CubeIDE\plugins\com.st.stm32cube.common.mx_6.12.0.202406281431\\db\/mcu/
2024-10-17 07:30:02,105 [INFO] ApiDb:274 - Set plugin database path to: C:\ST\STM32CubeIDE_1.11.2\STM32CubeIDE\plugins\com.st.stm32cube.common.mx_6.12.0.202406281431\\db\/plugins/boardmanager/
2024-10-17 07:30:02,105 [WARN] ApiDb:259 - Overriding images path with different value:  => C:\ST\STM32CubeIDE_1.11.2\STM32CubeIDE\plugins\com.st.stm32cube.common.mx_6.12.0.202406281431\\db\/plugins/mcufinder/images/
2024-10-17 07:30:02,125 [INFO] ApiDb:250 - Set database path to: C:\Users\erkan\.stmcufinder\plugins\mcufinder//mcu/
2024-10-17 07:30:02,127 [INFO] DbMcusAds:125 - Set database path to: C:\Users\erkan\.stmcufinder\plugins\mcufinder//mcu/
2024-10-17 07:30:02,130 [INFO] CrossReferenceDbSqlite:203 - Set database path to: C:\Users\erkan\.stmcufinder\plugins\mcufinder//mcu/cs/
2024-10-17 07:30:02,265 [INFO] RulesReader:64 - Compatibility file has been processed (297 Rules)
2024-10-17 07:30:02,359 [INFO] DbMcusXml:78 - Set database path to: C:\ST\STM32CubeIDE_1.11.2\STM32CubeIDE\plugins\com.st.stm32cube.common.mx_6.12.0.202406281431\\db\/mcu/
2024-10-17 07:30:02,359 [INFO] ApiDb:274 - Set plugin database path to: C:\ST\STM32CubeIDE_1.11.2\STM32CubeIDE\plugins\com.st.stm32cube.common.mx_6.12.0.202406281431\\db\/plugins/boardmanager/
2024-10-17 07:30:02,359 [INFO] ApiDb:261 - Set plugin images path to: C:\ST\STM32CubeIDE_1.11.2\STM32CubeIDE\plugins\com.st.stm32cube.common.mx_6.12.0.202406281431\\db\/plugins/mcufinder/images/
2024-10-17 07:30:02,360 [WARN] DbFile:41 - Overriding database path with different value: C:\Users\erkan\.stmcufinder\plugins\mcufinder/ => C:\Users\erkan\.stmcufinder\plugins\mcufinder
2024-10-17 07:30:02,360 [INFO] ApiDb:250 - Set database path to: C:\Users\erkan\.stmcufinder\plugins\mcufinder//mcu/
2024-10-17 07:30:02,360 [WARN] DbFile:41 - Overriding database path with different value: C:\Users\erkan\.stmcufinder\plugins\mcufinder/ => C:\Users\erkan\.stmcufinder\plugins\mcufinder
2024-10-17 07:30:02,360 [INFO] DbMcusAds:125 - Set database path to: C:\Users\erkan\.stmcufinder\plugins\mcufinder//mcu/
2024-10-17 07:30:02,360 [WARN] DbFile:41 - Overriding database path with different value: C:\Users\erkan\.stmcufinder\plugins\mcufinder/ => C:\Users\erkan\.stmcufinder\plugins\mcufinder
2024-10-17 07:30:02,360 [WARN] DbFile:41 - Overriding database path with different value: C:\Users\erkan\.stmcufinder\plugins\mcufinder/ => C:\Users\erkan\.stmcufinder\plugins\mcufinder
2024-10-17 07:30:02,360 [INFO] CrossReferenceDbSqlite:203 - Set database path to: C:\Users\erkan\.stmcufinder\plugins\mcufinder//mcu/cs/
2024-10-17 07:30:02,450 [INFO] MainPanel:268 - HeapMemory: 268435456
2024-10-17 07:30:02,568 [INFO] DbMcusXml:78 - Set database path to: C:\ST\STM32CubeIDE_1.11.2\STM32CubeIDE\plugins\com.st.stm32cube.common.mx_6.12.0.202406281431\\db\/mcu/
2024-10-17 07:30:02,568 [INFO] ApiDb:274 - Set plugin database path to: C:\ST\STM32CubeIDE_1.11.2\STM32CubeIDE\plugins\com.st.stm32cube.common.mx_6.12.0.202406281431\\db\/plugins/boardmanager/
2024-10-17 07:30:02,568 [INFO] ApiDb:261 - Set plugin images path to: C:\ST\STM32CubeIDE_1.11.2\STM32CubeIDE\plugins\com.st.stm32cube.common.mx_6.12.0.202406281431\\db\/plugins/mcufinder/images/
2024-10-17 07:30:02,568 [WARN] DbFile:41 - Overriding database path with different value: C:\Users\erkan\.stmcufinder\plugins\mcufinder/ => C:\Users\erkan\.stmcufinder\plugins\mcufinder
2024-10-17 07:30:02,569 [INFO] ApiDb:250 - Set database path to: C:\Users\erkan\.stmcufinder\plugins\mcufinder//mcu/
2024-10-17 07:30:02,569 [WARN] DbFile:41 - Overriding database path with different value: C:\Users\erkan\.stmcufinder\plugins\mcufinder/ => C:\Users\erkan\.stmcufinder\plugins\mcufinder
2024-10-17 07:30:02,569 [INFO] DbMcusAds:125 - Set database path to: C:\Users\erkan\.stmcufinder\plugins\mcufinder//mcu/
2024-10-17 07:30:02,569 [WARN] DbFile:41 - Overriding database path with different value: C:\Users\erkan\.stmcufinder\plugins\mcufinder/ => C:\Users\erkan\.stmcufinder\plugins\mcufinder
2024-10-17 07:30:02,569 [WARN] DbFile:41 - Overriding database path with different value: C:\Users\erkan\.stmcufinder\plugins\mcufinder/ => C:\Users\erkan\.stmcufinder\plugins\mcufinder
2024-10-17 07:30:02,569 [INFO] CrossReferenceDbSqlite:203 - Set database path to: C:\Users\erkan\.stmcufinder\plugins\mcufinder//mcu/cs/
2024-10-17 07:30:02,589 [INFO] ApplicationProperties:184 - Using Application install path: C:\ST\STM32CubeIDE_1.11.2\STM32CubeIDE\plugins\com.st.stm32cube.common.mx_6.12.0.202406281431
2024-10-17 07:30:02,592 [INFO] PluginManage:196 - Search for loadable plugins [exclusion list=, ]
2024-10-17 07:30:02,594 [INFO] PluginManage:310 - Check plugin analytics
2024-10-17 07:30:02,772 [INFO] AnalyticsPlugin:253 - Accepted Software Licenses: STM32CubeMX.6.9.2
2024-10-17 07:30:02,772 [INFO] AnalyticsPlugin:255 - Accepted CMSIS Pack Licenses: 
2024-10-17 07:30:02,772 [INFO] AnalyticsPlugin:257 - Accepted Firmware Licenses: FW.F4.1.28.0
2024-10-17 07:30:02,774 [INFO] PluginManage:359 - Loaded plugin analytics (category:tool,tabindex:-1)
2024-10-17 07:30:02,775 [INFO] PluginManage:310 - Check plugin cadmodel
2024-10-17 07:30:02,789 [INFO] CADModel:105 - Init CAD model plugin
2024-10-17 07:30:02,789 [INFO] PluginManage:359 - Loaded plugin cadmodel (category:power,tabindex:5)
2024-10-17 07:30:02,790 [INFO] PluginManage:310 - Check plugin clock
2024-10-17 07:30:02,811 [INFO] PluginManage:359 - Loaded plugin clock (category:base,tabindex:2)
2024-10-17 07:30:02,811 [INFO] PluginManage:310 - Check plugin ddr
2024-10-17 07:30:02,813 [INFO] PluginManage:359 - Loaded plugin ddr (category:tool,tabindex:6)
2024-10-17 07:30:02,813 [INFO] PluginManage:310 - Check plugin filemanager
2024-10-17 07:30:02,961 [INFO] PluginManage:359 - Loaded plugin filemanager (category:base,tabindex:10)
2024-10-17 07:30:02,961 [INFO] PluginManage:310 - Check plugin ipmanager
2024-10-17 07:30:02,971 [INFO] PluginManage:359 - Loaded plugin ipmanager (category:base,tabindex:5)
2024-10-17 07:30:02,971 [INFO] PluginManage:310 - Check plugin lpbam
2024-10-17 07:30:02,995 [INFO] PluginManage:359 - Loaded plugin lpbam (category:base,tabindex:0)
2024-10-17 07:30:02,995 [INFO] PluginManage:310 - Check plugin memorymap
2024-10-17 07:30:03,020 [INFO] PluginManage:359 - Loaded plugin memorymap (category:base,tabindex:4)
2024-10-17 07:30:03,020 [INFO] PluginManage:310 - Check plugin pinoutandconfiguration
2024-10-17 07:30:03,038 [INFO] PluginManage:359 - Loaded plugin pinoutandconfiguration (category:base,tabindex:1)
2024-10-17 07:30:03,038 [INFO] PluginManage:310 - Check plugin pinoutconfig
2024-10-17 07:30:03,161 [WARN] SupportedApi:132 - Cannot load RTOS API schema: s4s-elt-must-match.1: The content of 'definitions' must match (annotation?, (simpleType | complexType)?, (unique | key | keyref)*)). A problem was found starting at: attribute.
2024-10-17 07:30:03,323 [INFO] PluginManage:359 - Loaded plugin pinoutconfig (category:base,tabindex:0)
2024-10-17 07:30:03,323 [INFO] PluginManage:310 - Check plugin power
2024-10-17 07:30:03,345 [INFO] PluginManage:359 - Loaded plugin power (category:power,tabindex:4)
2024-10-17 07:30:03,345 [INFO] PluginManage:310 - Check plugin projectmanager
2024-10-17 07:30:03,363 [INFO] PluginManage:359 - Loaded plugin projectmanager (category:projectmanager,tabindex:4)
2024-10-17 07:30:03,363 [INFO] PluginManage:310 - Check plugin rif
2024-10-17 07:30:03,380 [INFO] PluginManage:359 - Loaded plugin rif (category:base,tabindex:3)
2024-10-17 07:30:03,381 [INFO] PluginManage:310 - Check plugin thirdparty
2024-10-17 07:30:03,709 [INFO] PluginManage:359 - Loaded plugin thirdparty (category:base,tabindex:-1)
2024-10-17 07:30:03,709 [WARN] IntegrityCheckThread:84 - waiting for thirdparty lock release [integrity check]
2024-10-17 07:30:03,709 [INFO] PluginManage:310 - Check plugin tools
2024-10-17 07:30:03,709 [INFO] IntegrityCheckThread:86 - entering critical section [integrity check]
2024-10-17 07:30:03,710 [INFO] ThirdPartyUpdaterWithRetryManager:70 - Updater plugin not ready yet. [1/15]
2024-10-17 07:30:03,754 [INFO] PluginManage:359 - Loaded plugin tools (category:base,tabindex:7)
2024-10-17 07:30:03,754 [INFO] PluginManage:310 - Check plugin tutovideos
2024-10-17 07:30:03,996 [INFO] PluginManage:359 - Loaded plugin tutovideos (category:base,tabindex:-1)
2024-10-17 07:30:03,997 [INFO] PluginManage:310 - Check plugin updater
2024-10-17 07:30:04,016 [INFO] PluginManage:359 - Loaded plugin updater (category:base,tabindex:12)
2024-10-17 07:30:04,016 [INFO] PluginManage:310 - Check plugin userauth
2024-10-17 07:30:04,024 [INFO] UserAuth:113 - Init User Auth plugin
2024-10-17 07:30:04,025 [INFO] PluginManage:359 - Loaded plugin userauth (category:base,tabindex:14)
2024-10-17 07:30:04,025 [INFO] PluginManage:283 - PluginManage : Loaded plugins [18]
2024-10-17 07:30:04,283 [INFO] PinOutPanel:1561 - setPackage(No Configuration,No Configuration)
2024-10-17 07:30:04,392 [INFO] CADModel:165 - CPN selected for project level
2024-10-17 07:30:04,392 [INFO] CADModel:114 - Register for checkConnection events
2024-10-17 07:30:04,423 [INFO] IPUIPlugin:80 - create IPUIPlugin
2024-10-17 07:30:04,423 [INFO] PluginManager:220 - loadIPPluginJar : add adc
2024-10-17 07:30:04,464 [INFO] IPUIPlugin:80 - create IPUIPlugin
2024-10-17 07:30:04,464 [INFO] PluginManager:220 - loadIPPluginJar : add aes
2024-10-17 07:30:04,506 [INFO] IPUIPlugin:80 - create IPUIPlugin
2024-10-17 07:30:04,507 [INFO] PluginManager:220 - loadIPPluginJar : add can
2024-10-17 07:30:04,532 [INFO] IPUIPlugin:80 - create IPUIPlugin
2024-10-17 07:30:04,532 [INFO] PluginManager:220 - loadIPPluginJar : add comp
2024-10-17 07:30:04,568 [INFO] IPUIPlugin:80 - create IPUIPlugin
2024-10-17 07:30:04,568 [INFO] PluginManager:220 - loadIPPluginJar : add cryp
2024-10-17 07:30:04,579 [INFO] IPUIPlugin:80 - create IPUIPlugin
2024-10-17 07:30:04,580 [INFO] PluginManager:220 - loadIPPluginJar : add ddr_ctrl_phy
2024-10-17 07:30:04,612 [INFO] IPUIPlugin:80 - create IPUIPlugin
2024-10-17 07:30:04,612 [INFO] PluginManager:220 - loadIPPluginJar : add dfsdm
2024-10-17 07:30:04,628 [INFO] IPUIPlugin:80 - create IPUIPlugin
2024-10-17 07:30:04,629 [INFO] PluginManager:220 - loadIPPluginJar : add dma
2024-10-17 07:30:04,685 [INFO] IPUIPlugin:80 - create IPUIPlugin
2024-10-17 07:30:04,685 [INFO] PluginManager:220 - loadIPPluginJar : add dma3
2024-10-17 07:30:04,736 [INFO] IPUIPlugin:80 - create IPUIPlugin
2024-10-17 07:30:04,736 [INFO] PluginManager:220 - loadIPPluginJar : add extmemmanager
2024-10-17 07:30:04,759 [INFO] IPUIPlugin:80 - create IPUIPlugin
2024-10-17 07:30:04,759 [INFO] PluginManager:220 - loadIPPluginJar : add fatfs
2024-10-17 07:30:04,811 [INFO] IPUIPlugin:80 - create IPUIPlugin
2024-10-17 07:30:04,811 [INFO] PluginManager:220 - loadIPPluginJar : add fmc
2024-10-17 07:30:04,826 [INFO] IPUIPlugin:80 - create IPUIPlugin
2024-10-17 07:30:04,827 [INFO] PluginManager:220 - loadIPPluginJar : add freertos
2024-10-17 07:30:04,850 [INFO] IPUIPlugin:80 - create IPUIPlugin
2024-10-17 07:30:04,850 [INFO] PluginManager:220 - loadIPPluginJar : add genericplugin
2024-10-17 07:30:04,951 [INFO] IPUIPlugin:80 - create IPUIPlugin
2024-10-17 07:30:04,951 [INFO] PluginManager:220 - loadIPPluginJar : add gfxmmu
2024-10-17 07:30:05,104 [INFO] IPUIPlugin:80 - create IPUIPlugin
2024-10-17 07:30:05,104 [INFO] PluginManager:220 - loadIPPluginJar : add gic
2024-10-17 07:30:05,121 [INFO] IPUIPlugin:80 - create IPUIPlugin
2024-10-17 07:30:05,121 [INFO] PluginManager:220 - loadIPPluginJar : add gpio
2024-10-17 07:30:05,243 [INFO] IPUIPlugin:80 - create IPUIPlugin
2024-10-17 07:30:05,243 [INFO] PluginManager:220 - loadIPPluginJar : add gtzc
2024-10-17 07:30:05,281 [INFO] IPUIPlugin:80 - create IPUIPlugin
2024-10-17 07:30:05,281 [INFO] PluginManager:220 - loadIPPluginJar : add hash
2024-10-17 07:30:05,344 [INFO] IPUIPlugin:80 - create IPUIPlugin
2024-10-17 07:30:05,344 [INFO] PluginManager:220 - loadIPPluginJar : add i2c
2024-10-17 07:30:05,392 [INFO] IPUIPlugin:80 - create IPUIPlugin
2024-10-17 07:30:05,392 [INFO] PluginManager:220 - loadIPPluginJar : add i2s
2024-10-17 07:30:05,441 [INFO] IPUIPlugin:80 - create IPUIPlugin
2024-10-17 07:30:05,441 [INFO] PluginManager:220 - loadIPPluginJar : add i3c
2024-10-17 07:30:05,554 [INFO] IPUIPlugin:80 - create IPUIPlugin
2024-10-17 07:30:05,554 [INFO] PluginManager:220 - loadIPPluginJar : add ipddr
2024-10-17 07:30:05,658 [INFO] IPUIPlugin:80 - create IPUIPlugin
2024-10-17 07:30:05,659 [INFO] PluginManager:220 - loadIPPluginJar : add linkedlist
2024-10-17 07:30:05,697 [INFO] IPUIPlugin:80 - create IPUIPlugin
2024-10-17 07:30:05,698 [INFO] PluginManager:220 - loadIPPluginJar : add lorawan
2024-10-17 07:30:05,738 [INFO] IPUIPlugin:80 - create IPUIPlugin
2024-10-17 07:30:05,738 [INFO] PluginManager:220 - loadIPPluginJar : add ltdc
2024-10-17 07:30:05,753 [INFO] IPUIPlugin:80 - create IPUIPlugin
2024-10-17 07:30:05,753 [INFO] PluginManager:220 - loadIPPluginJar : add mdma
2024-10-17 07:30:05,766 [INFO] IPUIPlugin:80 - create IPUIPlugin
2024-10-17 07:30:05,766 [INFO] PluginManager:220 - loadIPPluginJar : add nvic
2024-10-17 07:30:05,812 [INFO] IPUIPlugin:80 - create IPUIPlugin
2024-10-17 07:30:05,812 [INFO] PluginManager:220 - loadIPPluginJar : add opamp
2024-10-17 07:30:05,877 [INFO] IPUIPlugin:80 - create IPUIPlugin
2024-10-17 07:30:05,877 [INFO] PluginManager:220 - loadIPPluginJar : add openamp
2024-10-17 07:30:05,921 [INFO] IPUIPlugin:80 - create IPUIPlugin
2024-10-17 07:30:05,921 [INFO] PluginManager:220 - loadIPPluginJar : add pdm2pcm
2024-10-17 07:30:05,936 [INFO] IPUIPlugin:80 - create IPUIPlugin
2024-10-17 07:30:05,938 [INFO] PluginManager:220 - loadIPPluginJar : add plateformsettings
2024-10-17 07:30:05,961 [INFO] IPUIPlugin:80 - create IPUIPlugin
2024-10-17 07:30:05,961 [INFO] PluginManager:220 - loadIPPluginJar : add quadspi
2024-10-17 07:30:05,988 [INFO] IPUIPlugin:80 - create IPUIPlugin
2024-10-17 07:30:05,989 [INFO] PluginManager:220 - loadIPPluginJar : add radio
2024-10-17 07:30:06,002 [INFO] IPUIPlugin:80 - create IPUIPlugin
2024-10-17 07:30:06,002 [INFO] PluginManager:220 - loadIPPluginJar : add resmgrutility
2024-10-17 07:30:06,051 [INFO] IPUIPlugin:80 - create IPUIPlugin
2024-10-17 07:30:06,052 [INFO] PluginManager:220 - loadIPPluginJar : add sai
2024-10-17 07:30:06,090 [INFO] IPUIPlugin:80 - create IPUIPlugin
2024-10-17 07:30:06,090 [INFO] PluginManager:220 - loadIPPluginJar : add spi
2024-10-17 07:30:06,167 [INFO] IPUIPlugin:80 - create IPUIPlugin
2024-10-17 07:30:06,167 [INFO] PluginManager:220 - loadIPPluginJar : add stm32_wpan
2024-10-17 07:30:06,190 [INFO] IPUIPlugin:80 - create IPUIPlugin
2024-10-17 07:30:06,190 [INFO] PluginManager:220 - loadIPPluginJar : add tim
2024-10-17 07:30:06,257 [INFO] IPUIPlugin:80 - create IPUIPlugin
2024-10-17 07:30:06,257 [INFO] PluginManager:220 - loadIPPluginJar : add touchsensing
2024-10-17 07:30:06,284 [INFO] IPUIPlugin:80 - create IPUIPlugin
2024-10-17 07:30:06,284 [INFO] PluginManager:220 - loadIPPluginJar : add tracer_emb
2024-10-17 07:30:06,309 [INFO] IPUIPlugin:80 - create IPUIPlugin
2024-10-17 07:30:06,309 [INFO] PluginManager:220 - loadIPPluginJar : add ts
2024-10-17 07:30:06,338 [INFO] IPUIPlugin:80 - create IPUIPlugin
2024-10-17 07:30:06,338 [INFO] PluginManager:220 - loadIPPluginJar : add tsc
2024-10-17 07:30:06,364 [INFO] IPUIPlugin:80 - create IPUIPlugin
2024-10-17 07:30:06,364 [INFO] PluginManager:220 - loadIPPluginJar : add ucpd
2024-10-17 07:30:06,418 [INFO] IPUIPlugin:80 - create IPUIPlugin
2024-10-17 07:30:06,418 [INFO] PluginManager:220 - loadIPPluginJar : add usart
2024-10-17 07:30:06,464 [INFO] IPUIPlugin:80 - create IPUIPlugin
2024-10-17 07:30:06,464 [INFO] PluginManager:220 - loadIPPluginJar : add usbx
2024-10-17 07:30:06,595 [INFO] CADModel:165 - CPN selected for project level
2024-10-17 07:30:06,596 [INFO] CADModel:114 - Register for checkConnection events
2024-10-17 07:30:06,596 [FATAL] Updater:334 - Updater called before beeing initialized
2024-10-17 07:30:06,596 [ERROR] CADModel:125 - Updater not yet initialized, retry later 
2024-10-17 07:30:06,711 [INFO] ThirdPartyUpdaterWithRetryManager:70 - Updater plugin not ready yet. [2/15]
2024-10-17 07:30:06,751 [INFO] CADModel:165 - CPN selected for project level
2024-10-17 07:30:06,751 [INFO] CADModel:114 - Register for checkConnection events
2024-10-17 07:30:06,751 [FATAL] Updater:334 - Updater called before beeing initialized
2024-10-17 07:30:06,751 [ERROR] CADModel:125 - Updater not yet initialized, retry later 
2024-10-17 07:30:06,754 [FATAL] Updater:334 - Updater called before beeing initialized
2024-10-17 07:30:06,867 [FATAL] Updater:334 - Updater called before beeing initialized
2024-10-17 07:30:06,877 [INFO] DbMcusAds:53 - JSON generation date=Fri Sep 20 15:04:23 CEST 2024 (1726837463113)
2024-10-17 07:30:06,877 [FATAL] Updater:334 - Updater called before beeing initialized
2024-10-17 07:30:06,917 [WARN] DetailPanel:346 - Failed to get advertising image, set to default
2024-10-17 07:30:07,048 [FATAL] Updater:334 - Updater called before beeing initialized
2024-10-17 07:30:07,050 [FATAL] Updater:334 - Updater called before beeing initialized
2024-10-17 07:30:07,050 [FATAL] Updater:334 - Updater called before beeing initialized
2024-10-17 07:30:07,050 [WARN] DetailPanel:346 - Failed to get advertising image, set to default
2024-10-17 07:30:07,051 [FATAL] Updater:334 - Updater called before beeing initialized
2024-10-17 07:30:07,117 [ERROR] Updater:1164 - MainUpdater not yet initialized. External WinMGr cannot be set.
2024-10-17 07:30:07,129 [INFO] Updater:1100 - Updater Version found : 6.12.0
2024-10-17 07:30:07,145 [INFO] ApplicationProperties:184 - Using Application install path: C:\ST\STM32CubeIDE_1.11.2\STM32CubeIDE\plugins\com.st.stm32cube.common.mx_6.12.0.202406281431
2024-10-17 07:30:07,689 [INFO] MainUpdater:2873 - connection check result : 10
2024-10-17 07:30:07,690 [INFO] MainUpdater:290 - Updater Check For Update Now.
2024-10-17 07:30:07,690 [INFO] MicroXplorer:498 - Change Database Version : DB.6.0.120
2024-10-17 07:30:07,704 [INFO] McuFinderGlobals:63 - Set McuFinder mode to 2 (CubeIDE integrated)
2024-10-17 07:30:07,705 [INFO] UserAuth:179 - activating auth plugin
2024-10-17 07:30:07,707 [INFO] UserAuth:417 - Internet connection configuration mode: 1
2024-10-17 07:30:07,733 [INFO] JxBrowserEngine:152 - Initiate JxBrowser Engine with user profile folder
2024-10-17 07:30:07,914 [INFO] CheckServerUpdateThread:120 - End of CheckServer Thread
2024-10-17 07:30:10,034 [WARN] PackLoader:240 - Cannot read IP mode file for STMicroelectronics.FP-SNS-MOTENVWB1.1.4.0
2024-10-17 07:30:10,054 [WARN] PackLoader:240 - Cannot read IP mode file for STMicroelectronics.X-CUBE-SMBUS.2.1.0
2024-10-17 07:30:10,074 [WARN] PackLoader:240 - Cannot read IP mode file for STMicroelectronics.X-CUBE-WB05N.1.1.0
2024-10-17 07:30:10,088 [WARN] PackLoader:240 - Cannot read IP mode file for STMicroelectronics.X-CUBE-TOUCHGFX.4.23.0
2024-10-17 07:30:10,100 [WARN] PackLoader:240 - Cannot read IP mode file for STMicroelectronics.X-CUBE-TOUCHGFX.4.23.2
2024-10-17 07:30:10,140 [WARN] PackLoader:240 - Cannot read IP mode file for STMicroelectronics.X-CUBE-AZRTOS-F7.1.1.0
2024-10-17 07:30:10,158 [WARN] PackLoader:240 - Cannot read IP mode file for STMicroelectronics.FP-SNS-MOTENV1.4.3.2
2024-10-17 07:30:10,246 [WARN] PackLoader:240 - Cannot read IP mode file for STMicroelectronics.X-CUBE-MEMS1.11.0.0
2024-10-17 07:30:10,382 [WARN] PackLoader:240 - Cannot read IP mode file for STMicroelectronics.X-CUBE-BLE1.6.2.4
2024-10-17 07:30:10,394 [WARN] PackLoader:240 - Cannot read IP mode file for STMicroelectronics.FP-SNS-FLIGHT1.5.0.2
2024-10-17 07:30:10,409 [WARN] PackLoader:240 - Cannot read IP mode file for STMicroelectronics.X-CUBE-DISPLAY.3.0.0
2024-10-17 07:30:10,433 [WARN] PackLoader:240 - Cannot read IP mode file for STMicroelectronics.X-CUBE-BLE1.7.0.0
2024-10-17 07:30:10,453 [WARN] PackLoader:240 - Cannot read IP mode file for STMicroelectronics.X-CUBE-NFC10.1.0.0
2024-10-17 07:30:10,470 [WARN] PackLoader:240 - Cannot read IP mode file for STMicroelectronics.X-CUBE-TOUCHGFX.4.22.0
2024-10-17 07:30:10,494 [WARN] PackLoader:240 - Cannot read IP mode file for STMicroelectronics.X-CUBE-TOUCHGFX.4.22.1
2024-10-17 07:30:10,519 [WARN] PackLoader:240 - Cannot read IP mode file for STMicroelectronics.X-CUBE-BLEMGR.3.1.0
2024-10-17 07:30:10,552 [WARN] PackLoader:240 - Cannot read IP mode file for STMicroelectronics.FP-SNS-SMARTAG2.1.2.0
2024-10-17 07:30:10,572 [INFO] LogOutputStream:77 - [STDOUT_REDIRECT] 1 : Invalid condition id : UX_CORESTACK_Condition cause : null
2024-10-17 07:30:10,573 [INFO] LogOutputStream:77 - [STDOUT_REDIRECT] 1 : Invalid condition id : UX_CORESTACK_Condition cause : null
2024-10-17 07:30:10,574 [INFO] LogOutputStream:77 - [STDOUT_REDIRECT] 1 : Invalid condition id : UX_CORESTACK_Condition cause : null
2024-10-17 07:30:10,576 [INFO] LogOutputStream:77 - [STDOUT_REDIRECT] 1 : Invalid condition id : UX_CORESTACK_Condition cause : null
2024-10-17 07:30:10,576 [INFO] LogOutputStream:77 - [STDOUT_REDIRECT] 1 : Invalid condition id : UX_CORESTACK_Condition cause : null
2024-10-17 07:30:10,579 [WARN] PackLoader:240 - Cannot read IP mode file for STMicroelectronics.X-CUBE-AZRTOS-WL.2.0.0
2024-10-17 07:30:10,593 [WARN] PackLoader:240 - Cannot read IP mode file for STMicroelectronics.FP-SNS-MOTENV1.5.0.0
2024-10-17 07:30:10,607 [WARN] PackLoader:240 - Cannot read IP mode file for wolfSSL.I-CUBE-wolfMQTT.1.19.0
2024-10-17 07:30:10,624 [WARN] PackLoader:240 - Cannot read IP mode file for WES.I-CUBE-Cesium.1.3.0
2024-10-17 07:30:10,645 [WARN] PackLoader:240 - Cannot read IP mode file for STMicroelectronics.X-CUBE-BLE2.3.3.0
2024-10-17 07:30:10,672 [WARN] PackLoader:240 - Cannot read IP mode file for STMicroelectronics.X-CUBE-TOF1.3.2.0
2024-10-17 07:30:10,695 [WARN] PackLoader:240 - Cannot read IP mode file for STMicroelectronics.X-CUBE-NFC9.1.0.0
2024-10-17 07:30:10,712 [WARN] PackLoader:240 - Cannot read IP mode file for STMicroelectronics.X-CUBE-TCPP.4.1.0
2024-10-17 07:30:10,725 [WARN] PackLoader:240 - Cannot read IP mode file for STMicroelectronics.X-CUBE-TOUCHGFX.4.21.1
2024-10-17 07:30:10,741 [WARN] PackLoader:240 - Cannot read IP mode file for STMicroelectronics.X-CUBE-AI.7.3.0
2024-10-17 07:30:10,755 [WARN] PackLoader:240 - Cannot read IP mode file for STMicroelectronics.X-CUBE-ALGOBUILD.1.3.0
2024-10-17 07:30:10,781 [WARN] PackLoader:240 - Cannot read IP mode file for STMicroelectronics.X-CUBE-AZRTOS-G0.1.1.0
2024-10-17 07:30:10,798 [WARN] PackLoader:240 - Cannot read IP mode file for STMicroelectronics.X-CUBE-SAFEA1.1.2.2
2024-10-17 07:30:10,814 [WARN] PackLoader:240 - Cannot read IP mode file for STMicroelectronics.X-CUBE-NFC4.3.0.0
2024-10-17 07:30:10,828 [WARN] PackLoader:240 - Cannot read IP mode file for wolfSSL.I-CUBE-wolfMQTT.1.18.0
2024-10-17 07:30:10,845 [WARN] PackLoader:240 - Cannot read IP mode file for EmbeddedOffice.I-CUBE-FS-RTOS.1.0.1
2024-10-17 07:30:10,846 [ERROR] ConditionMgr:805 - Attr not supported : Dmpu
2024-10-17 07:30:10,846 [ERROR] ConditionMgr:805 - Attr not supported : Dmpu
2024-10-17 07:30:10,846 [ERROR] ConditionMgr:805 - Attr not supported : Dmpu
2024-10-17 07:30:10,846 [ERROR] ConditionMgr:805 - Attr not supported : Dmpu
2024-10-17 07:30:10,846 [ERROR] ConditionMgr:805 - Attr not supported : Dmpu
2024-10-17 07:30:10,846 [ERROR] ConditionMgr:805 - Attr not supported : Dmpu
2024-10-17 07:30:10,846 [ERROR] ConditionMgr:805 - Attr not supported : Dmpu
2024-10-17 07:30:10,846 [ERROR] ConditionMgr:805 - Attr not supported : Dmpu
2024-10-17 07:30:10,846 [ERROR] ConditionMgr:805 - Attr not supported : Dmpu
2024-10-17 07:30:10,846 [ERROR] ConditionMgr:805 - Attr not supported : Dmpu
2024-10-17 07:30:10,846 [ERROR] ConditionMgr:805 - Attr not supported : Dmpu
2024-10-17 07:30:10,846 [ERROR] ConditionMgr:805 - Attr not supported : Dmpu
2024-10-17 07:30:10,846 [ERROR] ConditionMgr:805 - Attr not supported : Dmpu
2024-10-17 07:30:10,846 [ERROR] ConditionMgr:805 - Attr not supported : Dmpu
2024-10-17 07:30:10,847 [ERROR] ConditionMgr:805 - Attr not supported : Dmpu
2024-10-17 07:30:10,847 [ERROR] ConditionMgr:805 - Attr not supported : Dmpu
2024-10-17 07:30:10,847 [ERROR] ConditionMgr:805 - Attr not supported : Dmpu
2024-10-17 07:30:10,847 [ERROR] ConditionMgr:805 - Attr not supported : Dmpu
2024-10-17 07:30:10,847 [ERROR] ConditionMgr:805 - Attr not supported : Dmpu
2024-10-17 07:30:10,847 [ERROR] ConditionMgr:805 - Attr not supported : Dmpu
2024-10-17 07:30:10,847 [ERROR] ConditionMgr:805 - Attr not supported : Dmpu
2024-10-17 07:30:10,847 [ERROR] ConditionMgr:805 - Attr not supported : Dmpu
2024-10-17 07:30:10,847 [ERROR] ConditionMgr:805 - Attr not supported : Dmpu
2024-10-17 07:30:10,847 [ERROR] ConditionMgr:805 - Attr not supported : Dmpu
2024-10-17 07:30:10,847 [ERROR] ConditionMgr:805 - Attr not supported : Dmpu
2024-10-17 07:30:10,847 [ERROR] ConditionMgr:805 - Attr not supported : Dmpu
2024-10-17 07:30:10,847 [ERROR] ConditionMgr:805 - Attr not supported : Dmpu
2024-10-17 07:30:10,847 [ERROR] ConditionMgr:805 - Attr not supported : Dmpu
2024-10-17 07:30:10,847 [ERROR] ConditionMgr:805 - Attr not supported : Dmpu
2024-10-17 07:30:10,847 [ERROR] ConditionMgr:805 - Attr not supported : Dmpu
2024-10-17 07:30:10,847 [ERROR] ConditionMgr:805 - Attr not supported : Dmpu
2024-10-17 07:30:10,847 [ERROR] ConditionMgr:805 - Attr not supported : Dmpu
2024-10-17 07:30:10,847 [ERROR] ConditionMgr:805 - Attr not supported : Dmpu
2024-10-17 07:30:10,848 [ERROR] ConditionMgr:805 - Attr not supported : Dmpu
2024-10-17 07:30:10,848 [ERROR] ConditionMgr:805 - Attr not supported : Dmpu
2024-10-17 07:30:10,848 [ERROR] ConditionMgr:805 - Attr not supported : Dmpu
2024-10-17 07:30:10,848 [ERROR] ConditionMgr:805 - Attr not supported : Dmpu
2024-10-17 07:30:10,848 [ERROR] ConditionMgr:805 - Attr not supported : Dmpu
2024-10-17 07:30:10,848 [ERROR] ConditionMgr:805 - Attr not supported : Dmpu
2024-10-17 07:30:10,848 [ERROR] ConditionMgr:805 - Attr not supported : Dmpu
2024-10-17 07:30:10,848 [ERROR] ConditionMgr:805 - Attr not supported : Dmpu
2024-10-17 07:30:10,848 [ERROR] ConditionMgr:805 - Attr not supported : Dmpu
2024-10-17 07:30:10,848 [ERROR] ConditionMgr:805 - Attr not supported : Dmpu
2024-10-17 07:30:10,848 [ERROR] ConditionMgr:805 - Attr not supported : Dmpu
2024-10-17 07:30:10,848 [ERROR] ConditionMgr:805 - Attr not supported : Dmpu
2024-10-17 07:30:10,848 [ERROR] ConditionMgr:805 - Attr not supported : Dmpu
2024-10-17 07:30:10,848 [ERROR] ConditionMgr:805 - Attr not supported : Dmpu
2024-10-17 07:30:10,848 [ERROR] ConditionMgr:805 - Attr not supported : Dmpu
2024-10-17 07:30:10,848 [ERROR] ConditionMgr:805 - Attr not supported : Dmpu
2024-10-17 07:30:10,848 [ERROR] ConditionMgr:805 - Attr not supported : Dmpu
2024-10-17 07:30:10,849 [ERROR] ConditionMgr:805 - Attr not supported : Dmpu
2024-10-17 07:30:10,849 [ERROR] ConditionMgr:805 - Attr not supported : Dmpu
2024-10-17 07:30:10,849 [ERROR] ConditionMgr:805 - Attr not supported : Dmpu
2024-10-17 07:30:10,849 [ERROR] ConditionMgr:805 - Attr not supported : Dmpu
2024-10-17 07:30:10,849 [ERROR] ConditionMgr:805 - Attr not supported : Dmpu
2024-10-17 07:30:10,849 [ERROR] ConditionMgr:805 - Attr not supported : Dmpu
2024-10-17 07:30:10,849 [ERROR] ConditionMgr:805 - Attr not supported : Dmpu
2024-10-17 07:30:10,849 [ERROR] ConditionMgr:805 - Attr not supported : Dmpu
2024-10-17 07:30:10,849 [ERROR] ConditionMgr:805 - Attr not supported : Dmpu
2024-10-17 07:30:10,849 [ERROR] ConditionMgr:805 - Attr not supported : Dmpu
2024-10-17 07:30:10,849 [ERROR] ConditionMgr:805 - Attr not supported : Dmpu
2024-10-17 07:30:10,849 [ERROR] ConditionMgr:805 - Attr not supported : Dmpu
2024-10-17 07:30:10,850 [ERROR] ConditionMgr:805 - Attr not supported : Dmpu
2024-10-17 07:30:10,850 [ERROR] ConditionMgr:805 - Attr not supported : Dmpu
2024-10-17 07:30:10,866 [WARN] PackLoader:240 - Cannot read IP mode file for STMicroelectronics.X-CUBE-BLEMGR.3.0.0
2024-10-17 07:30:10,887 [WARN] PackLoader:240 - Cannot read IP mode file for STMicroelectronics.X-CUBE-BLEMGR.1.3.0
2024-10-17 07:30:10,905 [WARN] PackLoader:240 - Cannot read IP mode file for RealThread.X-CUBE-RT-Thread_Nano.4.1.1
2024-10-17 07:30:10,917 [WARN] PackLoader:240 - Cannot read IP mode file for STMicroelectronics.FP-ATR-SIGFOX1.3.2.0
2024-10-17 07:30:10,932 [WARN] PackLoader:240 - Cannot read IP mode file for STMicroelectronics.X-CUBE-EEPRMA1.5.1.0
2024-10-17 07:30:10,989 [WARN] PackLoader:240 - Cannot read IP mode file for STMicroelectronics.X-CUBE-MEMS1.9.5.0
2024-10-17 07:30:11,148 [WARN] PackLoader:240 - Cannot read IP mode file for SEGGER.I-CUBE-embOS.1.3.1
2024-10-17 07:30:11,207 [WARN] PackLoader:240 - Cannot read IP mode file for STMicroelectronics.X-CUBE-ALGOBUILD.1.4.0
2024-10-17 07:30:11,220 [WARN] PackLoader:240 - Cannot read IP mode file for STMicroelectronics.X-CUBE-AI.9.1.0
2024-10-17 07:30:11,234 [WARN] PackLoader:240 - Cannot read IP mode file for STMicroelectronics.X-CUBE-GNSS1.6.0.0
2024-10-17 07:30:11,264 [WARN] PackLoader:240 - Cannot read IP mode file for STMicroelectronics.X-CUBE-AZRTOS-F4.1.1.0
2024-10-17 07:30:11,285 [WARN] PackLoader:240 - Cannot read IP mode file for STMicroelectronics.X-CUBE-ISPU.2.1.0
2024-10-17 07:30:11,300 [WARN] PackLoader:240 - Cannot read IP mode file for STMicroelectronics.X-CUBE-FREERTOS.1.2.0
2024-10-17 07:30:11,325 [WARN] PackLoader:240 - Cannot read IP mode file for STMicroelectronics.X-CUBE-AZRTOS-L5.2.0.0
2024-10-17 07:30:11,444 [WARN] PackLoader:240 - Cannot read IP mode file for STMicroelectronics.X-CUBE-MEMS1.9.6.0
2024-10-17 07:30:11,590 [WARN] PackLoader:240 - Cannot read IP mode file for STMicroelectronics.X-CUBE-EEPRMA1.4.2.0
2024-10-17 07:30:11,607 [WARN] PackLoader:240 - Cannot read IP mode file for STMicroelectronics.X-CUBE-NFC6.3.1.0
2024-10-17 07:30:11,623 [WARN] PackLoader:240 - Cannot read IP mode file for ITTIA_DB.I-CUBE-ITTIADB.8.8.0
2024-10-17 07:30:11,639 [WARN] PackLoader:240 - Cannot read IP mode file for emotas.I-CUBE-CANOPEN.1.1.3
2024-10-17 07:30:11,656 [WARN] PackLoader:240 - Cannot read IP mode file for STMicroelectronics.X-CUBE-BLEMGR.2.0.0
2024-10-17 07:30:11,672 [WARN] PackLoader:240 - Cannot read IP mode file for STMicroelectronics.X-CUBE-DPower.1.2.0
2024-10-17 07:30:11,691 [WARN] PackLoader:240 - Cannot read IP mode file for STMicroelectronics.X-CUBE-AI.9.0.0
2024-10-17 07:30:11,721 [WARN] ConditionMgr:438 - getConditionDescription Invalid condition id : UX DEVICE CLASS RTOS Condition cause : null
2024-10-17 07:30:11,721 [WARN] ConditionMgr:438 - getConditionDescription Invalid condition id : UX DEVICE CLASS RTOS Condition cause : null
2024-10-17 07:30:11,724 [WARN] PackLoader:240 - Cannot read IP mode file for STMicroelectronics.X-CUBE-AZRTOS-H7.3.1.0
2024-10-17 07:30:11,725 [WARN] ConditionMgr:1039 - genDependencies : Invalid condition id : UX DEVICE CLASS RTOS Condition cause : null
2024-10-17 07:30:11,725 [WARN] ConditionMgr:1039 - genDependencies : Invalid condition id : UX DEVICE CLASS RTOS Condition cause : null
2024-10-17 07:30:11,725 [WARN] ConditionMgr:1039 - genDependencies : Invalid condition id : UX DEVICE CLASS RTOS Condition cause : null
2024-10-17 07:30:11,725 [WARN] ConditionMgr:1039 - genDependencies : Invalid condition id : UX DEVICE CLASS RTOS Condition cause : null
2024-10-17 07:30:11,726 [WARN] ConditionMgr:1039 - genDependencies : Invalid condition id : UX DEVICE CLASS RTOS Condition cause : null
2024-10-17 07:30:11,739 [WARN] PackLoader:240 - Cannot read IP mode file for wolfSSL.I-CUBE-wolfSSL.5.5.4
2024-10-17 07:30:11,753 [WARN] PackLoader:240 - Cannot read IP mode file for STMicroelectronics.X-CUBE-NFC7.1.0.1
2024-10-17 07:30:11,767 [WARN] PackLoader:240 - Cannot read IP mode file for STMicroelectronics.X-CUBE-NFC7.1.0.0
2024-10-17 07:30:11,780 [WARN] PackLoader:240 - Cannot read IP mode file for wolfSSL.I-CUBE-wolfTPM.3.2.0
2024-10-17 07:30:11,794 [WARN] PackLoader:240 - Cannot read IP mode file for STMicroelectronics.X-CUBE-NFC6.3.0.0
2024-10-17 07:30:11,811 [WARN] PackLoader:240 - Cannot read IP mode file for STMicroelectronics.X-CUBE-EEPRMA1.4.1.0
2024-10-17 07:30:11,827 [WARN] PackLoader:240 - Cannot read IP mode file for STMicroelectronics.X-CUBE-AI.8.1.0
2024-10-17 07:30:11,856 [WARN] ConditionMgr:438 - getConditionDescription Invalid condition id : LAN8742 Phy interface Condition cause : null
2024-10-17 07:30:11,858 [WARN] PackLoader:240 - Cannot read IP mode file for STMicroelectronics.X-CUBE-AZRTOS-L4.2.0.0
2024-10-17 07:30:11,859 [WARN] ConditionMgr:1039 - genDependencies : Invalid condition id : LAN8742 Phy interface Condition cause : null
2024-10-17 07:30:11,859 [WARN] ConditionMgr:1039 - genDependencies : Invalid condition id : LAN8742 Phy interface Condition cause : null
2024-10-17 07:30:11,859 [WARN] ConditionMgr:1039 - genDependencies : Invalid condition id : LAN8742 Phy interface Condition cause : null
2024-10-17 07:30:11,875 [WARN] PackLoader:240 - Cannot read IP mode file for STMicroelectronics.X-CUBE-SFXS2LP1.4.0.0
2024-10-17 07:30:11,905 [WARN] PackLoader:240 - Cannot read IP mode file for STMicroelectronics.X-CUBE-AZRTOS-H7.3.0.0
2024-10-17 07:30:11,920 [WARN] PackLoader:240 - Cannot read IP mode file for STMicroelectronics.X-CUBE-ISPU.1.1.0
2024-10-17 07:30:11,952 [WARN] PackLoader:240 - Cannot read IP mode file for STMicroelectronics.X-CUBE-AZRTOS-H7.3.3.0
2024-10-17 07:30:11,969 [WARN] PackLoader:240 - Cannot read IP mode file for RoweBots.I-CUBE-UNISONRTOS.5.5.0-4
2024-10-17 07:30:11,982 [WARN] PackLoader:240 - Cannot read IP mode file for STMicroelectronics.X-CUBE-AI.8.0.0
2024-10-17 07:30:12,001 [WARN] PackLoader:240 - Cannot read IP mode file for STMicroelectronics.X-CUBE-IPS.3.0.0
2024-10-17 07:30:12,029 [WARN] ConditionMgr:438 - getConditionDescription Invalid condition id : UX DEVICE CLASS RTOS Condition cause : null
2024-10-17 07:30:12,031 [WARN] ConditionMgr:438 - getConditionDescription Invalid condition id : UX DEVICE CLASS RTOS Condition cause : null
2024-10-17 07:30:12,032 [WARN] PackLoader:240 - Cannot read IP mode file for STMicroelectronics.X-CUBE-AZRTOS-WB.2.0.0
2024-10-17 07:30:12,033 [WARN] ConditionMgr:1039 - genDependencies : Invalid condition id : UX DEVICE CLASS RTOS Condition cause : null
2024-10-17 07:30:12,033 [WARN] ConditionMgr:1039 - genDependencies : Invalid condition id : UX DEVICE CLASS RTOS Condition cause : null
2024-10-17 07:30:12,033 [WARN] ConditionMgr:1039 - genDependencies : Invalid condition id : UX DEVICE CLASS RTOS Condition cause : null
2024-10-17 07:30:12,034 [WARN] ConditionMgr:1039 - genDependencies : Invalid condition id : UX DEVICE CLASS RTOS Condition cause : null
2024-10-17 07:30:12,034 [WARN] ConditionMgr:1039 - genDependencies : Invalid condition id : UX DEVICE CLASS RTOS Condition cause : null
2024-10-17 07:30:12,047 [WARN] PackLoader:240 - Cannot read IP mode file for STMicroelectronics.X-CUBE-FREERTOS.1.0.1
2024-10-17 07:30:12,061 [WARN] PackLoader:240 - Cannot read IP mode file for STMicroelectronics.X-CUBE-GNSS1.7.0.0
2024-10-17 07:30:12,076 [WARN] PackLoader:240 - Cannot read IP mode file for STMicroelectronics.FP-SNS-STBOX1.2.0.0
2024-10-17 07:30:12,104 [WARN] PackLoader:240 - Cannot read IP mode file for STMicroelectronics.X-CUBE-AZRTOS-L5.1.1.0
2024-10-17 07:30:12,129 [WARN] PackLoader:240 - Cannot read IP mode file for STMicroelectronics.X-CUBE-SUBG2.5.0.0
2024-10-17 07:30:12,154 [WARN] PackLoader:240 - Cannot read IP mode file for STMicroelectronics.X-CUBE-TOF1.3.3.1
2024-10-17 07:30:12,190 [WARN] PackLoader:240 - Cannot read IP mode file for STMicroelectronics.X-CUBE-AZRTOS-G4.2.0.0
2024-10-17 07:30:12,205 [WARN] PackLoader:240 - Cannot read IP mode file for STMicroelectronics.FP-ATR-ASTRA1.1.1.1
2024-10-17 07:30:12,234 [WARN] PackLoader:240 - Cannot read IP mode file for Infineon.AIROC-Wi-Fi-Bluetooth-STM32.1.5.1
2024-10-17 07:30:12,248 [WARN] PackLoader:240 - Cannot read IP mode file for STMicroelectronics.FP-SNS-MOTENVWB1.1.3.0
2024-10-17 07:30:12,261 [WARN] PackLoader:240 - Cannot read IP mode file for STMicroelectronics.FP-SNS-MOTENVWB1.1.3.1
2024-10-17 07:30:12,286 [WARN] PackLoader:240 - Cannot read IP mode file for STMicroelectronics.X-CUBE-AZRTOS-G4.1.0.0
2024-10-17 07:30:12,312 [WARN] PackLoader:240 - Cannot read IP mode file for STMicroelectronics.X-CUBE-AZRTOS-L4.1.0.0
2024-10-17 07:30:12,327 [WARN] PackLoader:240 - Cannot read IP mode file for STMicroelectronics.X-CUBE-ISPU.2.0.0
2024-10-17 07:30:12,339 [WARN] PackLoader:240 - Cannot read IP mode file for STMicroelectronics.X-CUBE-ALS.1.0.2
2024-10-17 07:30:12,390 [WARN] PackLoader:240 - Cannot read IP mode file for STMicroelectronics.X-CUBE-MEMS1.10.0.0
2024-10-17 07:30:12,499 [WARN] PackLoader:240 - Cannot read IP mode file for STMicroelectronics.X-CUBE-FREERTOS.1.1.0
2024-10-17 07:30:12,512 [WARN] PackLoader:240 - Cannot read IP mode file for STMicroelectronics.X-CUBE-TOUCHGFX.4.24.0
2024-10-17 07:30:12,533 [WARN] PackLoader:240 - Cannot read IP mode file for STMicroelectronics.X-CUBE-AZRTOS-WL.1.0.0
2024-10-17 07:30:12,546 [WARN] PackLoader:240 - Cannot read IP mode file for STMicroelectronics.X-CUBE-TOUCHGFX.4.24.1
2024-10-17 07:30:12,563 [WARN] PackLoader:240 - Cannot read IP mode file for portGmbH.I-Cube-SoM-uGOAL.1.1.0
2024-10-17 07:30:12,574 [WARN] PackLoader:240 - Cannot read IP mode file for STMicroelectronics.X-CUBE-ALS.1.0.1
2024-10-17 07:30:12,595 [WARN] PackLoader:240 - Cannot read IP mode file for STMicroelectronics.X-CUBE-AZRTOS-WB.1.1.0
2024-10-17 07:30:12,624 [WARN] PackLoader:240 - Cannot read IP mode file for STMicroelectronics.X-CUBE-AZRTOS-H7RS.1.0.0
2024-10-17 07:30:12,636 [WARN] PackLoader:240 - Cannot read IP mode file for STMicroelectronics.FP-ATR-ASTRA1.2.0.0
2024-10-17 07:30:12,655 [WARN] PackLoader:240 - Cannot read IP mode file for STMicroelectronics.X-CUBE-TOF1.3.4.2
2024-10-17 07:30:12,678 [WARN] PackLoader:240 - Cannot read IP mode file for STMicroelectronics.X-CUBE-TOF1.3.4.0
2024-10-17 07:30:12,703 [WARN] PackLoader:240 - Cannot read IP mode file for STMicroelectronics.X-CUBE-TOF1.3.4.1
2024-10-17 07:30:12,745 [WARN] PackLoader:240 - Cannot read IP mode file for STMicroelectronics.X-CUBE-AZRTOS-H7.3.2.0
2024-10-17 07:30:12,758 [WARN] PackLoader:240 - Cannot read IP mode file for wolfSSL.I-CUBE-wolfSSH.1.4.17
2024-10-17 07:30:12,759 [INFO] ThirdParty:978 - Integrity check success = true
2024-10-17 07:30:12,759 [INFO] IntegrityCheckThread:100 - exiting critical section [integrity check]
2024-10-17 07:30:12,759 [INFO] IntegrityCheckThread:103 - End integrity checks thread
2024-10-17 07:30:14,695 [INFO] WebApp:167 - Instantiating new browser for Auth
2024-10-17 07:30:15,738 [INFO] WebApp:448 - Apply proxy settings
2024-10-17 07:30:15,745 [INFO] WebApp:533 - Chromium requires no authentication
2024-10-17 07:30:15,760 [INFO] WebApp:476 - Direct internet connection detected
2024-10-17 07:30:15,805 [INFO] WebApp:869 - Register for checkConnection events
2024-10-17 07:30:15,805 [INFO] WebApp:448 - Apply proxy settings
2024-10-17 07:30:15,806 [INFO] WebApp:533 - Chromium requires no authentication
2024-10-17 07:30:15,806 [INFO] WebApp:476 - Direct internet connection detected
2024-10-17 07:30:16,052 [INFO] WebApp:220 - Starting web application
2024-10-17 07:30:16,052 [INFO] WebApp:578 - Web application path used C:\ST\STM32CubeIDE_1.11.2\STM32CubeIDE\plugins\com.st.stm32cube.common.mx_6.12.0.202406281431\db\plugins\mcufinder\reactClient1\index.html
2024-10-17 07:30:16,287 [INFO] WebApp:186 - Connection restablished
2024-10-17 14:17:25,048 [INFO] WebApp:189 - Connection lost
2024-10-17 14:17:34,396 [INFO] WebApp:186 - Connection restablished
2024-10-17 14:24:47,773 [ERROR] LogOutputStream:75 - [STDERR_REDIRECT] 
