2024-11-14 12:50:32,657 [INFO] Activator:176 - 


2024-11-14 12:50:32,666 [INFO] Activator:177 - !SESSION log4j initialized
2024-11-14 12:50:38,674 [INFO] LogOutputStream:77 - [STDOUT_REDIRECT] 
2024-11-14 12:50:41,811 [INFO] ApplicationProperties:184 - Using Application install path: C:\ST\STM32CubeIDE_1.11.2\STM32CubeIDE\plugins\com.st.stm32cube.common.mx_6.12.0.202406281431
2024-11-14 12:50:41,832 [INFO] DbMcusXml:78 - Set database path to: C:\ST\STM32CubeIDE_1.11.2\STM32CubeIDE\plugins\com.st.stm32cube.common.mx_6.12.0.202406281431\\db\/mcu/
2024-11-14 12:50:41,832 [INFO] ApiDb:274 - Set plugin database path to: C:\ST\STM32CubeIDE_1.11.2\STM32CubeIDE\plugins\com.st.stm32cube.common.mx_6.12.0.202406281431\\db\/plugins/boardmanager/
2024-11-14 12:50:41,833 [WARN] ApiDb:259 - Overriding images path with different value:  => C:\ST\STM32CubeIDE_1.11.2\STM32CubeIDE\plugins\com.st.stm32cube.common.mx_6.12.0.202406281431\\db\/plugins/mcufinder/images/
2024-11-14 12:50:41,848 [INFO] ApiDb:250 - Set database path to: C:\Users\erkan\.stmcufinder\plugins\mcufinder//mcu/
2024-11-14 12:50:41,850 [INFO] DbMcusAds:125 - Set database path to: C:\Users\erkan\.stmcufinder\plugins\mcufinder//mcu/
2024-11-14 12:50:41,853 [INFO] CrossReferenceDbSqlite:203 - Set database path to: C:\Users\erkan\.stmcufinder\plugins\mcufinder//mcu/cs/
2024-11-14 12:50:41,972 [INFO] RulesReader:64 - Compatibility file has been processed (297 Rules)
2024-11-14 12:50:42,060 [INFO] DbMcusXml:78 - Set database path to: C:\ST\STM32CubeIDE_1.11.2\STM32CubeIDE\plugins\com.st.stm32cube.common.mx_6.12.0.202406281431\\db\/mcu/
2024-11-14 12:50:42,060 [INFO] ApiDb:274 - Set plugin database path to: C:\ST\STM32CubeIDE_1.11.2\STM32CubeIDE\plugins\com.st.stm32cube.common.mx_6.12.0.202406281431\\db\/plugins/boardmanager/
2024-11-14 12:50:42,060 [INFO] ApiDb:261 - Set plugin images path to: C:\ST\STM32CubeIDE_1.11.2\STM32CubeIDE\plugins\com.st.stm32cube.common.mx_6.12.0.202406281431\\db\/plugins/mcufinder/images/
2024-11-14 12:50:42,060 [WARN] DbFile:41 - Overriding database path with different value: C:\Users\erkan\.stmcufinder\plugins\mcufinder/ => C:\Users\erkan\.stmcufinder\plugins\mcufinder
2024-11-14 12:50:42,060 [INFO] ApiDb:250 - Set database path to: C:\Users\erkan\.stmcufinder\plugins\mcufinder//mcu/
2024-11-14 12:50:42,060 [WARN] DbFile:41 - Overriding database path with different value: C:\Users\erkan\.stmcufinder\plugins\mcufinder/ => C:\Users\erkan\.stmcufinder\plugins\mcufinder
2024-11-14 12:50:42,060 [INFO] DbMcusAds:125 - Set database path to: C:\Users\erkan\.stmcufinder\plugins\mcufinder//mcu/
2024-11-14 12:50:42,060 [WARN] DbFile:41 - Overriding database path with different value: C:\Users\erkan\.stmcufinder\plugins\mcufinder/ => C:\Users\erkan\.stmcufinder\plugins\mcufinder
2024-11-14 12:50:42,061 [WARN] DbFile:41 - Overriding database path with different value: C:\Users\erkan\.stmcufinder\plugins\mcufinder/ => C:\Users\erkan\.stmcufinder\plugins\mcufinder
2024-11-14 12:50:42,061 [INFO] CrossReferenceDbSqlite:203 - Set database path to: C:\Users\erkan\.stmcufinder\plugins\mcufinder//mcu/cs/
2024-11-14 12:50:42,151 [INFO] MainPanel:268 - HeapMemory: 268435456
2024-11-14 12:50:42,259 [INFO] DbMcusXml:78 - Set database path to: C:\ST\STM32CubeIDE_1.11.2\STM32CubeIDE\plugins\com.st.stm32cube.common.mx_6.12.0.202406281431\\db\/mcu/
2024-11-14 12:50:42,259 [INFO] ApiDb:274 - Set plugin database path to: C:\ST\STM32CubeIDE_1.11.2\STM32CubeIDE\plugins\com.st.stm32cube.common.mx_6.12.0.202406281431\\db\/plugins/boardmanager/
2024-11-14 12:50:42,259 [INFO] ApiDb:261 - Set plugin images path to: C:\ST\STM32CubeIDE_1.11.2\STM32CubeIDE\plugins\com.st.stm32cube.common.mx_6.12.0.202406281431\\db\/plugins/mcufinder/images/
2024-11-14 12:50:42,260 [WARN] DbFile:41 - Overriding database path with different value: C:\Users\erkan\.stmcufinder\plugins\mcufinder/ => C:\Users\erkan\.stmcufinder\plugins\mcufinder
2024-11-14 12:50:42,260 [INFO] ApiDb:250 - Set database path to: C:\Users\erkan\.stmcufinder\plugins\mcufinder//mcu/
2024-11-14 12:50:42,260 [WARN] DbFile:41 - Overriding database path with different value: C:\Users\erkan\.stmcufinder\plugins\mcufinder/ => C:\Users\erkan\.stmcufinder\plugins\mcufinder
2024-11-14 12:50:42,260 [INFO] DbMcusAds:125 - Set database path to: C:\Users\erkan\.stmcufinder\plugins\mcufinder//mcu/
2024-11-14 12:50:42,260 [WARN] DbFile:41 - Overriding database path with different value: C:\Users\erkan\.stmcufinder\plugins\mcufinder/ => C:\Users\erkan\.stmcufinder\plugins\mcufinder
2024-11-14 12:50:42,260 [WARN] DbFile:41 - Overriding database path with different value: C:\Users\erkan\.stmcufinder\plugins\mcufinder/ => C:\Users\erkan\.stmcufinder\plugins\mcufinder
2024-11-14 12:50:42,260 [INFO] CrossReferenceDbSqlite:203 - Set database path to: C:\Users\erkan\.stmcufinder\plugins\mcufinder//mcu/cs/
2024-11-14 12:50:42,279 [INFO] ApplicationProperties:184 - Using Application install path: C:\ST\STM32CubeIDE_1.11.2\STM32CubeIDE\plugins\com.st.stm32cube.common.mx_6.12.0.202406281431
2024-11-14 12:50:42,281 [INFO] PluginManage:196 - Search for loadable plugins [exclusion list=, ]
2024-11-14 12:50:42,282 [INFO] PluginManage:310 - Check plugin analytics
2024-11-14 12:50:42,450 [INFO] AnalyticsPlugin:253 - Accepted Software Licenses: STM32CubeMX.6.9.2
2024-11-14 12:50:42,450 [INFO] AnalyticsPlugin:255 - Accepted CMSIS Pack Licenses: 
2024-11-14 12:50:42,450 [INFO] AnalyticsPlugin:257 - Accepted Firmware Licenses: FW.F4.1.28.0
2024-11-14 12:50:42,452 [INFO] PluginManage:359 - Loaded plugin analytics (category:tool,tabindex:-1)
2024-11-14 12:50:42,453 [INFO] PluginManage:310 - Check plugin cadmodel
2024-11-14 12:50:42,470 [INFO] CADModel:105 - Init CAD model plugin
2024-11-14 12:50:42,470 [INFO] PluginManage:359 - Loaded plugin cadmodel (category:power,tabindex:5)
2024-11-14 12:50:42,470 [INFO] PluginManage:310 - Check plugin clock
2024-11-14 12:50:42,491 [INFO] PluginManage:359 - Loaded plugin clock (category:base,tabindex:2)
2024-11-14 12:50:42,491 [INFO] PluginManage:310 - Check plugin ddr
2024-11-14 12:50:42,494 [INFO] PluginManage:359 - Loaded plugin ddr (category:tool,tabindex:6)
2024-11-14 12:50:42,494 [INFO] PluginManage:310 - Check plugin filemanager
2024-11-14 12:50:42,641 [INFO] PluginManage:359 - Loaded plugin filemanager (category:base,tabindex:10)
2024-11-14 12:50:42,641 [INFO] PluginManage:310 - Check plugin ipmanager
2024-11-14 12:50:42,650 [INFO] PluginManage:359 - Loaded plugin ipmanager (category:base,tabindex:5)
2024-11-14 12:50:42,650 [INFO] PluginManage:310 - Check plugin lpbam
2024-11-14 12:50:42,669 [INFO] PluginManage:359 - Loaded plugin lpbam (category:base,tabindex:0)
2024-11-14 12:50:42,669 [INFO] PluginManage:310 - Check plugin memorymap
2024-11-14 12:50:42,694 [INFO] PluginManage:359 - Loaded plugin memorymap (category:base,tabindex:4)
2024-11-14 12:50:42,694 [INFO] PluginManage:310 - Check plugin pinoutandconfiguration
2024-11-14 12:50:42,712 [INFO] PluginManage:359 - Loaded plugin pinoutandconfiguration (category:base,tabindex:1)
2024-11-14 12:50:42,713 [INFO] PluginManage:310 - Check plugin pinoutconfig
2024-11-14 12:50:42,802 [WARN] SupportedApi:132 - Cannot load RTOS API schema: s4s-elt-must-match.1: The content of 'definitions' must match (annotation?, (simpleType | complexType)?, (unique | key | keyref)*)). A problem was found starting at: attribute.
2024-11-14 12:50:42,923 [INFO] PluginManage:359 - Loaded plugin pinoutconfig (category:base,tabindex:0)
2024-11-14 12:50:42,923 [INFO] PluginManage:310 - Check plugin power
2024-11-14 12:50:42,945 [INFO] PluginManage:359 - Loaded plugin power (category:power,tabindex:4)
2024-11-14 12:50:42,945 [INFO] PluginManage:310 - Check plugin projectmanager
2024-11-14 12:50:42,960 [INFO] PluginManage:359 - Loaded plugin projectmanager (category:projectmanager,tabindex:4)
2024-11-14 12:50:42,960 [INFO] PluginManage:310 - Check plugin rif
2024-11-14 12:50:42,975 [INFO] PluginManage:359 - Loaded plugin rif (category:base,tabindex:3)
2024-11-14 12:50:42,976 [INFO] PluginManage:310 - Check plugin thirdparty
2024-11-14 12:50:43,252 [INFO] PluginManage:359 - Loaded plugin thirdparty (category:base,tabindex:-1)
2024-11-14 12:50:43,252 [WARN] IntegrityCheckThread:84 - waiting for thirdparty lock release [integrity check]
2024-11-14 12:50:43,253 [INFO] IntegrityCheckThread:86 - entering critical section [integrity check]
2024-11-14 12:50:43,253 [INFO] PluginManage:310 - Check plugin tools
2024-11-14 12:50:43,253 [INFO] ThirdPartyUpdaterWithRetryManager:70 - Updater plugin not ready yet. [1/15]
2024-11-14 12:50:43,287 [INFO] PluginManage:359 - Loaded plugin tools (category:base,tabindex:7)
2024-11-14 12:50:43,287 [INFO] PluginManage:310 - Check plugin tutovideos
2024-11-14 12:50:43,475 [INFO] PluginManage:359 - Loaded plugin tutovideos (category:base,tabindex:-1)
2024-11-14 12:50:43,475 [INFO] PluginManage:310 - Check plugin updater
2024-11-14 12:50:43,490 [INFO] PluginManage:359 - Loaded plugin updater (category:base,tabindex:12)
2024-11-14 12:50:43,490 [INFO] PluginManage:310 - Check plugin userauth
2024-11-14 12:50:43,495 [INFO] UserAuth:113 - Init User Auth plugin
2024-11-14 12:50:43,495 [INFO] PluginManage:359 - Loaded plugin userauth (category:base,tabindex:14)
2024-11-14 12:50:43,496 [INFO] PluginManage:283 - PluginManage : Loaded plugins [18]
2024-11-14 12:50:43,707 [INFO] PinOutPanel:1561 - setPackage(No Configuration,No Configuration)
2024-11-14 12:50:43,816 [INFO] CADModel:165 - CPN selected for project level
2024-11-14 12:50:43,817 [INFO] CADModel:114 - Register for checkConnection events
2024-11-14 12:50:43,843 [INFO] IPUIPlugin:80 - create IPUIPlugin
2024-11-14 12:50:43,844 [INFO] PluginManager:220 - loadIPPluginJar : add adc
2024-11-14 12:50:43,883 [INFO] IPUIPlugin:80 - create IPUIPlugin
2024-11-14 12:50:43,883 [INFO] PluginManager:220 - loadIPPluginJar : add aes
2024-11-14 12:50:43,926 [INFO] IPUIPlugin:80 - create IPUIPlugin
2024-11-14 12:50:43,926 [INFO] PluginManager:220 - loadIPPluginJar : add can
2024-11-14 12:50:43,948 [INFO] IPUIPlugin:80 - create IPUIPlugin
2024-11-14 12:50:43,948 [INFO] PluginManager:220 - loadIPPluginJar : add comp
2024-11-14 12:50:43,980 [INFO] IPUIPlugin:80 - create IPUIPlugin
2024-11-14 12:50:43,980 [INFO] PluginManager:220 - loadIPPluginJar : add cryp
2024-11-14 12:50:43,992 [INFO] IPUIPlugin:80 - create IPUIPlugin
2024-11-14 12:50:43,992 [INFO] PluginManager:220 - loadIPPluginJar : add ddr_ctrl_phy
2024-11-14 12:50:44,020 [INFO] IPUIPlugin:80 - create IPUIPlugin
2024-11-14 12:50:44,021 [INFO] PluginManager:220 - loadIPPluginJar : add dfsdm
2024-11-14 12:50:44,034 [INFO] IPUIPlugin:80 - create IPUIPlugin
2024-11-14 12:50:44,034 [INFO] PluginManager:220 - loadIPPluginJar : add dma
2024-11-14 12:50:44,080 [INFO] IPUIPlugin:80 - create IPUIPlugin
2024-11-14 12:50:44,080 [INFO] PluginManager:220 - loadIPPluginJar : add dma3
2024-11-14 12:50:44,124 [INFO] IPUIPlugin:80 - create IPUIPlugin
2024-11-14 12:50:44,124 [INFO] PluginManager:220 - loadIPPluginJar : add extmemmanager
2024-11-14 12:50:44,145 [INFO] IPUIPlugin:80 - create IPUIPlugin
2024-11-14 12:50:44,146 [INFO] PluginManager:220 - loadIPPluginJar : add fatfs
2024-11-14 12:50:44,192 [INFO] IPUIPlugin:80 - create IPUIPlugin
2024-11-14 12:50:44,192 [INFO] PluginManager:220 - loadIPPluginJar : add fmc
2024-11-14 12:50:44,207 [INFO] IPUIPlugin:80 - create IPUIPlugin
2024-11-14 12:50:44,207 [INFO] PluginManager:220 - loadIPPluginJar : add freertos
2024-11-14 12:50:44,228 [INFO] IPUIPlugin:80 - create IPUIPlugin
2024-11-14 12:50:44,228 [INFO] PluginManager:220 - loadIPPluginJar : add genericplugin
2024-11-14 12:50:44,323 [INFO] IPUIPlugin:80 - create IPUIPlugin
2024-11-14 12:50:44,323 [INFO] PluginManager:220 - loadIPPluginJar : add gfxmmu
2024-11-14 12:50:44,452 [INFO] IPUIPlugin:80 - create IPUIPlugin
2024-11-14 12:50:44,452 [INFO] PluginManager:220 - loadIPPluginJar : add gic
2024-11-14 12:50:44,465 [INFO] IPUIPlugin:80 - create IPUIPlugin
2024-11-14 12:50:44,466 [INFO] PluginManager:220 - loadIPPluginJar : add gpio
2024-11-14 12:50:44,562 [INFO] IPUIPlugin:80 - create IPUIPlugin
2024-11-14 12:50:44,562 [INFO] PluginManager:220 - loadIPPluginJar : add gtzc
2024-11-14 12:50:44,594 [INFO] IPUIPlugin:80 - create IPUIPlugin
2024-11-14 12:50:44,595 [INFO] PluginManager:220 - loadIPPluginJar : add hash
2024-11-14 12:50:44,647 [INFO] IPUIPlugin:80 - create IPUIPlugin
2024-11-14 12:50:44,647 [INFO] PluginManager:220 - loadIPPluginJar : add i2c
2024-11-14 12:50:44,685 [INFO] IPUIPlugin:80 - create IPUIPlugin
2024-11-14 12:50:44,685 [INFO] PluginManager:220 - loadIPPluginJar : add i2s
2024-11-14 12:50:44,726 [INFO] IPUIPlugin:80 - create IPUIPlugin
2024-11-14 12:50:44,727 [INFO] PluginManager:220 - loadIPPluginJar : add i3c
2024-11-14 12:50:44,830 [INFO] IPUIPlugin:80 - create IPUIPlugin
2024-11-14 12:50:44,830 [INFO] PluginManager:220 - loadIPPluginJar : add ipddr
2024-11-14 12:50:44,920 [INFO] IPUIPlugin:80 - create IPUIPlugin
2024-11-14 12:50:44,920 [INFO] PluginManager:220 - loadIPPluginJar : add linkedlist
2024-11-14 12:50:44,955 [INFO] IPUIPlugin:80 - create IPUIPlugin
2024-11-14 12:50:44,955 [INFO] PluginManager:220 - loadIPPluginJar : add lorawan
2024-11-14 12:50:44,991 [INFO] IPUIPlugin:80 - create IPUIPlugin
2024-11-14 12:50:44,991 [INFO] PluginManager:220 - loadIPPluginJar : add ltdc
2024-11-14 12:50:45,003 [INFO] IPUIPlugin:80 - create IPUIPlugin
2024-11-14 12:50:45,003 [INFO] PluginManager:220 - loadIPPluginJar : add mdma
2024-11-14 12:50:45,015 [INFO] IPUIPlugin:80 - create IPUIPlugin
2024-11-14 12:50:45,015 [INFO] PluginManager:220 - loadIPPluginJar : add nvic
2024-11-14 12:50:45,051 [INFO] IPUIPlugin:80 - create IPUIPlugin
2024-11-14 12:50:45,051 [INFO] PluginManager:220 - loadIPPluginJar : add opamp
2024-11-14 12:50:45,110 [INFO] IPUIPlugin:80 - create IPUIPlugin
2024-11-14 12:50:45,110 [INFO] PluginManager:220 - loadIPPluginJar : add openamp
2024-11-14 12:50:45,151 [INFO] IPUIPlugin:80 - create IPUIPlugin
2024-11-14 12:50:45,151 [INFO] PluginManager:220 - loadIPPluginJar : add pdm2pcm
2024-11-14 12:50:45,165 [INFO] IPUIPlugin:80 - create IPUIPlugin
2024-11-14 12:50:45,168 [INFO] PluginManager:220 - loadIPPluginJar : add plateformsettings
2024-11-14 12:50:45,190 [INFO] IPUIPlugin:80 - create IPUIPlugin
2024-11-14 12:50:45,190 [INFO] PluginManager:220 - loadIPPluginJar : add quadspi
2024-11-14 12:50:45,218 [INFO] IPUIPlugin:80 - create IPUIPlugin
2024-11-14 12:50:45,219 [INFO] PluginManager:220 - loadIPPluginJar : add radio
2024-11-14 12:50:45,232 [INFO] IPUIPlugin:80 - create IPUIPlugin
2024-11-14 12:50:45,232 [INFO] PluginManager:220 - loadIPPluginJar : add resmgrutility
2024-11-14 12:50:45,279 [INFO] IPUIPlugin:80 - create IPUIPlugin
2024-11-14 12:50:45,279 [INFO] PluginManager:220 - loadIPPluginJar : add sai
2024-11-14 12:50:45,315 [INFO] IPUIPlugin:80 - create IPUIPlugin
2024-11-14 12:50:45,315 [INFO] PluginManager:220 - loadIPPluginJar : add spi
2024-11-14 12:50:45,385 [INFO] IPUIPlugin:80 - create IPUIPlugin
2024-11-14 12:50:45,385 [INFO] PluginManager:220 - loadIPPluginJar : add stm32_wpan
2024-11-14 12:50:45,409 [INFO] IPUIPlugin:80 - create IPUIPlugin
2024-11-14 12:50:45,410 [INFO] PluginManager:220 - loadIPPluginJar : add tim
2024-11-14 12:50:45,467 [INFO] IPUIPlugin:80 - create IPUIPlugin
2024-11-14 12:50:45,468 [INFO] PluginManager:220 - loadIPPluginJar : add touchsensing
2024-11-14 12:50:45,489 [INFO] IPUIPlugin:80 - create IPUIPlugin
2024-11-14 12:50:45,489 [INFO] PluginManager:220 - loadIPPluginJar : add tracer_emb
2024-11-14 12:50:45,512 [INFO] IPUIPlugin:80 - create IPUIPlugin
2024-11-14 12:50:45,512 [INFO] PluginManager:220 - loadIPPluginJar : add ts
2024-11-14 12:50:45,533 [INFO] IPUIPlugin:80 - create IPUIPlugin
2024-11-14 12:50:45,533 [INFO] PluginManager:220 - loadIPPluginJar : add tsc
2024-11-14 12:50:45,554 [INFO] IPUIPlugin:80 - create IPUIPlugin
2024-11-14 12:50:45,555 [INFO] PluginManager:220 - loadIPPluginJar : add ucpd
2024-11-14 12:50:45,598 [INFO] IPUIPlugin:80 - create IPUIPlugin
2024-11-14 12:50:45,598 [INFO] PluginManager:220 - loadIPPluginJar : add usart
2024-11-14 12:50:45,639 [INFO] IPUIPlugin:80 - create IPUIPlugin
2024-11-14 12:50:45,639 [INFO] PluginManager:220 - loadIPPluginJar : add usbx
2024-11-14 12:50:45,769 [INFO] CADModel:165 - CPN selected for project level
2024-11-14 12:50:45,769 [INFO] CADModel:114 - Register for checkConnection events
2024-11-14 12:50:45,769 [FATAL] Updater:334 - Updater called before beeing initialized
2024-11-14 12:50:45,769 [ERROR] CADModel:125 - Updater not yet initialized, retry later 
2024-11-14 12:50:45,899 [INFO] CADModel:165 - CPN selected for project level
2024-11-14 12:50:45,899 [INFO] CADModel:114 - Register for checkConnection events
2024-11-14 12:50:45,899 [FATAL] Updater:334 - Updater called before beeing initialized
2024-11-14 12:50:45,899 [ERROR] CADModel:125 - Updater not yet initialized, retry later 
2024-11-14 12:50:45,902 [FATAL] Updater:334 - Updater called before beeing initialized
2024-11-14 12:50:46,024 [FATAL] Updater:334 - Updater called before beeing initialized
2024-11-14 12:50:46,033 [INFO] DbMcusAds:53 - JSON generation date=Fri Sep 20 16:04:38 TRT 2024 (1726837478367)
2024-11-14 12:50:46,034 [FATAL] Updater:334 - Updater called before beeing initialized
2024-11-14 12:50:46,075 [WARN] DetailPanel:346 - Failed to get advertising image, set to default
2024-11-14 12:50:46,162 [FATAL] Updater:334 - Updater called before beeing initialized
2024-11-14 12:50:46,165 [FATAL] Updater:334 - Updater called before beeing initialized
2024-11-14 12:50:46,165 [FATAL] Updater:334 - Updater called before beeing initialized
2024-11-14 12:50:46,165 [WARN] DetailPanel:346 - Failed to get advertising image, set to default
2024-11-14 12:50:46,166 [FATAL] Updater:334 - Updater called before beeing initialized
2024-11-14 12:50:46,229 [ERROR] Updater:1164 - MainUpdater not yet initialized. External WinMGr cannot be set.
2024-11-14 12:50:46,240 [INFO] Updater:1100 - Updater Version found : 6.12.0
2024-11-14 12:50:46,254 [INFO] ThirdPartyUpdaterWithRetryManager:70 - Updater plugin not ready yet. [2/15]
2024-11-14 12:50:46,255 [INFO] ApplicationProperties:184 - Using Application install path: C:\ST\STM32CubeIDE_1.11.2\STM32CubeIDE\plugins\com.st.stm32cube.common.mx_6.12.0.202406281431
2024-11-14 12:50:46,712 [INFO] MainUpdater:2873 - connection check result : 10
2024-11-14 12:50:46,713 [INFO] MainUpdater:290 - Updater Check For Update Now.
2024-11-14 12:50:46,713 [INFO] MicroXplorer:498 - Change Database Version : DB.6.0.120
2024-11-14 12:50:46,727 [INFO] McuFinderGlobals:63 - Set McuFinder mode to 2 (CubeIDE integrated)
2024-11-14 12:50:46,727 [INFO] UserAuth:179 - activating auth plugin
2024-11-14 12:50:46,731 [INFO] UserAuth:417 - Internet connection configuration mode: 1
2024-11-14 12:50:46,760 [INFO] JxBrowserEngine:152 - Initiate JxBrowser Engine with user profile folder
2024-11-14 12:50:46,965 [INFO] CheckServerUpdateThread:120 - End of CheckServer Thread
2024-11-14 12:50:49,590 [WARN] PackLoader:240 - Cannot read IP mode file for STMicroelectronics.FP-SNS-MOTENVWB1.1.4.0
2024-11-14 12:50:49,615 [WARN] PackLoader:240 - Cannot read IP mode file for STMicroelectronics.FP-ATR-ASTRA1.2.0.1
2024-11-14 12:50:49,639 [WARN] PackLoader:240 - Cannot read IP mode file for STMicroelectronics.X-CUBE-SMBUS.2.1.0
2024-11-14 12:50:49,670 [WARN] PackLoader:240 - Cannot read IP mode file for STMicroelectronics.X-CUBE-WB05N.1.1.0
2024-11-14 12:50:49,696 [WARN] PackLoader:240 - Cannot read IP mode file for STMicroelectronics.X-CUBE-TOUCHGFX.4.23.0
2024-11-14 12:50:49,715 [WARN] PackLoader:240 - Cannot read IP mode file for STMicroelectronics.X-CUBE-TOUCHGFX.4.23.2
2024-11-14 12:50:49,769 [WARN] PackLoader:240 - Cannot read IP mode file for STMicroelectronics.X-CUBE-AZRTOS-F7.1.1.0
2024-11-14 12:50:49,799 [WARN] PackLoader:240 - Cannot read IP mode file for STMicroelectronics.FP-SNS-MOTENV1.4.3.2
2024-11-14 12:50:49,894 [WARN] PackLoader:240 - Cannot read IP mode file for STMicroelectronics.X-CUBE-MEMS1.11.0.0
2024-11-14 12:50:50,056 [WARN] PackLoader:240 - Cannot read IP mode file for STMicroelectronics.X-CUBE-BLE1.6.2.4
2024-11-14 12:50:50,087 [WARN] PackLoader:240 - Cannot read IP mode file for STMicroelectronics.FP-SNS-FLIGHT1.5.0.2
2024-11-14 12:50:50,116 [WARN] PackLoader:240 - Cannot read IP mode file for STMicroelectronics.X-CUBE-DISPLAY.3.0.0
2024-11-14 12:50:50,137 [WARN] PackLoader:240 - Cannot read IP mode file for STMicroelectronics.X-CUBE-BLE1.7.0.0
2024-11-14 12:50:50,157 [WARN] PackLoader:240 - Cannot read IP mode file for STMicroelectronics.X-CUBE-NFC10.1.0.0
2024-11-14 12:50:50,178 [WARN] PackLoader:240 - Cannot read IP mode file for STMicroelectronics.X-CUBE-TOUCHGFX.4.22.0
2024-11-14 12:50:50,197 [WARN] PackLoader:240 - Cannot read IP mode file for STMicroelectronics.X-CUBE-TOUCHGFX.4.22.1
2024-11-14 12:50:50,219 [WARN] PackLoader:240 - Cannot read IP mode file for STMicroelectronics.X-CUBE-BLEMGR.3.1.0
2024-11-14 12:50:50,240 [WARN] PackLoader:240 - Cannot read IP mode file for STMicroelectronics.FP-SNS-SMARTAG2.1.2.0
2024-11-14 12:50:50,267 [INFO] LogOutputStream:77 - [STDOUT_REDIRECT] 1 : Invalid condition id : UX_CORESTACK_Condition cause : null
2024-11-14 12:50:50,268 [INFO] LogOutputStream:77 - [STDOUT_REDIRECT] 1 : Invalid condition id : UX_CORESTACK_Condition cause : null
2024-11-14 12:50:50,270 [INFO] LogOutputStream:77 - [STDOUT_REDIRECT] 1 : Invalid condition id : UX_CORESTACK_Condition cause : null
2024-11-14 12:50:50,272 [INFO] LogOutputStream:77 - [STDOUT_REDIRECT] 1 : Invalid condition id : UX_CORESTACK_Condition cause : null
2024-11-14 12:50:50,273 [INFO] LogOutputStream:77 - [STDOUT_REDIRECT] 1 : Invalid condition id : UX_CORESTACK_Condition cause : null
2024-11-14 12:50:50,277 [WARN] PackLoader:240 - Cannot read IP mode file for STMicroelectronics.X-CUBE-AZRTOS-WL.2.0.0
2024-11-14 12:50:50,298 [WARN] PackLoader:240 - Cannot read IP mode file for STMicroelectronics.FP-SNS-MOTENV1.5.0.0
2024-11-14 12:50:50,317 [WARN] PackLoader:240 - Cannot read IP mode file for wolfSSL.I-CUBE-wolfMQTT.1.19.0
2024-11-14 12:50:50,338 [WARN] PackLoader:240 - Cannot read IP mode file for WES.I-CUBE-Cesium.1.3.0
2024-11-14 12:50:50,360 [WARN] PackLoader:240 - Cannot read IP mode file for STMicroelectronics.X-CUBE-BLE2.3.3.0
2024-11-14 12:50:50,395 [WARN] PackLoader:240 - Cannot read IP mode file for STMicroelectronics.X-CUBE-TOF1.3.2.0
2024-11-14 12:50:50,423 [WARN] PackLoader:240 - Cannot read IP mode file for STMicroelectronics.X-CUBE-NFC9.1.0.0
2024-11-14 12:50:50,447 [WARN] PackLoader:240 - Cannot read IP mode file for STMicroelectronics.X-CUBE-TCPP.4.1.0
2024-11-14 12:50:50,470 [WARN] PackLoader:240 - Cannot read IP mode file for STMicroelectronics.X-CUBE-TOUCHGFX.4.21.1
2024-11-14 12:50:50,489 [WARN] PackLoader:240 - Cannot read IP mode file for STMicroelectronics.X-CUBE-AI.7.3.0
2024-11-14 12:50:50,508 [WARN] PackLoader:240 - Cannot read IP mode file for STMicroelectronics.X-CUBE-ALGOBUILD.1.3.0
2024-11-14 12:50:50,543 [WARN] PackLoader:240 - Cannot read IP mode file for STMicroelectronics.X-CUBE-AZRTOS-G0.1.1.0
2024-11-14 12:50:50,564 [WARN] PackLoader:240 - Cannot read IP mode file for STMicroelectronics.X-CUBE-SAFEA1.1.2.2
2024-11-14 12:50:50,584 [WARN] PackLoader:240 - Cannot read IP mode file for STMicroelectronics.X-CUBE-NFC4.3.0.0
2024-11-14 12:50:50,598 [WARN] PackLoader:240 - Cannot read IP mode file for wolfSSL.I-CUBE-wolfMQTT.1.18.0
2024-11-14 12:50:50,619 [WARN] PackLoader:240 - Cannot read IP mode file for EmbeddedOffice.I-CUBE-FS-RTOS.1.0.1
2024-11-14 12:50:50,619 [ERROR] ConditionMgr:805 - Attr not supported : Dmpu
2024-11-14 12:50:50,620 [ERROR] ConditionMgr:805 - Attr not supported : Dmpu
2024-11-14 12:50:50,620 [ERROR] ConditionMgr:805 - Attr not supported : Dmpu
2024-11-14 12:50:50,620 [ERROR] ConditionMgr:805 - Attr not supported : Dmpu
2024-11-14 12:50:50,620 [ERROR] ConditionMgr:805 - Attr not supported : Dmpu
2024-11-14 12:50:50,620 [ERROR] ConditionMgr:805 - Attr not supported : Dmpu
2024-11-14 12:50:50,620 [ERROR] ConditionMgr:805 - Attr not supported : Dmpu
2024-11-14 12:50:50,620 [ERROR] ConditionMgr:805 - Attr not supported : Dmpu
2024-11-14 12:50:50,620 [ERROR] ConditionMgr:805 - Attr not supported : Dmpu
2024-11-14 12:50:50,620 [ERROR] ConditionMgr:805 - Attr not supported : Dmpu
2024-11-14 12:50:50,620 [ERROR] ConditionMgr:805 - Attr not supported : Dmpu
2024-11-14 12:50:50,620 [ERROR] ConditionMgr:805 - Attr not supported : Dmpu
2024-11-14 12:50:50,620 [ERROR] ConditionMgr:805 - Attr not supported : Dmpu
2024-11-14 12:50:50,620 [ERROR] ConditionMgr:805 - Attr not supported : Dmpu
2024-11-14 12:50:50,620 [ERROR] ConditionMgr:805 - Attr not supported : Dmpu
2024-11-14 12:50:50,620 [ERROR] ConditionMgr:805 - Attr not supported : Dmpu
2024-11-14 12:50:50,620 [ERROR] ConditionMgr:805 - Attr not supported : Dmpu
2024-11-14 12:50:50,620 [ERROR] ConditionMgr:805 - Attr not supported : Dmpu
2024-11-14 12:50:50,620 [ERROR] ConditionMgr:805 - Attr not supported : Dmpu
2024-11-14 12:50:50,620 [ERROR] ConditionMgr:805 - Attr not supported : Dmpu
2024-11-14 12:50:50,620 [ERROR] ConditionMgr:805 - Attr not supported : Dmpu
2024-11-14 12:50:50,620 [ERROR] ConditionMgr:805 - Attr not supported : Dmpu
2024-11-14 12:50:50,620 [ERROR] ConditionMgr:805 - Attr not supported : Dmpu
2024-11-14 12:50:50,620 [ERROR] ConditionMgr:805 - Attr not supported : Dmpu
2024-11-14 12:50:50,620 [ERROR] ConditionMgr:805 - Attr not supported : Dmpu
2024-11-14 12:50:50,622 [ERROR] ConditionMgr:805 - Attr not supported : Dmpu
2024-11-14 12:50:50,622 [ERROR] ConditionMgr:805 - Attr not supported : Dmpu
2024-11-14 12:50:50,622 [ERROR] ConditionMgr:805 - Attr not supported : Dmpu
2024-11-14 12:50:50,622 [ERROR] ConditionMgr:805 - Attr not supported : Dmpu
2024-11-14 12:50:50,622 [ERROR] ConditionMgr:805 - Attr not supported : Dmpu
2024-11-14 12:50:50,622 [ERROR] ConditionMgr:805 - Attr not supported : Dmpu
2024-11-14 12:50:50,622 [ERROR] ConditionMgr:805 - Attr not supported : Dmpu
2024-11-14 12:50:50,622 [ERROR] ConditionMgr:805 - Attr not supported : Dmpu
2024-11-14 12:50:50,622 [ERROR] ConditionMgr:805 - Attr not supported : Dmpu
2024-11-14 12:50:50,622 [ERROR] ConditionMgr:805 - Attr not supported : Dmpu
2024-11-14 12:50:50,622 [ERROR] ConditionMgr:805 - Attr not supported : Dmpu
2024-11-14 12:50:50,622 [ERROR] ConditionMgr:805 - Attr not supported : Dmpu
2024-11-14 12:50:50,622 [ERROR] ConditionMgr:805 - Attr not supported : Dmpu
2024-11-14 12:50:50,623 [ERROR] ConditionMgr:805 - Attr not supported : Dmpu
2024-11-14 12:50:50,623 [ERROR] ConditionMgr:805 - Attr not supported : Dmpu
2024-11-14 12:50:50,623 [ERROR] ConditionMgr:805 - Attr not supported : Dmpu
2024-11-14 12:50:50,623 [ERROR] ConditionMgr:805 - Attr not supported : Dmpu
2024-11-14 12:50:50,623 [ERROR] ConditionMgr:805 - Attr not supported : Dmpu
2024-11-14 12:50:50,623 [ERROR] ConditionMgr:805 - Attr not supported : Dmpu
2024-11-14 12:50:50,623 [ERROR] ConditionMgr:805 - Attr not supported : Dmpu
2024-11-14 12:50:50,623 [ERROR] ConditionMgr:805 - Attr not supported : Dmpu
2024-11-14 12:50:50,623 [ERROR] ConditionMgr:805 - Attr not supported : Dmpu
2024-11-14 12:50:50,623 [ERROR] ConditionMgr:805 - Attr not supported : Dmpu
2024-11-14 12:50:50,624 [ERROR] ConditionMgr:805 - Attr not supported : Dmpu
2024-11-14 12:50:50,624 [ERROR] ConditionMgr:805 - Attr not supported : Dmpu
2024-11-14 12:50:50,624 [ERROR] ConditionMgr:805 - Attr not supported : Dmpu
2024-11-14 12:50:50,624 [ERROR] ConditionMgr:805 - Attr not supported : Dmpu
2024-11-14 12:50:50,624 [ERROR] ConditionMgr:805 - Attr not supported : Dmpu
2024-11-14 12:50:50,624 [ERROR] ConditionMgr:805 - Attr not supported : Dmpu
2024-11-14 12:50:50,624 [ERROR] ConditionMgr:805 - Attr not supported : Dmpu
2024-11-14 12:50:50,624 [ERROR] ConditionMgr:805 - Attr not supported : Dmpu
2024-11-14 12:50:50,624 [ERROR] ConditionMgr:805 - Attr not supported : Dmpu
2024-11-14 12:50:50,624 [ERROR] ConditionMgr:805 - Attr not supported : Dmpu
2024-11-14 12:50:50,624 [ERROR] ConditionMgr:805 - Attr not supported : Dmpu
2024-11-14 12:50:50,624 [ERROR] ConditionMgr:805 - Attr not supported : Dmpu
2024-11-14 12:50:50,624 [ERROR] ConditionMgr:805 - Attr not supported : Dmpu
2024-11-14 12:50:50,624 [ERROR] ConditionMgr:805 - Attr not supported : Dmpu
2024-11-14 12:50:50,624 [ERROR] ConditionMgr:805 - Attr not supported : Dmpu
2024-11-14 12:50:50,625 [ERROR] ConditionMgr:805 - Attr not supported : Dmpu
2024-11-14 12:50:50,644 [WARN] PackLoader:240 - Cannot read IP mode file for STMicroelectronics.X-CUBE-BLEMGR.3.0.0
2024-11-14 12:50:50,662 [WARN] PackLoader:240 - Cannot read IP mode file for STMicroelectronics.X-CUBE-BLEMGR.1.3.0
2024-11-14 12:50:50,680 [WARN] PackLoader:240 - Cannot read IP mode file for RealThread.X-CUBE-RT-Thread_Nano.4.1.1
2024-11-14 12:50:50,697 [WARN] PackLoader:240 - Cannot read IP mode file for STMicroelectronics.FP-ATR-SIGFOX1.3.2.0
2024-11-14 12:50:50,712 [WARN] ConditionMgr:438 - getConditionDescription Invalid condition id : Cortex-A Device cause : null
2024-11-14 12:50:50,739 [WARN] ConditionMgr:1039 - genDependencies : Invalid condition id : Cortex-A Device cause : null
2024-11-14 12:50:50,739 [WARN] ConditionMgr:1039 - genDependencies : Invalid condition id : Cortex-A Device cause : null
2024-11-14 12:50:50,739 [WARN] ConditionMgr:1039 - genDependencies : Invalid condition id : Cortex-A Device cause : null
2024-11-14 12:50:50,760 [WARN] PackLoader:240 - Cannot read IP mode file for STMicroelectronics.X-CUBE-EEPRMA1.5.1.0
2024-11-14 12:50:50,816 [WARN] PackLoader:240 - Cannot read IP mode file for STMicroelectronics.X-CUBE-MEMS1.9.5.0
2024-11-14 12:50:50,951 [WARN] PackLoader:240 - Cannot read IP mode file for SEGGER.I-CUBE-embOS.1.3.1
2024-11-14 12:50:50,988 [WARN] PackLoader:240 - Cannot read IP mode file for STMicroelectronics.X-CUBE-ALGOBUILD.1.4.0
2024-11-14 12:50:51,003 [WARN] PackLoader:240 - Cannot read IP mode file for STMicroelectronics.X-CUBE-AI.9.1.0
2024-11-14 12:50:51,019 [WARN] PackLoader:240 - Cannot read IP mode file for STMicroelectronics.X-CUBE-GNSS1.6.0.0
2024-11-14 12:50:51,046 [WARN] PackLoader:240 - Cannot read IP mode file for STMicroelectronics.X-CUBE-AZRTOS-F4.1.1.0
2024-11-14 12:50:51,062 [WARN] PackLoader:240 - Cannot read IP mode file for STMicroelectronics.X-CUBE-ISPU.2.1.0
2024-11-14 12:50:51,076 [WARN] PackLoader:240 - Cannot read IP mode file for STMicroelectronics.X-CUBE-FREERTOS.1.2.0
2024-11-14 12:50:51,104 [WARN] PackLoader:240 - Cannot read IP mode file for STMicroelectronics.X-CUBE-AZRTOS-L5.2.0.0
2024-11-14 12:50:51,171 [WARN] PackLoader:240 - Cannot read IP mode file for STMicroelectronics.X-CUBE-MEMS1.9.6.0
2024-11-14 12:50:51,277 [WARN] PackLoader:240 - Cannot read IP mode file for STMicroelectronics.X-CUBE-EEPRMA1.4.2.0
2024-11-14 12:50:51,293 [WARN] PackLoader:240 - Cannot read IP mode file for STMicroelectronics.X-CUBE-NFC6.3.1.0
2024-11-14 12:50:51,308 [WARN] PackLoader:240 - Cannot read IP mode file for ITTIA_DB.I-CUBE-ITTIADB.8.8.0
2024-11-14 12:50:51,324 [WARN] PackLoader:240 - Cannot read IP mode file for emotas.I-CUBE-CANOPEN.1.1.3
2024-11-14 12:50:51,340 [WARN] PackLoader:240 - Cannot read IP mode file for STMicroelectronics.X-CUBE-BLEMGR.2.0.0
2024-11-14 12:50:51,354 [WARN] PackLoader:240 - Cannot read IP mode file for STMicroelectronics.X-CUBE-DPower.1.2.0
2024-11-14 12:50:51,367 [WARN] PackLoader:240 - Cannot read IP mode file for STMicroelectronics.X-CUBE-AI.9.0.0
2024-11-14 12:50:51,393 [WARN] ConditionMgr:438 - getConditionDescription Invalid condition id : UX DEVICE CLASS RTOS Condition cause : null
2024-11-14 12:50:51,393 [WARN] ConditionMgr:438 - getConditionDescription Invalid condition id : UX DEVICE CLASS RTOS Condition cause : null
2024-11-14 12:50:51,395 [WARN] PackLoader:240 - Cannot read IP mode file for STMicroelectronics.X-CUBE-AZRTOS-H7.3.1.0
2024-11-14 12:50:51,396 [WARN] ConditionMgr:1039 - genDependencies : Invalid condition id : UX DEVICE CLASS RTOS Condition cause : null
2024-11-14 12:50:51,396 [WARN] ConditionMgr:1039 - genDependencies : Invalid condition id : UX DEVICE CLASS RTOS Condition cause : null
2024-11-14 12:50:51,396 [WARN] ConditionMgr:1039 - genDependencies : Invalid condition id : UX DEVICE CLASS RTOS Condition cause : null
2024-11-14 12:50:51,396 [WARN] ConditionMgr:1039 - genDependencies : Invalid condition id : UX DEVICE CLASS RTOS Condition cause : null
2024-11-14 12:50:51,397 [WARN] ConditionMgr:1039 - genDependencies : Invalid condition id : UX DEVICE CLASS RTOS Condition cause : null
2024-11-14 12:50:51,411 [WARN] PackLoader:240 - Cannot read IP mode file for wolfSSL.I-CUBE-wolfSSL.5.5.4
2024-11-14 12:50:51,426 [WARN] PackLoader:240 - Cannot read IP mode file for STMicroelectronics.X-CUBE-NFC7.1.0.1
2024-11-14 12:50:51,441 [WARN] PackLoader:240 - Cannot read IP mode file for STMicroelectronics.X-CUBE-NFC7.1.0.0
2024-11-14 12:50:51,455 [WARN] PackLoader:240 - Cannot read IP mode file for wolfSSL.I-CUBE-wolfTPM.3.2.0
2024-11-14 12:50:51,472 [WARN] PackLoader:240 - Cannot read IP mode file for STMicroelectronics.X-CUBE-NFC6.3.0.0
2024-11-14 12:50:51,488 [WARN] PackLoader:240 - Cannot read IP mode file for STMicroelectronics.X-CUBE-EEPRMA1.4.1.0
2024-11-14 12:50:51,505 [WARN] PackLoader:240 - Cannot read IP mode file for STMicroelectronics.X-CUBE-AI.8.1.0
2024-11-14 12:50:51,537 [WARN] ConditionMgr:438 - getConditionDescription Invalid condition id : LAN8742 Phy interface Condition cause : null
2024-11-14 12:50:51,538 [WARN] PackLoader:240 - Cannot read IP mode file for STMicroelectronics.X-CUBE-AZRTOS-L4.2.0.0
2024-11-14 12:50:51,539 [WARN] ConditionMgr:1039 - genDependencies : Invalid condition id : LAN8742 Phy interface Condition cause : null
2024-11-14 12:50:51,539 [WARN] ConditionMgr:1039 - genDependencies : Invalid condition id : LAN8742 Phy interface Condition cause : null
2024-11-14 12:50:51,539 [WARN] ConditionMgr:1039 - genDependencies : Invalid condition id : LAN8742 Phy interface Condition cause : null
2024-11-14 12:50:51,556 [WARN] PackLoader:240 - Cannot read IP mode file for STMicroelectronics.X-CUBE-SFXS2LP1.4.0.0
2024-11-14 12:50:51,587 [WARN] PackLoader:240 - Cannot read IP mode file for STMicroelectronics.X-CUBE-AZRTOS-H7.3.0.0
2024-11-14 12:50:51,601 [WARN] PackLoader:240 - Cannot read IP mode file for STMicroelectronics.X-CUBE-ISPU.1.1.0
2024-11-14 12:50:51,630 [WARN] PackLoader:240 - Cannot read IP mode file for STMicroelectronics.X-CUBE-AZRTOS-H7.3.3.0
2024-11-14 12:50:51,646 [WARN] PackLoader:240 - Cannot read IP mode file for RoweBots.I-CUBE-UNISONRTOS.5.5.0-4
2024-11-14 12:50:51,660 [WARN] PackLoader:240 - Cannot read IP mode file for STMicroelectronics.X-CUBE-AI.8.0.0
2024-11-14 12:50:51,678 [WARN] PackLoader:240 - Cannot read IP mode file for STMicroelectronics.X-CUBE-IPS.3.0.0
2024-11-14 12:50:51,702 [WARN] ConditionMgr:438 - getConditionDescription Invalid condition id : UX DEVICE CLASS RTOS Condition cause : null
2024-11-14 12:50:51,703 [WARN] ConditionMgr:438 - getConditionDescription Invalid condition id : UX DEVICE CLASS RTOS Condition cause : null
2024-11-14 12:50:51,704 [WARN] PackLoader:240 - Cannot read IP mode file for STMicroelectronics.X-CUBE-AZRTOS-WB.2.0.0
2024-11-14 12:50:51,705 [WARN] ConditionMgr:1039 - genDependencies : Invalid condition id : UX DEVICE CLASS RTOS Condition cause : null
2024-11-14 12:50:51,705 [WARN] ConditionMgr:1039 - genDependencies : Invalid condition id : UX DEVICE CLASS RTOS Condition cause : null
2024-11-14 12:50:51,705 [WARN] ConditionMgr:1039 - genDependencies : Invalid condition id : UX DEVICE CLASS RTOS Condition cause : null
2024-11-14 12:50:51,705 [WARN] ConditionMgr:1039 - genDependencies : Invalid condition id : UX DEVICE CLASS RTOS Condition cause : null
2024-11-14 12:50:51,705 [WARN] ConditionMgr:1039 - genDependencies : Invalid condition id : UX DEVICE CLASS RTOS Condition cause : null
2024-11-14 12:50:51,717 [WARN] PackLoader:240 - Cannot read IP mode file for STMicroelectronics.X-CUBE-FREERTOS.1.0.1
2024-11-14 12:50:51,731 [WARN] PackLoader:240 - Cannot read IP mode file for STMicroelectronics.X-CUBE-GNSS1.7.0.0
2024-11-14 12:50:51,746 [WARN] PackLoader:240 - Cannot read IP mode file for STMicroelectronics.FP-SNS-STBOX1.2.0.0
2024-11-14 12:50:51,770 [WARN] PackLoader:240 - Cannot read IP mode file for STMicroelectronics.X-CUBE-AZRTOS-L5.1.1.0
2024-11-14 12:50:51,795 [WARN] PackLoader:240 - Cannot read IP mode file for STMicroelectronics.X-CUBE-SUBG2.5.0.0
2024-11-14 12:50:51,817 [WARN] PackLoader:240 - Cannot read IP mode file for STMicroelectronics.X-CUBE-TOF1.3.3.1
2024-11-14 12:50:51,844 [WARN] PackLoader:240 - Cannot read IP mode file for STMicroelectronics.X-CUBE-AZRTOS-G4.2.0.0
2024-11-14 12:50:51,857 [WARN] PackLoader:240 - Cannot read IP mode file for STMicroelectronics.FP-ATR-ASTRA1.1.1.1
2024-11-14 12:50:51,883 [WARN] PackLoader:240 - Cannot read IP mode file for Infineon.AIROC-Wi-Fi-Bluetooth-STM32.1.5.1
2024-11-14 12:50:51,899 [WARN] PackLoader:240 - Cannot read IP mode file for STMicroelectronics.FP-SNS-MOTENVWB1.1.3.0
2024-11-14 12:50:51,912 [WARN] PackLoader:240 - Cannot read IP mode file for STMicroelectronics.FP-SNS-MOTENVWB1.1.3.1
2024-11-14 12:50:51,933 [WARN] PackLoader:240 - Cannot read IP mode file for STMicroelectronics.X-CUBE-AZRTOS-G4.1.0.0
2024-11-14 12:50:51,958 [WARN] PackLoader:240 - Cannot read IP mode file for STMicroelectronics.X-CUBE-AZRTOS-L4.1.0.0
2024-11-14 12:50:51,972 [WARN] PackLoader:240 - Cannot read IP mode file for STMicroelectronics.X-CUBE-ISPU.2.0.0
2024-11-14 12:50:51,988 [WARN] PackLoader:240 - Cannot read IP mode file for STMicroelectronics.X-CUBE-ALS.1.0.2
2024-11-14 12:50:52,046 [WARN] PackLoader:240 - Cannot read IP mode file for STMicroelectronics.X-CUBE-MEMS1.10.0.0
2024-11-14 12:50:52,130 [WARN] PackLoader:240 - Cannot read IP mode file for STMicroelectronics.X-CUBE-FREERTOS.1.1.0
2024-11-14 12:50:52,142 [WARN] PackLoader:240 - Cannot read IP mode file for STMicroelectronics.X-CUBE-TOUCHGFX.4.24.0
2024-11-14 12:50:52,162 [WARN] PackLoader:240 - Cannot read IP mode file for STMicroelectronics.X-CUBE-AZRTOS-WL.1.0.0
2024-11-14 12:50:52,176 [WARN] PackLoader:240 - Cannot read IP mode file for STMicroelectronics.X-CUBE-TOUCHGFX.4.24.1
2024-11-14 12:50:52,189 [WARN] PackLoader:240 - Cannot read IP mode file for portGmbH.I-Cube-SoM-uGOAL.1.1.0
2024-11-14 12:50:52,201 [WARN] PackLoader:240 - Cannot read IP mode file for STMicroelectronics.X-CUBE-ALS.1.0.1
2024-11-14 12:50:52,223 [WARN] PackLoader:240 - Cannot read IP mode file for STMicroelectronics.X-CUBE-AZRTOS-WB.1.1.0
2024-11-14 12:50:52,250 [WARN] PackLoader:240 - Cannot read IP mode file for STMicroelectronics.X-CUBE-AZRTOS-H7RS.1.0.0
2024-11-14 12:50:52,265 [WARN] PackLoader:240 - Cannot read IP mode file for STMicroelectronics.FP-ATR-ASTRA1.2.0.0
2024-11-14 12:50:52,284 [WARN] PackLoader:240 - Cannot read IP mode file for STMicroelectronics.X-CUBE-TOF1.3.4.2
2024-11-14 12:50:52,311 [WARN] PackLoader:240 - Cannot read IP mode file for STMicroelectronics.X-CUBE-TOF1.3.4.0
2024-11-14 12:50:52,344 [WARN] PackLoader:240 - Cannot read IP mode file for STMicroelectronics.X-CUBE-TOF1.3.4.1
2024-11-14 12:50:52,384 [WARN] PackLoader:240 - Cannot read IP mode file for STMicroelectronics.X-CUBE-AZRTOS-H7.3.2.0
2024-11-14 12:50:52,400 [WARN] PackLoader:240 - Cannot read IP mode file for wolfSSL.I-CUBE-wolfSSH.1.4.17
2024-11-14 12:50:52,401 [INFO] ThirdParty:978 - Integrity check success = true
2024-11-14 12:50:52,401 [INFO] IntegrityCheckThread:100 - exiting critical section [integrity check]
2024-11-14 12:50:52,401 [INFO] IntegrityCheckThread:103 - End integrity checks thread
2024-11-14 12:50:53,296 [INFO] WebApp:167 - Instantiating new browser for Auth
2024-11-14 12:50:54,130 [INFO] WebApp:448 - Apply proxy settings
2024-11-14 12:50:54,130 [INFO] WebApp:533 - Chromium requires no authentication
2024-11-14 12:50:54,139 [INFO] WebApp:476 - Direct internet connection detected
2024-11-14 12:50:54,174 [INFO] WebApp:869 - Register for checkConnection events
2024-11-14 12:50:54,174 [INFO] WebApp:448 - Apply proxy settings
2024-11-14 12:50:54,174 [INFO] WebApp:533 - Chromium requires no authentication
2024-11-14 12:50:54,175 [INFO] WebApp:476 - Direct internet connection detected
2024-11-14 12:50:54,366 [INFO] WebApp:220 - Starting web application
2024-11-14 12:50:54,368 [INFO] WebApp:578 - Web application path used C:\ST\STM32CubeIDE_1.11.2\STM32CubeIDE\plugins\com.st.stm32cube.common.mx_6.12.0.202406281431\db\plugins\mcufinder\reactClient1\index.html
2024-11-14 12:50:55,716 [INFO] WebApp:186 - Connection restablished
2024-11-14 14:50:46,766 [ERROR] LogOutputStream:75 - [STDERR_REDIRECT] 
