2024-11-11 13:59:53,924 [INFO] Activator:176 - 


2024-11-11 13:59:53,933 [INFO] Activator:177 - !SESSION log4j initialized
2024-11-11 14:00:01,042 [INFO] LogOutputStream:77 - [STDOUT_REDIRECT] 
2024-11-11 14:00:03,849 [INFO] ApplicationProperties:184 - Using Application install path: C:\ST\STM32CubeIDE_1.11.2\STM32CubeIDE\plugins\com.st.stm32cube.common.mx_6.12.0.202406281431
2024-11-11 14:00:03,869 [INFO] DbMcusXml:78 - Set database path to: C:\ST\STM32CubeIDE_1.11.2\STM32CubeIDE\plugins\com.st.stm32cube.common.mx_6.12.0.202406281431\\db\/mcu/
2024-11-11 14:00:03,870 [INFO] ApiDb:274 - Set plugin database path to: C:\ST\STM32CubeIDE_1.11.2\STM32CubeIDE\plugins\com.st.stm32cube.common.mx_6.12.0.202406281431\\db\/plugins/boardmanager/
2024-11-11 14:00:03,870 [WARN] ApiDb:259 - Overriding images path with different value:  => C:\ST\STM32CubeIDE_1.11.2\STM32CubeIDE\plugins\com.st.stm32cube.common.mx_6.12.0.202406281431\\db\/plugins/mcufinder/images/
2024-11-11 14:00:03,888 [INFO] ApiDb:250 - Set database path to: C:\Users\erkan\.stmcufinder\plugins\mcufinder//mcu/
2024-11-11 14:00:03,890 [INFO] DbMcusAds:125 - Set database path to: C:\Users\erkan\.stmcufinder\plugins\mcufinder//mcu/
2024-11-11 14:00:03,893 [INFO] CrossReferenceDbSqlite:203 - Set database path to: C:\Users\erkan\.stmcufinder\plugins\mcufinder//mcu/cs/
2024-11-11 14:00:04,019 [INFO] RulesReader:64 - Compatibility file has been processed (297 Rules)
2024-11-11 14:00:04,123 [INFO] DbMcusXml:78 - Set database path to: C:\ST\STM32CubeIDE_1.11.2\STM32CubeIDE\plugins\com.st.stm32cube.common.mx_6.12.0.202406281431\\db\/mcu/
2024-11-11 14:00:04,123 [INFO] ApiDb:274 - Set plugin database path to: C:\ST\STM32CubeIDE_1.11.2\STM32CubeIDE\plugins\com.st.stm32cube.common.mx_6.12.0.202406281431\\db\/plugins/boardmanager/
2024-11-11 14:00:04,124 [INFO] ApiDb:261 - Set plugin images path to: C:\ST\STM32CubeIDE_1.11.2\STM32CubeIDE\plugins\com.st.stm32cube.common.mx_6.12.0.202406281431\\db\/plugins/mcufinder/images/
2024-11-11 14:00:04,124 [WARN] DbFile:41 - Overriding database path with different value: C:\Users\erkan\.stmcufinder\plugins\mcufinder/ => C:\Users\erkan\.stmcufinder\plugins\mcufinder
2024-11-11 14:00:04,124 [INFO] ApiDb:250 - Set database path to: C:\Users\erkan\.stmcufinder\plugins\mcufinder//mcu/
2024-11-11 14:00:04,124 [WARN] DbFile:41 - Overriding database path with different value: C:\Users\erkan\.stmcufinder\plugins\mcufinder/ => C:\Users\erkan\.stmcufinder\plugins\mcufinder
2024-11-11 14:00:04,124 [INFO] DbMcusAds:125 - Set database path to: C:\Users\erkan\.stmcufinder\plugins\mcufinder//mcu/
2024-11-11 14:00:04,124 [WARN] DbFile:41 - Overriding database path with different value: C:\Users\erkan\.stmcufinder\plugins\mcufinder/ => C:\Users\erkan\.stmcufinder\plugins\mcufinder
2024-11-11 14:00:04,124 [WARN] DbFile:41 - Overriding database path with different value: C:\Users\erkan\.stmcufinder\plugins\mcufinder/ => C:\Users\erkan\.stmcufinder\plugins\mcufinder
2024-11-11 14:00:04,124 [INFO] CrossReferenceDbSqlite:203 - Set database path to: C:\Users\erkan\.stmcufinder\plugins\mcufinder//mcu/cs/
2024-11-11 14:00:04,231 [INFO] MainPanel:268 - HeapMemory: 268435456
2024-11-11 14:00:04,341 [INFO] DbMcusXml:78 - Set database path to: C:\ST\STM32CubeIDE_1.11.2\STM32CubeIDE\plugins\com.st.stm32cube.common.mx_6.12.0.202406281431\\db\/mcu/
2024-11-11 14:00:04,341 [INFO] ApiDb:274 - Set plugin database path to: C:\ST\STM32CubeIDE_1.11.2\STM32CubeIDE\plugins\com.st.stm32cube.common.mx_6.12.0.202406281431\\db\/plugins/boardmanager/
2024-11-11 14:00:04,343 [INFO] ApiDb:261 - Set plugin images path to: C:\ST\STM32CubeIDE_1.11.2\STM32CubeIDE\plugins\com.st.stm32cube.common.mx_6.12.0.202406281431\\db\/plugins/mcufinder/images/
2024-11-11 14:00:04,343 [WARN] DbFile:41 - Overriding database path with different value: C:\Users\erkan\.stmcufinder\plugins\mcufinder/ => C:\Users\erkan\.stmcufinder\plugins\mcufinder
2024-11-11 14:00:04,343 [INFO] ApiDb:250 - Set database path to: C:\Users\erkan\.stmcufinder\plugins\mcufinder//mcu/
2024-11-11 14:00:04,343 [WARN] DbFile:41 - Overriding database path with different value: C:\Users\erkan\.stmcufinder\plugins\mcufinder/ => C:\Users\erkan\.stmcufinder\plugins\mcufinder
2024-11-11 14:00:04,343 [INFO] DbMcusAds:125 - Set database path to: C:\Users\erkan\.stmcufinder\plugins\mcufinder//mcu/
2024-11-11 14:00:04,343 [WARN] DbFile:41 - Overriding database path with different value: C:\Users\erkan\.stmcufinder\plugins\mcufinder/ => C:\Users\erkan\.stmcufinder\plugins\mcufinder
2024-11-11 14:00:04,343 [WARN] DbFile:41 - Overriding database path with different value: C:\Users\erkan\.stmcufinder\plugins\mcufinder/ => C:\Users\erkan\.stmcufinder\plugins\mcufinder
2024-11-11 14:00:04,343 [INFO] CrossReferenceDbSqlite:203 - Set database path to: C:\Users\erkan\.stmcufinder\plugins\mcufinder//mcu/cs/
2024-11-11 14:00:04,364 [INFO] ApplicationProperties:184 - Using Application install path: C:\ST\STM32CubeIDE_1.11.2\STM32CubeIDE\plugins\com.st.stm32cube.common.mx_6.12.0.202406281431
2024-11-11 14:00:04,366 [INFO] PluginManage:196 - Search for loadable plugins [exclusion list=, ]
2024-11-11 14:00:04,368 [INFO] PluginManage:310 - Check plugin analytics
2024-11-11 14:00:04,567 [INFO] AnalyticsPlugin:253 - Accepted Software Licenses: STM32CubeMX.6.9.2
2024-11-11 14:00:04,567 [INFO] AnalyticsPlugin:255 - Accepted CMSIS Pack Licenses: 
2024-11-11 14:00:04,567 [INFO] AnalyticsPlugin:257 - Accepted Firmware Licenses: FW.F4.1.28.0
2024-11-11 14:00:04,570 [INFO] PluginManage:359 - Loaded plugin analytics (category:tool,tabindex:-1)
2024-11-11 14:00:04,570 [INFO] PluginManage:310 - Check plugin cadmodel
2024-11-11 14:00:04,589 [INFO] CADModel:105 - Init CAD model plugin
2024-11-11 14:00:04,590 [INFO] PluginManage:359 - Loaded plugin cadmodel (category:power,tabindex:5)
2024-11-11 14:00:04,590 [INFO] PluginManage:310 - Check plugin clock
2024-11-11 14:00:04,612 [INFO] PluginManage:359 - Loaded plugin clock (category:base,tabindex:2)
2024-11-11 14:00:04,612 [INFO] PluginManage:310 - Check plugin ddr
2024-11-11 14:00:04,615 [INFO] PluginManage:359 - Loaded plugin ddr (category:tool,tabindex:6)
2024-11-11 14:00:04,616 [INFO] PluginManage:310 - Check plugin filemanager
2024-11-11 14:00:04,769 [INFO] PluginManage:359 - Loaded plugin filemanager (category:base,tabindex:10)
2024-11-11 14:00:04,769 [INFO] PluginManage:310 - Check plugin ipmanager
2024-11-11 14:00:04,777 [INFO] PluginManage:359 - Loaded plugin ipmanager (category:base,tabindex:5)
2024-11-11 14:00:04,777 [INFO] PluginManage:310 - Check plugin lpbam
2024-11-11 14:00:04,796 [INFO] PluginManage:359 - Loaded plugin lpbam (category:base,tabindex:0)
2024-11-11 14:00:04,796 [INFO] PluginManage:310 - Check plugin memorymap
2024-11-11 14:00:04,822 [INFO] PluginManage:359 - Loaded plugin memorymap (category:base,tabindex:4)
2024-11-11 14:00:04,822 [INFO] PluginManage:310 - Check plugin pinoutandconfiguration
2024-11-11 14:00:04,843 [INFO] PluginManage:359 - Loaded plugin pinoutandconfiguration (category:base,tabindex:1)
2024-11-11 14:00:04,844 [INFO] PluginManage:310 - Check plugin pinoutconfig
2024-11-11 14:00:04,946 [WARN] SupportedApi:132 - Cannot load RTOS API schema: s4s-elt-must-match.1: The content of 'definitions' must match (annotation?, (simpleType | complexType)?, (unique | key | keyref)*)). A problem was found starting at: attribute.
2024-11-11 14:00:05,083 [INFO] PluginManage:359 - Loaded plugin pinoutconfig (category:base,tabindex:0)
2024-11-11 14:00:05,083 [INFO] PluginManage:310 - Check plugin power
2024-11-11 14:00:05,107 [INFO] PluginManage:359 - Loaded plugin power (category:power,tabindex:4)
2024-11-11 14:00:05,107 [INFO] PluginManage:310 - Check plugin projectmanager
2024-11-11 14:00:05,126 [INFO] PluginManage:359 - Loaded plugin projectmanager (category:projectmanager,tabindex:4)
2024-11-11 14:00:05,126 [INFO] PluginManage:310 - Check plugin rif
2024-11-11 14:00:05,143 [INFO] PluginManage:359 - Loaded plugin rif (category:base,tabindex:3)
2024-11-11 14:00:05,143 [INFO] PluginManage:310 - Check plugin thirdparty
2024-11-11 14:00:05,440 [INFO] PluginManage:359 - Loaded plugin thirdparty (category:base,tabindex:-1)
2024-11-11 14:00:05,440 [WARN] IntegrityCheckThread:84 - waiting for thirdparty lock release [integrity check]
2024-11-11 14:00:05,440 [INFO] PluginManage:310 - Check plugin tools
2024-11-11 14:00:05,440 [INFO] IntegrityCheckThread:86 - entering critical section [integrity check]
2024-11-11 14:00:05,441 [INFO] ThirdPartyUpdaterWithRetryManager:70 - Updater plugin not ready yet. [1/15]
2024-11-11 14:00:05,476 [INFO] PluginManage:359 - Loaded plugin tools (category:base,tabindex:7)
2024-11-11 14:00:05,476 [INFO] PluginManage:310 - Check plugin tutovideos
2024-11-11 14:00:05,712 [INFO] PluginManage:359 - Loaded plugin tutovideos (category:base,tabindex:-1)
2024-11-11 14:00:05,712 [INFO] PluginManage:310 - Check plugin updater
2024-11-11 14:00:05,730 [INFO] PluginManage:359 - Loaded plugin updater (category:base,tabindex:12)
2024-11-11 14:00:05,730 [INFO] PluginManage:310 - Check plugin userauth
2024-11-11 14:00:05,737 [INFO] UserAuth:113 - Init User Auth plugin
2024-11-11 14:00:05,738 [INFO] PluginManage:359 - Loaded plugin userauth (category:base,tabindex:14)
2024-11-11 14:00:05,738 [INFO] PluginManage:283 - PluginManage : Loaded plugins [18]
2024-11-11 14:00:05,981 [INFO] PinOutPanel:1561 - setPackage(No Configuration,No Configuration)
2024-11-11 14:00:06,096 [INFO] CADModel:165 - CPN selected for project level
2024-11-11 14:00:06,096 [INFO] CADModel:114 - Register for checkConnection events
2024-11-11 14:00:06,131 [INFO] IPUIPlugin:80 - create IPUIPlugin
2024-11-11 14:00:06,131 [INFO] PluginManager:220 - loadIPPluginJar : add adc
2024-11-11 14:00:06,173 [INFO] IPUIPlugin:80 - create IPUIPlugin
2024-11-11 14:00:06,173 [INFO] PluginManager:220 - loadIPPluginJar : add aes
2024-11-11 14:00:06,223 [INFO] IPUIPlugin:80 - create IPUIPlugin
2024-11-11 14:00:06,223 [INFO] PluginManager:220 - loadIPPluginJar : add can
2024-11-11 14:00:06,247 [INFO] IPUIPlugin:80 - create IPUIPlugin
2024-11-11 14:00:06,247 [INFO] PluginManager:220 - loadIPPluginJar : add comp
2024-11-11 14:00:06,282 [INFO] IPUIPlugin:80 - create IPUIPlugin
2024-11-11 14:00:06,282 [INFO] PluginManager:220 - loadIPPluginJar : add cryp
2024-11-11 14:00:06,294 [INFO] IPUIPlugin:80 - create IPUIPlugin
2024-11-11 14:00:06,295 [INFO] PluginManager:220 - loadIPPluginJar : add ddr_ctrl_phy
2024-11-11 14:00:06,325 [INFO] IPUIPlugin:80 - create IPUIPlugin
2024-11-11 14:00:06,325 [INFO] PluginManager:220 - loadIPPluginJar : add dfsdm
2024-11-11 14:00:06,340 [INFO] IPUIPlugin:80 - create IPUIPlugin
2024-11-11 14:00:06,340 [INFO] PluginManager:220 - loadIPPluginJar : add dma
2024-11-11 14:00:06,385 [INFO] IPUIPlugin:80 - create IPUIPlugin
2024-11-11 14:00:06,386 [INFO] PluginManager:220 - loadIPPluginJar : add dma3
2024-11-11 14:00:06,431 [INFO] IPUIPlugin:80 - create IPUIPlugin
2024-11-11 14:00:06,431 [INFO] PluginManager:220 - loadIPPluginJar : add extmemmanager
2024-11-11 14:00:06,453 [INFO] IPUIPlugin:80 - create IPUIPlugin
2024-11-11 14:00:06,453 [INFO] PluginManager:220 - loadIPPluginJar : add fatfs
2024-11-11 14:00:06,500 [INFO] IPUIPlugin:80 - create IPUIPlugin
2024-11-11 14:00:06,501 [INFO] PluginManager:220 - loadIPPluginJar : add fmc
2024-11-11 14:00:06,517 [INFO] IPUIPlugin:80 - create IPUIPlugin
2024-11-11 14:00:06,517 [INFO] PluginManager:220 - loadIPPluginJar : add freertos
2024-11-11 14:00:06,539 [INFO] IPUIPlugin:80 - create IPUIPlugin
2024-11-11 14:00:06,539 [INFO] PluginManager:220 - loadIPPluginJar : add genericplugin
2024-11-11 14:00:06,635 [INFO] IPUIPlugin:80 - create IPUIPlugin
2024-11-11 14:00:06,635 [INFO] PluginManager:220 - loadIPPluginJar : add gfxmmu
2024-11-11 14:00:06,767 [INFO] IPUIPlugin:80 - create IPUIPlugin
2024-11-11 14:00:06,767 [INFO] PluginManager:220 - loadIPPluginJar : add gic
2024-11-11 14:00:06,780 [INFO] IPUIPlugin:80 - create IPUIPlugin
2024-11-11 14:00:06,780 [INFO] PluginManager:220 - loadIPPluginJar : add gpio
2024-11-11 14:00:06,873 [INFO] IPUIPlugin:80 - create IPUIPlugin
2024-11-11 14:00:06,873 [INFO] PluginManager:220 - loadIPPluginJar : add gtzc
2024-11-11 14:00:06,906 [INFO] IPUIPlugin:80 - create IPUIPlugin
2024-11-11 14:00:06,906 [INFO] PluginManager:220 - loadIPPluginJar : add hash
2024-11-11 14:00:06,959 [INFO] IPUIPlugin:80 - create IPUIPlugin
2024-11-11 14:00:06,959 [INFO] PluginManager:220 - loadIPPluginJar : add i2c
2024-11-11 14:00:07,000 [INFO] IPUIPlugin:80 - create IPUIPlugin
2024-11-11 14:00:07,000 [INFO] PluginManager:220 - loadIPPluginJar : add i2s
2024-11-11 14:00:07,042 [INFO] IPUIPlugin:80 - create IPUIPlugin
2024-11-11 14:00:07,042 [INFO] PluginManager:220 - loadIPPluginJar : add i3c
2024-11-11 14:00:07,146 [INFO] IPUIPlugin:80 - create IPUIPlugin
2024-11-11 14:00:07,146 [INFO] PluginManager:220 - loadIPPluginJar : add ipddr
2024-11-11 14:00:07,240 [INFO] IPUIPlugin:80 - create IPUIPlugin
2024-11-11 14:00:07,240 [INFO] PluginManager:220 - loadIPPluginJar : add linkedlist
2024-11-11 14:00:07,277 [INFO] IPUIPlugin:80 - create IPUIPlugin
2024-11-11 14:00:07,277 [INFO] PluginManager:220 - loadIPPluginJar : add lorawan
2024-11-11 14:00:07,314 [INFO] IPUIPlugin:80 - create IPUIPlugin
2024-11-11 14:00:07,314 [INFO] PluginManager:220 - loadIPPluginJar : add ltdc
2024-11-11 14:00:07,329 [INFO] IPUIPlugin:80 - create IPUIPlugin
2024-11-11 14:00:07,330 [INFO] PluginManager:220 - loadIPPluginJar : add mdma
2024-11-11 14:00:07,343 [INFO] IPUIPlugin:80 - create IPUIPlugin
2024-11-11 14:00:07,343 [INFO] PluginManager:220 - loadIPPluginJar : add nvic
2024-11-11 14:00:07,380 [INFO] IPUIPlugin:80 - create IPUIPlugin
2024-11-11 14:00:07,381 [INFO] PluginManager:220 - loadIPPluginJar : add opamp
2024-11-11 14:00:07,445 [INFO] IPUIPlugin:80 - create IPUIPlugin
2024-11-11 14:00:07,445 [INFO] PluginManager:220 - loadIPPluginJar : add openamp
2024-11-11 14:00:07,490 [INFO] IPUIPlugin:80 - create IPUIPlugin
2024-11-11 14:00:07,490 [INFO] PluginManager:220 - loadIPPluginJar : add pdm2pcm
2024-11-11 14:00:07,504 [INFO] IPUIPlugin:80 - create IPUIPlugin
2024-11-11 14:00:07,506 [INFO] PluginManager:220 - loadIPPluginJar : add plateformsettings
2024-11-11 14:00:07,530 [INFO] IPUIPlugin:80 - create IPUIPlugin
2024-11-11 14:00:07,530 [INFO] PluginManager:220 - loadIPPluginJar : add quadspi
2024-11-11 14:00:07,557 [INFO] IPUIPlugin:80 - create IPUIPlugin
2024-11-11 14:00:07,558 [INFO] PluginManager:220 - loadIPPluginJar : add radio
2024-11-11 14:00:07,572 [INFO] IPUIPlugin:80 - create IPUIPlugin
2024-11-11 14:00:07,572 [INFO] PluginManager:220 - loadIPPluginJar : add resmgrutility
2024-11-11 14:00:07,621 [INFO] IPUIPlugin:80 - create IPUIPlugin
2024-11-11 14:00:07,621 [INFO] PluginManager:220 - loadIPPluginJar : add sai
2024-11-11 14:00:07,658 [INFO] IPUIPlugin:80 - create IPUIPlugin
2024-11-11 14:00:07,658 [INFO] PluginManager:220 - loadIPPluginJar : add spi
2024-11-11 14:00:07,729 [INFO] IPUIPlugin:80 - create IPUIPlugin
2024-11-11 14:00:07,729 [INFO] PluginManager:220 - loadIPPluginJar : add stm32_wpan
2024-11-11 14:00:07,755 [INFO] IPUIPlugin:80 - create IPUIPlugin
2024-11-11 14:00:07,755 [INFO] PluginManager:220 - loadIPPluginJar : add tim
2024-11-11 14:00:07,816 [INFO] IPUIPlugin:80 - create IPUIPlugin
2024-11-11 14:00:07,816 [INFO] PluginManager:220 - loadIPPluginJar : add touchsensing
2024-11-11 14:00:07,840 [INFO] IPUIPlugin:80 - create IPUIPlugin
2024-11-11 14:00:07,840 [INFO] PluginManager:220 - loadIPPluginJar : add tracer_emb
2024-11-11 14:00:07,865 [INFO] IPUIPlugin:80 - create IPUIPlugin
2024-11-11 14:00:07,865 [INFO] PluginManager:220 - loadIPPluginJar : add ts
2024-11-11 14:00:07,887 [INFO] IPUIPlugin:80 - create IPUIPlugin
2024-11-11 14:00:07,888 [INFO] PluginManager:220 - loadIPPluginJar : add tsc
2024-11-11 14:00:07,911 [INFO] IPUIPlugin:80 - create IPUIPlugin
2024-11-11 14:00:07,911 [INFO] PluginManager:220 - loadIPPluginJar : add ucpd
2024-11-11 14:00:07,955 [INFO] IPUIPlugin:80 - create IPUIPlugin
2024-11-11 14:00:07,955 [INFO] PluginManager:220 - loadIPPluginJar : add usart
2024-11-11 14:00:07,999 [INFO] IPUIPlugin:80 - create IPUIPlugin
2024-11-11 14:00:07,999 [INFO] PluginManager:220 - loadIPPluginJar : add usbx
2024-11-11 14:00:08,131 [INFO] CADModel:165 - CPN selected for project level
2024-11-11 14:00:08,131 [INFO] CADModel:114 - Register for checkConnection events
2024-11-11 14:00:08,131 [FATAL] Updater:334 - Updater called before beeing initialized
2024-11-11 14:00:08,132 [ERROR] CADModel:125 - Updater not yet initialized, retry later 
2024-11-11 14:00:08,282 [INFO] CADModel:165 - CPN selected for project level
2024-11-11 14:00:08,282 [INFO] CADModel:114 - Register for checkConnection events
2024-11-11 14:00:08,282 [FATAL] Updater:334 - Updater called before beeing initialized
2024-11-11 14:00:08,282 [ERROR] CADModel:125 - Updater not yet initialized, retry later 
2024-11-11 14:00:08,286 [FATAL] Updater:334 - Updater called before beeing initialized
2024-11-11 14:00:08,400 [FATAL] Updater:334 - Updater called before beeing initialized
2024-11-11 14:00:08,409 [INFO] DbMcusAds:53 - JSON generation date=Fri Sep 20 16:04:38 TRT 2024 (1726837478367)
2024-11-11 14:00:08,410 [FATAL] Updater:334 - Updater called before beeing initialized
2024-11-11 14:00:08,441 [INFO] ThirdPartyUpdaterWithRetryManager:70 - Updater plugin not ready yet. [2/15]
2024-11-11 14:00:08,450 [WARN] DetailPanel:346 - Failed to get advertising image, set to default
2024-11-11 14:00:08,549 [FATAL] Updater:334 - Updater called before beeing initialized
2024-11-11 14:00:08,551 [FATAL] Updater:334 - Updater called before beeing initialized
2024-11-11 14:00:08,551 [FATAL] Updater:334 - Updater called before beeing initialized
2024-11-11 14:00:08,552 [WARN] DetailPanel:346 - Failed to get advertising image, set to default
2024-11-11 14:00:08,552 [FATAL] Updater:334 - Updater called before beeing initialized
2024-11-11 14:00:08,637 [ERROR] Updater:1164 - MainUpdater not yet initialized. External WinMGr cannot be set.
2024-11-11 14:00:08,649 [INFO] Updater:1100 - Updater Version found : 6.12.0
2024-11-11 14:00:08,669 [INFO] ApplicationProperties:184 - Using Application install path: C:\ST\STM32CubeIDE_1.11.2\STM32CubeIDE\plugins\com.st.stm32cube.common.mx_6.12.0.202406281431
2024-11-11 14:00:09,276 [INFO] MainUpdater:2873 - connection check result : 10
2024-11-11 14:00:09,277 [INFO] MainUpdater:290 - Updater Check For Update Now.
2024-11-11 14:00:09,277 [INFO] MicroXplorer:498 - Change Database Version : DB.6.0.120
2024-11-11 14:00:09,292 [INFO] McuFinderGlobals:63 - Set McuFinder mode to 2 (CubeIDE integrated)
2024-11-11 14:00:09,293 [INFO] UserAuth:179 - activating auth plugin
2024-11-11 14:00:09,296 [INFO] UserAuth:417 - Internet connection configuration mode: 1
2024-11-11 14:00:09,326 [INFO] JxBrowserEngine:152 - Initiate JxBrowser Engine with user profile folder
2024-11-11 14:00:09,516 [INFO] CheckServerUpdateThread:120 - End of CheckServer Thread
2024-11-11 14:00:11,745 [WARN] PackLoader:240 - Cannot read IP mode file for STMicroelectronics.FP-SNS-MOTENVWB1.1.4.0
2024-11-11 14:00:11,763 [WARN] PackLoader:240 - Cannot read IP mode file for STMicroelectronics.X-CUBE-SMBUS.2.1.0
2024-11-11 14:00:11,781 [WARN] PackLoader:240 - Cannot read IP mode file for STMicroelectronics.X-CUBE-WB05N.1.1.0
2024-11-11 14:00:11,797 [WARN] PackLoader:240 - Cannot read IP mode file for STMicroelectronics.X-CUBE-TOUCHGFX.4.23.0
2024-11-11 14:00:11,808 [WARN] PackLoader:240 - Cannot read IP mode file for STMicroelectronics.X-CUBE-TOUCHGFX.4.23.2
2024-11-11 14:00:11,849 [WARN] PackLoader:240 - Cannot read IP mode file for STMicroelectronics.X-CUBE-AZRTOS-F7.1.1.0
2024-11-11 14:00:11,869 [WARN] PackLoader:240 - Cannot read IP mode file for STMicroelectronics.FP-SNS-MOTENV1.4.3.2
2024-11-11 14:00:11,963 [WARN] PackLoader:240 - Cannot read IP mode file for STMicroelectronics.X-CUBE-MEMS1.11.0.0
2024-11-11 14:00:12,118 [WARN] PackLoader:240 - Cannot read IP mode file for STMicroelectronics.X-CUBE-BLE1.6.2.4
2024-11-11 14:00:12,132 [WARN] PackLoader:240 - Cannot read IP mode file for STMicroelectronics.FP-SNS-FLIGHT1.5.0.2
2024-11-11 14:00:12,148 [WARN] PackLoader:240 - Cannot read IP mode file for STMicroelectronics.X-CUBE-DISPLAY.3.0.0
2024-11-11 14:00:12,165 [WARN] PackLoader:240 - Cannot read IP mode file for STMicroelectronics.X-CUBE-BLE1.7.0.0
2024-11-11 14:00:12,182 [WARN] PackLoader:240 - Cannot read IP mode file for STMicroelectronics.X-CUBE-NFC10.1.0.0
2024-11-11 14:00:12,197 [WARN] PackLoader:240 - Cannot read IP mode file for STMicroelectronics.X-CUBE-TOUCHGFX.4.22.0
2024-11-11 14:00:12,211 [WARN] PackLoader:240 - Cannot read IP mode file for STMicroelectronics.X-CUBE-TOUCHGFX.4.22.1
2024-11-11 14:00:12,229 [WARN] PackLoader:240 - Cannot read IP mode file for STMicroelectronics.X-CUBE-BLEMGR.3.1.0
2024-11-11 14:00:12,258 [WARN] PackLoader:240 - Cannot read IP mode file for STMicroelectronics.FP-SNS-SMARTAG2.1.2.0
2024-11-11 14:00:12,294 [INFO] LogOutputStream:77 - [STDOUT_REDIRECT] 1 : Invalid condition id : UX_CORESTACK_Condition cause : null
2024-11-11 14:00:12,296 [INFO] LogOutputStream:77 - [STDOUT_REDIRECT] 1 : Invalid condition id : UX_CORESTACK_Condition cause : null
2024-11-11 14:00:12,298 [INFO] LogOutputStream:77 - [STDOUT_REDIRECT] 1 : Invalid condition id : UX_CORESTACK_Condition cause : null
2024-11-11 14:00:12,300 [INFO] LogOutputStream:77 - [STDOUT_REDIRECT] 1 : Invalid condition id : UX_CORESTACK_Condition cause : null
2024-11-11 14:00:12,301 [INFO] LogOutputStream:77 - [STDOUT_REDIRECT] 1 : Invalid condition id : UX_CORESTACK_Condition cause : null
2024-11-11 14:00:12,307 [WARN] PackLoader:240 - Cannot read IP mode file for STMicroelectronics.X-CUBE-AZRTOS-WL.2.0.0
2024-11-11 14:00:12,342 [WARN] PackLoader:240 - Cannot read IP mode file for STMicroelectronics.FP-SNS-MOTENV1.5.0.0
2024-11-11 14:00:12,364 [WARN] PackLoader:240 - Cannot read IP mode file for wolfSSL.I-CUBE-wolfMQTT.1.19.0
2024-11-11 14:00:12,385 [WARN] PackLoader:240 - Cannot read IP mode file for WES.I-CUBE-Cesium.1.3.0
2024-11-11 14:00:12,401 [WARN] PackLoader:240 - Cannot read IP mode file for STMicroelectronics.X-CUBE-BLE2.3.3.0
2024-11-11 14:00:12,424 [WARN] PackLoader:240 - Cannot read IP mode file for STMicroelectronics.X-CUBE-TOF1.3.2.0
2024-11-11 14:00:12,444 [WARN] PackLoader:240 - Cannot read IP mode file for STMicroelectronics.X-CUBE-NFC9.1.0.0
2024-11-11 14:00:12,459 [WARN] PackLoader:240 - Cannot read IP mode file for STMicroelectronics.X-CUBE-TCPP.4.1.0
2024-11-11 14:00:12,474 [WARN] PackLoader:240 - Cannot read IP mode file for STMicroelectronics.X-CUBE-TOUCHGFX.4.21.1
2024-11-11 14:00:12,490 [WARN] PackLoader:240 - Cannot read IP mode file for STMicroelectronics.X-CUBE-AI.7.3.0
2024-11-11 14:00:12,504 [WARN] PackLoader:240 - Cannot read IP mode file for STMicroelectronics.X-CUBE-ALGOBUILD.1.3.0
2024-11-11 14:00:12,531 [WARN] PackLoader:240 - Cannot read IP mode file for STMicroelectronics.X-CUBE-AZRTOS-G0.1.1.0
2024-11-11 14:00:12,553 [WARN] PackLoader:240 - Cannot read IP mode file for STMicroelectronics.X-CUBE-SAFEA1.1.2.2
2024-11-11 14:00:12,575 [WARN] PackLoader:240 - Cannot read IP mode file for STMicroelectronics.X-CUBE-NFC4.3.0.0
2024-11-11 14:00:12,591 [WARN] PackLoader:240 - Cannot read IP mode file for wolfSSL.I-CUBE-wolfMQTT.1.18.0
2024-11-11 14:00:12,614 [WARN] PackLoader:240 - Cannot read IP mode file for EmbeddedOffice.I-CUBE-FS-RTOS.1.0.1
2024-11-11 14:00:12,614 [ERROR] ConditionMgr:805 - Attr not supported : Dmpu
2024-11-11 14:00:12,614 [ERROR] ConditionMgr:805 - Attr not supported : Dmpu
2024-11-11 14:00:12,614 [ERROR] ConditionMgr:805 - Attr not supported : Dmpu
2024-11-11 14:00:12,614 [ERROR] ConditionMgr:805 - Attr not supported : Dmpu
2024-11-11 14:00:12,614 [ERROR] ConditionMgr:805 - Attr not supported : Dmpu
2024-11-11 14:00:12,614 [ERROR] ConditionMgr:805 - Attr not supported : Dmpu
2024-11-11 14:00:12,614 [ERROR] ConditionMgr:805 - Attr not supported : Dmpu
2024-11-11 14:00:12,614 [ERROR] ConditionMgr:805 - Attr not supported : Dmpu
2024-11-11 14:00:12,614 [ERROR] ConditionMgr:805 - Attr not supported : Dmpu
2024-11-11 14:00:12,616 [ERROR] ConditionMgr:805 - Attr not supported : Dmpu
2024-11-11 14:00:12,616 [ERROR] ConditionMgr:805 - Attr not supported : Dmpu
2024-11-11 14:00:12,616 [ERROR] ConditionMgr:805 - Attr not supported : Dmpu
2024-11-11 14:00:12,616 [ERROR] ConditionMgr:805 - Attr not supported : Dmpu
2024-11-11 14:00:12,616 [ERROR] ConditionMgr:805 - Attr not supported : Dmpu
2024-11-11 14:00:12,616 [ERROR] ConditionMgr:805 - Attr not supported : Dmpu
2024-11-11 14:00:12,616 [ERROR] ConditionMgr:805 - Attr not supported : Dmpu
2024-11-11 14:00:12,616 [ERROR] ConditionMgr:805 - Attr not supported : Dmpu
2024-11-11 14:00:12,616 [ERROR] ConditionMgr:805 - Attr not supported : Dmpu
2024-11-11 14:00:12,616 [ERROR] ConditionMgr:805 - Attr not supported : Dmpu
2024-11-11 14:00:12,616 [ERROR] ConditionMgr:805 - Attr not supported : Dmpu
2024-11-11 14:00:12,616 [ERROR] ConditionMgr:805 - Attr not supported : Dmpu
2024-11-11 14:00:12,616 [ERROR] ConditionMgr:805 - Attr not supported : Dmpu
2024-11-11 14:00:12,616 [ERROR] ConditionMgr:805 - Attr not supported : Dmpu
2024-11-11 14:00:12,616 [ERROR] ConditionMgr:805 - Attr not supported : Dmpu
2024-11-11 14:00:12,616 [ERROR] ConditionMgr:805 - Attr not supported : Dmpu
2024-11-11 14:00:12,617 [ERROR] ConditionMgr:805 - Attr not supported : Dmpu
2024-11-11 14:00:12,617 [ERROR] ConditionMgr:805 - Attr not supported : Dmpu
2024-11-11 14:00:12,617 [ERROR] ConditionMgr:805 - Attr not supported : Dmpu
2024-11-11 14:00:12,617 [ERROR] ConditionMgr:805 - Attr not supported : Dmpu
2024-11-11 14:00:12,617 [ERROR] ConditionMgr:805 - Attr not supported : Dmpu
2024-11-11 14:00:12,617 [ERROR] ConditionMgr:805 - Attr not supported : Dmpu
2024-11-11 14:00:12,617 [ERROR] ConditionMgr:805 - Attr not supported : Dmpu
2024-11-11 14:00:12,617 [ERROR] ConditionMgr:805 - Attr not supported : Dmpu
2024-11-11 14:00:12,617 [ERROR] ConditionMgr:805 - Attr not supported : Dmpu
2024-11-11 14:00:12,617 [ERROR] ConditionMgr:805 - Attr not supported : Dmpu
2024-11-11 14:00:12,617 [ERROR] ConditionMgr:805 - Attr not supported : Dmpu
2024-11-11 14:00:12,617 [ERROR] ConditionMgr:805 - Attr not supported : Dmpu
2024-11-11 14:00:12,617 [ERROR] ConditionMgr:805 - Attr not supported : Dmpu
2024-11-11 14:00:12,617 [ERROR] ConditionMgr:805 - Attr not supported : Dmpu
2024-11-11 14:00:12,617 [ERROR] ConditionMgr:805 - Attr not supported : Dmpu
2024-11-11 14:00:12,617 [ERROR] ConditionMgr:805 - Attr not supported : Dmpu
2024-11-11 14:00:12,617 [ERROR] ConditionMgr:805 - Attr not supported : Dmpu
2024-11-11 14:00:12,617 [ERROR] ConditionMgr:805 - Attr not supported : Dmpu
2024-11-11 14:00:12,617 [ERROR] ConditionMgr:805 - Attr not supported : Dmpu
2024-11-11 14:00:12,617 [ERROR] ConditionMgr:805 - Attr not supported : Dmpu
2024-11-11 14:00:12,618 [ERROR] ConditionMgr:805 - Attr not supported : Dmpu
2024-11-11 14:00:12,618 [ERROR] ConditionMgr:805 - Attr not supported : Dmpu
2024-11-11 14:00:12,618 [ERROR] ConditionMgr:805 - Attr not supported : Dmpu
2024-11-11 14:00:12,618 [ERROR] ConditionMgr:805 - Attr not supported : Dmpu
2024-11-11 14:00:12,618 [ERROR] ConditionMgr:805 - Attr not supported : Dmpu
2024-11-11 14:00:12,618 [ERROR] ConditionMgr:805 - Attr not supported : Dmpu
2024-11-11 14:00:12,618 [ERROR] ConditionMgr:805 - Attr not supported : Dmpu
2024-11-11 14:00:12,618 [ERROR] ConditionMgr:805 - Attr not supported : Dmpu
2024-11-11 14:00:12,618 [ERROR] ConditionMgr:805 - Attr not supported : Dmpu
2024-11-11 14:00:12,618 [ERROR] ConditionMgr:805 - Attr not supported : Dmpu
2024-11-11 14:00:12,618 [ERROR] ConditionMgr:805 - Attr not supported : Dmpu
2024-11-11 14:00:12,618 [ERROR] ConditionMgr:805 - Attr not supported : Dmpu
2024-11-11 14:00:12,618 [ERROR] ConditionMgr:805 - Attr not supported : Dmpu
2024-11-11 14:00:12,618 [ERROR] ConditionMgr:805 - Attr not supported : Dmpu
2024-11-11 14:00:12,618 [ERROR] ConditionMgr:805 - Attr not supported : Dmpu
2024-11-11 14:00:12,618 [ERROR] ConditionMgr:805 - Attr not supported : Dmpu
2024-11-11 14:00:12,618 [ERROR] ConditionMgr:805 - Attr not supported : Dmpu
2024-11-11 14:00:12,618 [ERROR] ConditionMgr:805 - Attr not supported : Dmpu
2024-11-11 14:00:12,618 [ERROR] ConditionMgr:805 - Attr not supported : Dmpu
2024-11-11 14:00:12,634 [WARN] PackLoader:240 - Cannot read IP mode file for STMicroelectronics.X-CUBE-BLEMGR.3.0.0
2024-11-11 14:00:12,651 [WARN] PackLoader:240 - Cannot read IP mode file for STMicroelectronics.X-CUBE-BLEMGR.1.3.0
2024-11-11 14:00:12,669 [WARN] PackLoader:240 - Cannot read IP mode file for RealThread.X-CUBE-RT-Thread_Nano.4.1.1
2024-11-11 14:00:12,683 [WARN] PackLoader:240 - Cannot read IP mode file for STMicroelectronics.FP-ATR-SIGFOX1.3.2.0
2024-11-11 14:00:12,700 [WARN] PackLoader:240 - Cannot read IP mode file for STMicroelectronics.X-CUBE-EEPRMA1.5.1.0
2024-11-11 14:00:12,759 [WARN] PackLoader:240 - Cannot read IP mode file for STMicroelectronics.X-CUBE-MEMS1.9.5.0
2024-11-11 14:00:12,892 [WARN] PackLoader:240 - Cannot read IP mode file for SEGGER.I-CUBE-embOS.1.3.1
2024-11-11 14:00:12,949 [WARN] PackLoader:240 - Cannot read IP mode file for STMicroelectronics.X-CUBE-ALGOBUILD.1.4.0
2024-11-11 14:00:12,968 [WARN] PackLoader:240 - Cannot read IP mode file for STMicroelectronics.X-CUBE-AI.9.1.0
2024-11-11 14:00:12,988 [WARN] PackLoader:240 - Cannot read IP mode file for STMicroelectronics.X-CUBE-GNSS1.6.0.0
2024-11-11 14:00:13,019 [WARN] PackLoader:240 - Cannot read IP mode file for STMicroelectronics.X-CUBE-AZRTOS-F4.1.1.0
2024-11-11 14:00:13,037 [WARN] PackLoader:240 - Cannot read IP mode file for STMicroelectronics.X-CUBE-ISPU.2.1.0
2024-11-11 14:00:13,054 [WARN] PackLoader:240 - Cannot read IP mode file for STMicroelectronics.X-CUBE-FREERTOS.1.2.0
2024-11-11 14:00:13,087 [WARN] PackLoader:240 - Cannot read IP mode file for STMicroelectronics.X-CUBE-AZRTOS-L5.2.0.0
2024-11-11 14:00:13,161 [WARN] PackLoader:240 - Cannot read IP mode file for STMicroelectronics.X-CUBE-MEMS1.9.6.0
2024-11-11 14:00:13,284 [WARN] PackLoader:240 - Cannot read IP mode file for STMicroelectronics.X-CUBE-EEPRMA1.4.2.0
2024-11-11 14:00:13,300 [WARN] PackLoader:240 - Cannot read IP mode file for STMicroelectronics.X-CUBE-NFC6.3.1.0
2024-11-11 14:00:13,317 [WARN] PackLoader:240 - Cannot read IP mode file for ITTIA_DB.I-CUBE-ITTIADB.8.8.0
2024-11-11 14:00:13,333 [WARN] PackLoader:240 - Cannot read IP mode file for emotas.I-CUBE-CANOPEN.1.1.3
2024-11-11 14:00:13,348 [WARN] PackLoader:240 - Cannot read IP mode file for STMicroelectronics.X-CUBE-BLEMGR.2.0.0
2024-11-11 14:00:13,362 [WARN] PackLoader:240 - Cannot read IP mode file for STMicroelectronics.X-CUBE-DPower.1.2.0
2024-11-11 14:00:13,376 [WARN] PackLoader:240 - Cannot read IP mode file for STMicroelectronics.X-CUBE-AI.9.0.0
2024-11-11 14:00:13,402 [WARN] ConditionMgr:438 - getConditionDescription Invalid condition id : UX DEVICE CLASS RTOS Condition cause : null
2024-11-11 14:00:13,402 [WARN] ConditionMgr:438 - getConditionDescription Invalid condition id : UX DEVICE CLASS RTOS Condition cause : null
2024-11-11 14:00:13,404 [WARN] PackLoader:240 - Cannot read IP mode file for STMicroelectronics.X-CUBE-AZRTOS-H7.3.1.0
2024-11-11 14:00:13,405 [WARN] ConditionMgr:1039 - genDependencies : Invalid condition id : UX DEVICE CLASS RTOS Condition cause : null
2024-11-11 14:00:13,406 [WARN] ConditionMgr:1039 - genDependencies : Invalid condition id : UX DEVICE CLASS RTOS Condition cause : null
2024-11-11 14:00:13,406 [WARN] ConditionMgr:1039 - genDependencies : Invalid condition id : UX DEVICE CLASS RTOS Condition cause : null
2024-11-11 14:00:13,406 [WARN] ConditionMgr:1039 - genDependencies : Invalid condition id : UX DEVICE CLASS RTOS Condition cause : null
2024-11-11 14:00:13,406 [WARN] ConditionMgr:1039 - genDependencies : Invalid condition id : UX DEVICE CLASS RTOS Condition cause : null
2024-11-11 14:00:13,420 [WARN] PackLoader:240 - Cannot read IP mode file for wolfSSL.I-CUBE-wolfSSL.5.5.4
2024-11-11 14:00:13,435 [WARN] PackLoader:240 - Cannot read IP mode file for STMicroelectronics.X-CUBE-NFC7.1.0.1
2024-11-11 14:00:13,448 [WARN] PackLoader:240 - Cannot read IP mode file for STMicroelectronics.X-CUBE-NFC7.1.0.0
2024-11-11 14:00:13,463 [WARN] PackLoader:240 - Cannot read IP mode file for wolfSSL.I-CUBE-wolfTPM.3.2.0
2024-11-11 14:00:13,478 [WARN] PackLoader:240 - Cannot read IP mode file for STMicroelectronics.X-CUBE-NFC6.3.0.0
2024-11-11 14:00:13,493 [WARN] PackLoader:240 - Cannot read IP mode file for STMicroelectronics.X-CUBE-EEPRMA1.4.1.0
2024-11-11 14:00:13,510 [WARN] PackLoader:240 - Cannot read IP mode file for STMicroelectronics.X-CUBE-AI.8.1.0
2024-11-11 14:00:13,555 [WARN] ConditionMgr:438 - getConditionDescription Invalid condition id : LAN8742 Phy interface Condition cause : null
2024-11-11 14:00:13,556 [WARN] PackLoader:240 - Cannot read IP mode file for STMicroelectronics.X-CUBE-AZRTOS-L4.2.0.0
2024-11-11 14:00:13,558 [WARN] ConditionMgr:1039 - genDependencies : Invalid condition id : LAN8742 Phy interface Condition cause : null
2024-11-11 14:00:13,558 [WARN] ConditionMgr:1039 - genDependencies : Invalid condition id : LAN8742 Phy interface Condition cause : null
2024-11-11 14:00:13,559 [WARN] ConditionMgr:1039 - genDependencies : Invalid condition id : LAN8742 Phy interface Condition cause : null
2024-11-11 14:00:13,585 [WARN] PackLoader:240 - Cannot read IP mode file for STMicroelectronics.X-CUBE-SFXS2LP1.4.0.0
2024-11-11 14:00:13,626 [WARN] PackLoader:240 - Cannot read IP mode file for STMicroelectronics.X-CUBE-AZRTOS-H7.3.0.0
2024-11-11 14:00:13,655 [WARN] PackLoader:240 - Cannot read IP mode file for STMicroelectronics.X-CUBE-ISPU.1.1.0
2024-11-11 14:00:13,693 [WARN] PackLoader:240 - Cannot read IP mode file for STMicroelectronics.X-CUBE-AZRTOS-H7.3.3.0
2024-11-11 14:00:13,715 [WARN] PackLoader:240 - Cannot read IP mode file for RoweBots.I-CUBE-UNISONRTOS.5.5.0-4
2024-11-11 14:00:13,729 [WARN] PackLoader:240 - Cannot read IP mode file for STMicroelectronics.X-CUBE-AI.8.0.0
2024-11-11 14:00:13,748 [WARN] PackLoader:240 - Cannot read IP mode file for STMicroelectronics.X-CUBE-IPS.3.0.0
2024-11-11 14:00:13,774 [WARN] ConditionMgr:438 - getConditionDescription Invalid condition id : UX DEVICE CLASS RTOS Condition cause : null
2024-11-11 14:00:13,775 [WARN] ConditionMgr:438 - getConditionDescription Invalid condition id : UX DEVICE CLASS RTOS Condition cause : null
2024-11-11 14:00:13,777 [WARN] PackLoader:240 - Cannot read IP mode file for STMicroelectronics.X-CUBE-AZRTOS-WB.2.0.0
2024-11-11 14:00:13,777 [WARN] ConditionMgr:1039 - genDependencies : Invalid condition id : UX DEVICE CLASS RTOS Condition cause : null
2024-11-11 14:00:13,777 [WARN] ConditionMgr:1039 - genDependencies : Invalid condition id : UX DEVICE CLASS RTOS Condition cause : null
2024-11-11 14:00:13,777 [WARN] ConditionMgr:1039 - genDependencies : Invalid condition id : UX DEVICE CLASS RTOS Condition cause : null
2024-11-11 14:00:13,778 [WARN] ConditionMgr:1039 - genDependencies : Invalid condition id : UX DEVICE CLASS RTOS Condition cause : null
2024-11-11 14:00:13,778 [WARN] ConditionMgr:1039 - genDependencies : Invalid condition id : UX DEVICE CLASS RTOS Condition cause : null
2024-11-11 14:00:13,789 [WARN] PackLoader:240 - Cannot read IP mode file for STMicroelectronics.X-CUBE-FREERTOS.1.0.1
2024-11-11 14:00:13,803 [WARN] PackLoader:240 - Cannot read IP mode file for STMicroelectronics.X-CUBE-GNSS1.7.0.0
2024-11-11 14:00:13,818 [WARN] PackLoader:240 - Cannot read IP mode file for STMicroelectronics.FP-SNS-STBOX1.2.0.0
2024-11-11 14:00:13,842 [WARN] PackLoader:240 - Cannot read IP mode file for STMicroelectronics.X-CUBE-AZRTOS-L5.1.1.0
2024-11-11 14:00:13,864 [WARN] PackLoader:240 - Cannot read IP mode file for STMicroelectronics.X-CUBE-SUBG2.5.0.0
2024-11-11 14:00:13,884 [WARN] PackLoader:240 - Cannot read IP mode file for STMicroelectronics.X-CUBE-TOF1.3.3.1
2024-11-11 14:00:13,916 [WARN] PackLoader:240 - Cannot read IP mode file for STMicroelectronics.X-CUBE-AZRTOS-G4.2.0.0
2024-11-11 14:00:13,929 [WARN] PackLoader:240 - Cannot read IP mode file for STMicroelectronics.FP-ATR-ASTRA1.1.1.1
2024-11-11 14:00:13,955 [WARN] PackLoader:240 - Cannot read IP mode file for Infineon.AIROC-Wi-Fi-Bluetooth-STM32.1.5.1
2024-11-11 14:00:13,971 [WARN] PackLoader:240 - Cannot read IP mode file for STMicroelectronics.FP-SNS-MOTENVWB1.1.3.0
2024-11-11 14:00:13,985 [WARN] PackLoader:240 - Cannot read IP mode file for STMicroelectronics.FP-SNS-MOTENVWB1.1.3.1
2024-11-11 14:00:14,010 [WARN] PackLoader:240 - Cannot read IP mode file for STMicroelectronics.X-CUBE-AZRTOS-G4.1.0.0
2024-11-11 14:00:14,039 [WARN] PackLoader:240 - Cannot read IP mode file for STMicroelectronics.X-CUBE-AZRTOS-L4.1.0.0
2024-11-11 14:00:14,052 [WARN] PackLoader:240 - Cannot read IP mode file for STMicroelectronics.X-CUBE-ISPU.2.0.0
2024-11-11 14:00:14,065 [WARN] PackLoader:240 - Cannot read IP mode file for STMicroelectronics.X-CUBE-ALS.1.0.2
2024-11-11 14:00:14,119 [WARN] PackLoader:240 - Cannot read IP mode file for STMicroelectronics.X-CUBE-MEMS1.10.0.0
2024-11-11 14:00:14,203 [WARN] PackLoader:240 - Cannot read IP mode file for STMicroelectronics.X-CUBE-FREERTOS.1.1.0
2024-11-11 14:00:14,216 [WARN] PackLoader:240 - Cannot read IP mode file for STMicroelectronics.X-CUBE-TOUCHGFX.4.24.0
2024-11-11 14:00:14,238 [WARN] PackLoader:240 - Cannot read IP mode file for STMicroelectronics.X-CUBE-AZRTOS-WL.1.0.0
2024-11-11 14:00:14,253 [WARN] PackLoader:240 - Cannot read IP mode file for STMicroelectronics.X-CUBE-TOUCHGFX.4.24.1
2024-11-11 14:00:14,268 [WARN] PackLoader:240 - Cannot read IP mode file for portGmbH.I-Cube-SoM-uGOAL.1.1.0
2024-11-11 14:00:14,281 [WARN] PackLoader:240 - Cannot read IP mode file for STMicroelectronics.X-CUBE-ALS.1.0.1
2024-11-11 14:00:14,304 [WARN] PackLoader:240 - Cannot read IP mode file for STMicroelectronics.X-CUBE-AZRTOS-WB.1.1.0
2024-11-11 14:00:14,332 [WARN] PackLoader:240 - Cannot read IP mode file for STMicroelectronics.X-CUBE-AZRTOS-H7RS.1.0.0
2024-11-11 14:00:14,348 [WARN] PackLoader:240 - Cannot read IP mode file for STMicroelectronics.FP-ATR-ASTRA1.2.0.0
2024-11-11 14:00:14,366 [WARN] PackLoader:240 - Cannot read IP mode file for STMicroelectronics.X-CUBE-TOF1.3.4.2
2024-11-11 14:00:14,391 [WARN] PackLoader:240 - Cannot read IP mode file for STMicroelectronics.X-CUBE-TOF1.3.4.0
2024-11-11 14:00:14,418 [WARN] PackLoader:240 - Cannot read IP mode file for STMicroelectronics.X-CUBE-TOF1.3.4.1
2024-11-11 14:00:14,469 [WARN] PackLoader:240 - Cannot read IP mode file for STMicroelectronics.X-CUBE-AZRTOS-H7.3.2.0
2024-11-11 14:00:14,488 [WARN] PackLoader:240 - Cannot read IP mode file for wolfSSL.I-CUBE-wolfSSH.1.4.17
2024-11-11 14:00:14,489 [INFO] ThirdParty:978 - Integrity check success = true
2024-11-11 14:00:14,489 [INFO] IntegrityCheckThread:100 - exiting critical section [integrity check]
2024-11-11 14:00:14,489 [INFO] IntegrityCheckThread:103 - End integrity checks thread
2024-11-11 14:00:15,955 [INFO] WebApp:167 - Instantiating new browser for Auth
2024-11-11 14:00:16,783 [INFO] WebApp:448 - Apply proxy settings
2024-11-11 14:00:16,783 [INFO] WebApp:533 - Chromium requires no authentication
2024-11-11 14:00:16,793 [INFO] WebApp:476 - Direct internet connection detected
2024-11-11 14:00:16,823 [INFO] WebApp:869 - Register for checkConnection events
2024-11-11 14:00:16,823 [INFO] WebApp:448 - Apply proxy settings
2024-11-11 14:00:16,823 [INFO] WebApp:533 - Chromium requires no authentication
2024-11-11 14:00:16,824 [INFO] WebApp:476 - Direct internet connection detected
2024-11-11 14:00:17,047 [INFO] WebApp:220 - Starting web application
2024-11-11 14:00:17,047 [INFO] WebApp:578 - Web application path used C:\ST\STM32CubeIDE_1.11.2\STM32CubeIDE\plugins\com.st.stm32cube.common.mx_6.12.0.202406281431\db\plugins\mcufinder\reactClient1\index.html
2024-11-11 14:00:17,375 [INFO] WebApp:186 - Connection restablished
