2024-11-08 14:32:08,893 [INFO] Activator:176 - 


2024-11-08 14:32:08,903 [INFO] Activator:177 - !SESSION log4j initialized
2024-11-08 14:32:17,196 [INFO] LogOutputStream:77 - [STDOUT_REDIRECT] 
2024-11-08 14:32:19,686 [INFO] ApplicationProperties:184 - Using Application install path: C:\ST\STM32CubeIDE_1.11.2\STM32CubeIDE\plugins\com.st.stm32cube.common.mx_6.12.0.202406281431
2024-11-08 14:32:19,709 [INFO] DbMcusXml:78 - Set database path to: C:\ST\STM32CubeIDE_1.11.2\STM32CubeIDE\plugins\com.st.stm32cube.common.mx_6.12.0.202406281431\\db\/mcu/
2024-11-08 14:32:19,710 [INFO] ApiDb:274 - Set plugin database path to: C:\ST\STM32CubeIDE_1.11.2\STM32CubeIDE\plugins\com.st.stm32cube.common.mx_6.12.0.202406281431\\db\/plugins/boardmanager/
2024-11-08 14:32:19,710 [WARN] ApiDb:259 - Overriding images path with different value:  => C:\ST\STM32CubeIDE_1.11.2\STM32CubeIDE\plugins\com.st.stm32cube.common.mx_6.12.0.202406281431\\db\/plugins/mcufinder/images/
2024-11-08 14:32:19,731 [INFO] ApiDb:250 - Set database path to: C:\Users\erkan\.stmcufinder\plugins\mcufinder//mcu/
2024-11-08 14:32:19,734 [INFO] DbMcusAds:125 - Set database path to: C:\Users\erkan\.stmcufinder\plugins\mcufinder//mcu/
2024-11-08 14:32:19,738 [INFO] CrossReferenceDbSqlite:203 - Set database path to: C:\Users\erkan\.stmcufinder\plugins\mcufinder//mcu/cs/
2024-11-08 14:32:19,880 [INFO] RulesReader:64 - Compatibility file has been processed (297 Rules)
2024-11-08 14:32:19,993 [INFO] DbMcusXml:78 - Set database path to: C:\ST\STM32CubeIDE_1.11.2\STM32CubeIDE\plugins\com.st.stm32cube.common.mx_6.12.0.202406281431\\db\/mcu/
2024-11-08 14:32:19,993 [INFO] ApiDb:274 - Set plugin database path to: C:\ST\STM32CubeIDE_1.11.2\STM32CubeIDE\plugins\com.st.stm32cube.common.mx_6.12.0.202406281431\\db\/plugins/boardmanager/
2024-11-08 14:32:19,993 [INFO] ApiDb:261 - Set plugin images path to: C:\ST\STM32CubeIDE_1.11.2\STM32CubeIDE\plugins\com.st.stm32cube.common.mx_6.12.0.202406281431\\db\/plugins/mcufinder/images/
2024-11-08 14:32:19,994 [WARN] DbFile:41 - Overriding database path with different value: C:\Users\erkan\.stmcufinder\plugins\mcufinder/ => C:\Users\erkan\.stmcufinder\plugins\mcufinder
2024-11-08 14:32:19,994 [INFO] ApiDb:250 - Set database path to: C:\Users\erkan\.stmcufinder\plugins\mcufinder//mcu/
2024-11-08 14:32:19,994 [WARN] DbFile:41 - Overriding database path with different value: C:\Users\erkan\.stmcufinder\plugins\mcufinder/ => C:\Users\erkan\.stmcufinder\plugins\mcufinder
2024-11-08 14:32:19,994 [INFO] DbMcusAds:125 - Set database path to: C:\Users\erkan\.stmcufinder\plugins\mcufinder//mcu/
2024-11-08 14:32:19,994 [WARN] DbFile:41 - Overriding database path with different value: C:\Users\erkan\.stmcufinder\plugins\mcufinder/ => C:\Users\erkan\.stmcufinder\plugins\mcufinder
2024-11-08 14:32:19,994 [WARN] DbFile:41 - Overriding database path with different value: C:\Users\erkan\.stmcufinder\plugins\mcufinder/ => C:\Users\erkan\.stmcufinder\plugins\mcufinder
2024-11-08 14:32:19,994 [INFO] CrossReferenceDbSqlite:203 - Set database path to: C:\Users\erkan\.stmcufinder\plugins\mcufinder//mcu/cs/
2024-11-08 14:32:20,111 [INFO] MainPanel:268 - HeapMemory: 268435456
2024-11-08 14:32:20,240 [INFO] DbMcusXml:78 - Set database path to: C:\ST\STM32CubeIDE_1.11.2\STM32CubeIDE\plugins\com.st.stm32cube.common.mx_6.12.0.202406281431\\db\/mcu/
2024-11-08 14:32:20,240 [INFO] ApiDb:274 - Set plugin database path to: C:\ST\STM32CubeIDE_1.11.2\STM32CubeIDE\plugins\com.st.stm32cube.common.mx_6.12.0.202406281431\\db\/plugins/boardmanager/
2024-11-08 14:32:20,240 [INFO] ApiDb:261 - Set plugin images path to: C:\ST\STM32CubeIDE_1.11.2\STM32CubeIDE\plugins\com.st.stm32cube.common.mx_6.12.0.202406281431\\db\/plugins/mcufinder/images/
2024-11-08 14:32:20,241 [WARN] DbFile:41 - Overriding database path with different value: C:\Users\erkan\.stmcufinder\plugins\mcufinder/ => C:\Users\erkan\.stmcufinder\plugins\mcufinder
2024-11-08 14:32:20,241 [INFO] ApiDb:250 - Set database path to: C:\Users\erkan\.stmcufinder\plugins\mcufinder//mcu/
2024-11-08 14:32:20,241 [WARN] DbFile:41 - Overriding database path with different value: C:\Users\erkan\.stmcufinder\plugins\mcufinder/ => C:\Users\erkan\.stmcufinder\plugins\mcufinder
2024-11-08 14:32:20,241 [INFO] DbMcusAds:125 - Set database path to: C:\Users\erkan\.stmcufinder\plugins\mcufinder//mcu/
2024-11-08 14:32:20,241 [WARN] DbFile:41 - Overriding database path with different value: C:\Users\erkan\.stmcufinder\plugins\mcufinder/ => C:\Users\erkan\.stmcufinder\plugins\mcufinder
2024-11-08 14:32:20,241 [WARN] DbFile:41 - Overriding database path with different value: C:\Users\erkan\.stmcufinder\plugins\mcufinder/ => C:\Users\erkan\.stmcufinder\plugins\mcufinder
2024-11-08 14:32:20,241 [INFO] CrossReferenceDbSqlite:203 - Set database path to: C:\Users\erkan\.stmcufinder\plugins\mcufinder//mcu/cs/
2024-11-08 14:32:20,261 [INFO] ApplicationProperties:184 - Using Application install path: C:\ST\STM32CubeIDE_1.11.2\STM32CubeIDE\plugins\com.st.stm32cube.common.mx_6.12.0.202406281431
2024-11-08 14:32:20,262 [INFO] PluginManage:196 - Search for loadable plugins [exclusion list=, ]
2024-11-08 14:32:20,264 [INFO] PluginManage:310 - Check plugin analytics
2024-11-08 14:32:20,441 [INFO] AnalyticsPlugin:253 - Accepted Software Licenses: STM32CubeMX.6.9.2
2024-11-08 14:32:20,442 [INFO] AnalyticsPlugin:255 - Accepted CMSIS Pack Licenses: 
2024-11-08 14:32:20,442 [INFO] AnalyticsPlugin:257 - Accepted Firmware Licenses: FW.F4.1.28.0
2024-11-08 14:32:20,445 [INFO] PluginManage:359 - Loaded plugin analytics (category:tool,tabindex:-1)
2024-11-08 14:32:20,445 [INFO] PluginManage:310 - Check plugin cadmodel
2024-11-08 14:32:20,465 [INFO] CADModel:105 - Init CAD model plugin
2024-11-08 14:32:20,465 [INFO] PluginManage:359 - Loaded plugin cadmodel (category:power,tabindex:5)
2024-11-08 14:32:20,465 [INFO] PluginManage:310 - Check plugin clock
2024-11-08 14:32:20,486 [INFO] PluginManage:359 - Loaded plugin clock (category:base,tabindex:2)
2024-11-08 14:32:20,486 [INFO] PluginManage:310 - Check plugin ddr
2024-11-08 14:32:20,489 [INFO] PluginManage:359 - Loaded plugin ddr (category:tool,tabindex:6)
2024-11-08 14:32:20,489 [INFO] PluginManage:310 - Check plugin filemanager
2024-11-08 14:32:20,637 [INFO] PluginManage:359 - Loaded plugin filemanager (category:base,tabindex:10)
2024-11-08 14:32:20,638 [INFO] PluginManage:310 - Check plugin ipmanager
2024-11-08 14:32:20,649 [INFO] PluginManage:359 - Loaded plugin ipmanager (category:base,tabindex:5)
2024-11-08 14:32:20,649 [INFO] PluginManage:310 - Check plugin lpbam
2024-11-08 14:32:20,670 [INFO] PluginManage:359 - Loaded plugin lpbam (category:base,tabindex:0)
2024-11-08 14:32:20,670 [INFO] PluginManage:310 - Check plugin memorymap
2024-11-08 14:32:20,698 [INFO] PluginManage:359 - Loaded plugin memorymap (category:base,tabindex:4)
2024-11-08 14:32:20,698 [INFO] PluginManage:310 - Check plugin pinoutandconfiguration
2024-11-08 14:32:20,715 [INFO] PluginManage:359 - Loaded plugin pinoutandconfiguration (category:base,tabindex:1)
2024-11-08 14:32:20,715 [INFO] PluginManage:310 - Check plugin pinoutconfig
2024-11-08 14:32:20,816 [WARN] SupportedApi:132 - Cannot load RTOS API schema: s4s-elt-must-match.1: The content of 'definitions' must match (annotation?, (simpleType | complexType)?, (unique | key | keyref)*)). A problem was found starting at: attribute.
2024-11-08 14:32:20,955 [INFO] PluginManage:359 - Loaded plugin pinoutconfig (category:base,tabindex:0)
2024-11-08 14:32:20,956 [INFO] PluginManage:310 - Check plugin power
2024-11-08 14:32:20,977 [INFO] PluginManage:359 - Loaded plugin power (category:power,tabindex:4)
2024-11-08 14:32:20,977 [INFO] PluginManage:310 - Check plugin projectmanager
2024-11-08 14:32:20,994 [INFO] PluginManage:359 - Loaded plugin projectmanager (category:projectmanager,tabindex:4)
2024-11-08 14:32:20,994 [INFO] PluginManage:310 - Check plugin rif
2024-11-08 14:32:21,012 [INFO] PluginManage:359 - Loaded plugin rif (category:base,tabindex:3)
2024-11-08 14:32:21,012 [INFO] PluginManage:310 - Check plugin thirdparty
2024-11-08 14:32:21,313 [INFO] PluginManage:359 - Loaded plugin thirdparty (category:base,tabindex:-1)
2024-11-08 14:32:21,313 [WARN] IntegrityCheckThread:84 - waiting for thirdparty lock release [integrity check]
2024-11-08 14:32:21,313 [INFO] PluginManage:310 - Check plugin tools
2024-11-08 14:32:21,313 [INFO] IntegrityCheckThread:86 - entering critical section [integrity check]
2024-11-08 14:32:21,314 [INFO] ThirdPartyUpdaterWithRetryManager:70 - Updater plugin not ready yet. [1/15]
2024-11-08 14:32:21,351 [INFO] PluginManage:359 - Loaded plugin tools (category:base,tabindex:7)
2024-11-08 14:32:21,351 [INFO] PluginManage:310 - Check plugin tutovideos
2024-11-08 14:32:21,558 [INFO] PluginManage:359 - Loaded plugin tutovideos (category:base,tabindex:-1)
2024-11-08 14:32:21,558 [INFO] PluginManage:310 - Check plugin updater
2024-11-08 14:32:21,577 [INFO] PluginManage:359 - Loaded plugin updater (category:base,tabindex:12)
2024-11-08 14:32:21,577 [INFO] PluginManage:310 - Check plugin userauth
2024-11-08 14:32:21,584 [INFO] UserAuth:113 - Init User Auth plugin
2024-11-08 14:32:21,584 [INFO] PluginManage:359 - Loaded plugin userauth (category:base,tabindex:14)
2024-11-08 14:32:21,584 [INFO] PluginManage:283 - PluginManage : Loaded plugins [18]
2024-11-08 14:32:21,818 [INFO] PinOutPanel:1561 - setPackage(No Configuration,No Configuration)
2024-11-08 14:32:21,919 [INFO] CADModel:165 - CPN selected for project level
2024-11-08 14:32:21,919 [INFO] CADModel:114 - Register for checkConnection events
2024-11-08 14:32:21,958 [INFO] IPUIPlugin:80 - create IPUIPlugin
2024-11-08 14:32:21,959 [INFO] PluginManager:220 - loadIPPluginJar : add adc
2024-11-08 14:32:22,013 [INFO] IPUIPlugin:80 - create IPUIPlugin
2024-11-08 14:32:22,013 [INFO] PluginManager:220 - loadIPPluginJar : add aes
2024-11-08 14:32:22,058 [INFO] IPUIPlugin:80 - create IPUIPlugin
2024-11-08 14:32:22,059 [INFO] PluginManager:220 - loadIPPluginJar : add can
2024-11-08 14:32:22,084 [INFO] IPUIPlugin:80 - create IPUIPlugin
2024-11-08 14:32:22,084 [INFO] PluginManager:220 - loadIPPluginJar : add comp
2024-11-08 14:32:22,119 [INFO] IPUIPlugin:80 - create IPUIPlugin
2024-11-08 14:32:22,119 [INFO] PluginManager:220 - loadIPPluginJar : add cryp
2024-11-08 14:32:22,131 [INFO] IPUIPlugin:80 - create IPUIPlugin
2024-11-08 14:32:22,131 [INFO] PluginManager:220 - loadIPPluginJar : add ddr_ctrl_phy
2024-11-08 14:32:22,162 [INFO] IPUIPlugin:80 - create IPUIPlugin
2024-11-08 14:32:22,162 [INFO] PluginManager:220 - loadIPPluginJar : add dfsdm
2024-11-08 14:32:22,177 [INFO] IPUIPlugin:80 - create IPUIPlugin
2024-11-08 14:32:22,177 [INFO] PluginManager:220 - loadIPPluginJar : add dma
2024-11-08 14:32:22,227 [INFO] IPUIPlugin:80 - create IPUIPlugin
2024-11-08 14:32:22,227 [INFO] PluginManager:220 - loadIPPluginJar : add dma3
2024-11-08 14:32:22,273 [INFO] IPUIPlugin:80 - create IPUIPlugin
2024-11-08 14:32:22,274 [INFO] PluginManager:220 - loadIPPluginJar : add extmemmanager
2024-11-08 14:32:22,294 [INFO] IPUIPlugin:80 - create IPUIPlugin
2024-11-08 14:32:22,294 [INFO] PluginManager:220 - loadIPPluginJar : add fatfs
2024-11-08 14:32:22,342 [INFO] IPUIPlugin:80 - create IPUIPlugin
2024-11-08 14:32:22,342 [INFO] PluginManager:220 - loadIPPluginJar : add fmc
2024-11-08 14:32:22,357 [INFO] IPUIPlugin:80 - create IPUIPlugin
2024-11-08 14:32:22,357 [INFO] PluginManager:220 - loadIPPluginJar : add freertos
2024-11-08 14:32:22,379 [INFO] IPUIPlugin:80 - create IPUIPlugin
2024-11-08 14:32:22,380 [INFO] PluginManager:220 - loadIPPluginJar : add genericplugin
2024-11-08 14:32:22,481 [INFO] IPUIPlugin:80 - create IPUIPlugin
2024-11-08 14:32:22,481 [INFO] PluginManager:220 - loadIPPluginJar : add gfxmmu
2024-11-08 14:32:22,617 [INFO] IPUIPlugin:80 - create IPUIPlugin
2024-11-08 14:32:22,617 [INFO] PluginManager:220 - loadIPPluginJar : add gic
2024-11-08 14:32:22,631 [INFO] IPUIPlugin:80 - create IPUIPlugin
2024-11-08 14:32:22,631 [INFO] PluginManager:220 - loadIPPluginJar : add gpio
2024-11-08 14:32:22,728 [INFO] IPUIPlugin:80 - create IPUIPlugin
2024-11-08 14:32:22,728 [INFO] PluginManager:220 - loadIPPluginJar : add gtzc
2024-11-08 14:32:22,762 [INFO] IPUIPlugin:80 - create IPUIPlugin
2024-11-08 14:32:22,762 [INFO] PluginManager:220 - loadIPPluginJar : add hash
2024-11-08 14:32:22,817 [INFO] IPUIPlugin:80 - create IPUIPlugin
2024-11-08 14:32:22,817 [INFO] PluginManager:220 - loadIPPluginJar : add i2c
2024-11-08 14:32:22,858 [INFO] IPUIPlugin:80 - create IPUIPlugin
2024-11-08 14:32:22,858 [INFO] PluginManager:220 - loadIPPluginJar : add i2s
2024-11-08 14:32:22,901 [INFO] IPUIPlugin:80 - create IPUIPlugin
2024-11-08 14:32:22,901 [INFO] PluginManager:220 - loadIPPluginJar : add i3c
2024-11-08 14:32:23,008 [INFO] IPUIPlugin:80 - create IPUIPlugin
2024-11-08 14:32:23,008 [INFO] PluginManager:220 - loadIPPluginJar : add ipddr
2024-11-08 14:32:23,105 [INFO] IPUIPlugin:80 - create IPUIPlugin
2024-11-08 14:32:23,105 [INFO] PluginManager:220 - loadIPPluginJar : add linkedlist
2024-11-08 14:32:23,142 [INFO] IPUIPlugin:80 - create IPUIPlugin
2024-11-08 14:32:23,142 [INFO] PluginManager:220 - loadIPPluginJar : add lorawan
2024-11-08 14:32:23,179 [INFO] IPUIPlugin:80 - create IPUIPlugin
2024-11-08 14:32:23,179 [INFO] PluginManager:220 - loadIPPluginJar : add ltdc
2024-11-08 14:32:23,195 [INFO] IPUIPlugin:80 - create IPUIPlugin
2024-11-08 14:32:23,195 [INFO] PluginManager:220 - loadIPPluginJar : add mdma
2024-11-08 14:32:23,207 [INFO] IPUIPlugin:80 - create IPUIPlugin
2024-11-08 14:32:23,207 [INFO] PluginManager:220 - loadIPPluginJar : add nvic
2024-11-08 14:32:23,246 [INFO] IPUIPlugin:80 - create IPUIPlugin
2024-11-08 14:32:23,246 [INFO] PluginManager:220 - loadIPPluginJar : add opamp
2024-11-08 14:32:23,310 [INFO] IPUIPlugin:80 - create IPUIPlugin
2024-11-08 14:32:23,311 [INFO] PluginManager:220 - loadIPPluginJar : add openamp
2024-11-08 14:32:23,355 [INFO] IPUIPlugin:80 - create IPUIPlugin
2024-11-08 14:32:23,355 [INFO] PluginManager:220 - loadIPPluginJar : add pdm2pcm
2024-11-08 14:32:23,369 [INFO] IPUIPlugin:80 - create IPUIPlugin
2024-11-08 14:32:23,371 [INFO] PluginManager:220 - loadIPPluginJar : add plateformsettings
2024-11-08 14:32:23,394 [INFO] IPUIPlugin:80 - create IPUIPlugin
2024-11-08 14:32:23,394 [INFO] PluginManager:220 - loadIPPluginJar : add quadspi
2024-11-08 14:32:23,422 [INFO] IPUIPlugin:80 - create IPUIPlugin
2024-11-08 14:32:23,423 [INFO] PluginManager:220 - loadIPPluginJar : add radio
2024-11-08 14:32:23,436 [INFO] IPUIPlugin:80 - create IPUIPlugin
2024-11-08 14:32:23,436 [INFO] PluginManager:220 - loadIPPluginJar : add resmgrutility
2024-11-08 14:32:23,488 [INFO] IPUIPlugin:80 - create IPUIPlugin
2024-11-08 14:32:23,488 [INFO] PluginManager:220 - loadIPPluginJar : add sai
2024-11-08 14:32:23,528 [INFO] IPUIPlugin:80 - create IPUIPlugin
2024-11-08 14:32:23,528 [INFO] PluginManager:220 - loadIPPluginJar : add spi
2024-11-08 14:32:23,604 [INFO] IPUIPlugin:80 - create IPUIPlugin
2024-11-08 14:32:23,604 [INFO] PluginManager:220 - loadIPPluginJar : add stm32_wpan
2024-11-08 14:32:23,630 [INFO] IPUIPlugin:80 - create IPUIPlugin
2024-11-08 14:32:23,630 [INFO] PluginManager:220 - loadIPPluginJar : add tim
2024-11-08 14:32:23,695 [INFO] IPUIPlugin:80 - create IPUIPlugin
2024-11-08 14:32:23,695 [INFO] PluginManager:220 - loadIPPluginJar : add touchsensing
2024-11-08 14:32:23,719 [INFO] IPUIPlugin:80 - create IPUIPlugin
2024-11-08 14:32:23,719 [INFO] PluginManager:220 - loadIPPluginJar : add tracer_emb
2024-11-08 14:32:23,743 [INFO] IPUIPlugin:80 - create IPUIPlugin
2024-11-08 14:32:23,743 [INFO] PluginManager:220 - loadIPPluginJar : add ts
2024-11-08 14:32:23,766 [INFO] IPUIPlugin:80 - create IPUIPlugin
2024-11-08 14:32:23,767 [INFO] PluginManager:220 - loadIPPluginJar : add tsc
2024-11-08 14:32:23,790 [INFO] IPUIPlugin:80 - create IPUIPlugin
2024-11-08 14:32:23,791 [INFO] PluginManager:220 - loadIPPluginJar : add ucpd
2024-11-08 14:32:23,836 [INFO] IPUIPlugin:80 - create IPUIPlugin
2024-11-08 14:32:23,836 [INFO] PluginManager:220 - loadIPPluginJar : add usart
2024-11-08 14:32:23,878 [INFO] IPUIPlugin:80 - create IPUIPlugin
2024-11-08 14:32:23,879 [INFO] PluginManager:220 - loadIPPluginJar : add usbx
2024-11-08 14:32:24,010 [INFO] CADModel:165 - CPN selected for project level
2024-11-08 14:32:24,010 [INFO] CADModel:114 - Register for checkConnection events
2024-11-08 14:32:24,010 [FATAL] Updater:334 - Updater called before beeing initialized
2024-11-08 14:32:24,010 [ERROR] CADModel:125 - Updater not yet initialized, retry later 
2024-11-08 14:32:24,155 [INFO] CADModel:165 - CPN selected for project level
2024-11-08 14:32:24,155 [INFO] CADModel:114 - Register for checkConnection events
2024-11-08 14:32:24,156 [FATAL] Updater:334 - Updater called before beeing initialized
2024-11-08 14:32:24,156 [ERROR] CADModel:125 - Updater not yet initialized, retry later 
2024-11-08 14:32:24,159 [FATAL] Updater:334 - Updater called before beeing initialized
2024-11-08 14:32:24,279 [FATAL] Updater:334 - Updater called before beeing initialized
2024-11-08 14:32:24,291 [INFO] DbMcusAds:53 - JSON generation date=Fri Sep 20 15:04:38 CEST 2024 (1726837478367)
2024-11-08 14:32:24,291 [FATAL] Updater:334 - Updater called before beeing initialized
2024-11-08 14:32:24,316 [INFO] ThirdPartyUpdaterWithRetryManager:70 - Updater plugin not ready yet. [2/15]
2024-11-08 14:32:24,331 [WARN] DetailPanel:346 - Failed to get advertising image, set to default
2024-11-08 14:32:24,418 [FATAL] Updater:334 - Updater called before beeing initialized
2024-11-08 14:32:24,420 [FATAL] Updater:334 - Updater called before beeing initialized
2024-11-08 14:32:24,420 [FATAL] Updater:334 - Updater called before beeing initialized
2024-11-08 14:32:24,420 [WARN] DetailPanel:346 - Failed to get advertising image, set to default
2024-11-08 14:32:24,421 [FATAL] Updater:334 - Updater called before beeing initialized
2024-11-08 14:32:24,494 [ERROR] Updater:1164 - MainUpdater not yet initialized. External WinMGr cannot be set.
2024-11-08 14:32:24,506 [INFO] Updater:1100 - Updater Version found : 6.12.0
2024-11-08 14:32:24,524 [INFO] ApplicationProperties:184 - Using Application install path: C:\ST\STM32CubeIDE_1.11.2\STM32CubeIDE\plugins\com.st.stm32cube.common.mx_6.12.0.202406281431
2024-11-08 14:32:25,091 [INFO] MainUpdater:2873 - connection check result : 10
2024-11-08 14:32:25,091 [INFO] MainUpdater:290 - Updater Check For Update Now.
2024-11-08 14:32:25,092 [INFO] MicroXplorer:498 - Change Database Version : DB.6.0.120
2024-11-08 14:32:25,108 [INFO] McuFinderGlobals:63 - Set McuFinder mode to 2 (CubeIDE integrated)
2024-11-08 14:32:25,108 [INFO] UserAuth:179 - activating auth plugin
2024-11-08 14:32:25,114 [INFO] UserAuth:417 - Internet connection configuration mode: 1
2024-11-08 14:32:25,145 [INFO] JxBrowserEngine:152 - Initiate JxBrowser Engine with user profile folder
2024-11-08 14:32:25,352 [INFO] CheckServerUpdateThread:120 - End of CheckServer Thread
2024-11-08 14:32:27,676 [WARN] PackLoader:240 - Cannot read IP mode file for STMicroelectronics.FP-SNS-MOTENVWB1.1.4.0
2024-11-08 14:32:27,701 [WARN] PackLoader:240 - Cannot read IP mode file for STMicroelectronics.X-CUBE-SMBUS.2.1.0
2024-11-08 14:32:27,722 [WARN] PackLoader:240 - Cannot read IP mode file for STMicroelectronics.X-CUBE-WB05N.1.1.0
2024-11-08 14:32:27,739 [WARN] PackLoader:240 - Cannot read IP mode file for STMicroelectronics.X-CUBE-TOUCHGFX.4.23.0
2024-11-08 14:32:27,756 [WARN] PackLoader:240 - Cannot read IP mode file for STMicroelectronics.X-CUBE-TOUCHGFX.4.23.2
2024-11-08 14:32:27,811 [WARN] PackLoader:240 - Cannot read IP mode file for STMicroelectronics.X-CUBE-AZRTOS-F7.1.1.0
2024-11-08 14:32:27,837 [WARN] PackLoader:240 - Cannot read IP mode file for STMicroelectronics.FP-SNS-MOTENV1.4.3.2
2024-11-08 14:32:27,939 [WARN] PackLoader:240 - Cannot read IP mode file for STMicroelectronics.X-CUBE-MEMS1.11.0.0
2024-11-08 14:32:28,083 [WARN] PackLoader:240 - Cannot read IP mode file for STMicroelectronics.X-CUBE-BLE1.6.2.4
2024-11-08 14:32:28,100 [WARN] PackLoader:240 - Cannot read IP mode file for STMicroelectronics.FP-SNS-FLIGHT1.5.0.2
2024-11-08 14:32:28,121 [WARN] PackLoader:240 - Cannot read IP mode file for STMicroelectronics.X-CUBE-DISPLAY.3.0.0
2024-11-08 14:32:28,163 [WARN] PackLoader:240 - Cannot read IP mode file for STMicroelectronics.X-CUBE-BLE1.7.0.0
2024-11-08 14:32:28,185 [WARN] PackLoader:240 - Cannot read IP mode file for STMicroelectronics.X-CUBE-NFC10.1.0.0
2024-11-08 14:32:28,200 [WARN] PackLoader:240 - Cannot read IP mode file for STMicroelectronics.X-CUBE-TOUCHGFX.4.22.0
2024-11-08 14:32:28,217 [WARN] PackLoader:240 - Cannot read IP mode file for STMicroelectronics.X-CUBE-TOUCHGFX.4.22.1
2024-11-08 14:32:28,234 [WARN] PackLoader:240 - Cannot read IP mode file for STMicroelectronics.X-CUBE-BLEMGR.3.1.0
2024-11-08 14:32:28,251 [WARN] PackLoader:240 - Cannot read IP mode file for STMicroelectronics.FP-SNS-SMARTAG2.1.2.0
2024-11-08 14:32:28,272 [INFO] LogOutputStream:77 - [STDOUT_REDIRECT] 1 : Invalid condition id : UX_CORESTACK_Condition cause : null
2024-11-08 14:32:28,272 [INFO] LogOutputStream:77 - [STDOUT_REDIRECT] 1 : Invalid condition id : UX_CORESTACK_Condition cause : null
2024-11-08 14:32:28,273 [INFO] LogOutputStream:77 - [STDOUT_REDIRECT] 1 : Invalid condition id : UX_CORESTACK_Condition cause : null
2024-11-08 14:32:28,274 [INFO] LogOutputStream:77 - [STDOUT_REDIRECT] 1 : Invalid condition id : UX_CORESTACK_Condition cause : null
2024-11-08 14:32:28,275 [INFO] LogOutputStream:77 - [STDOUT_REDIRECT] 1 : Invalid condition id : UX_CORESTACK_Condition cause : null
2024-11-08 14:32:28,278 [WARN] PackLoader:240 - Cannot read IP mode file for STMicroelectronics.X-CUBE-AZRTOS-WL.2.0.0
2024-11-08 14:32:28,295 [WARN] PackLoader:240 - Cannot read IP mode file for STMicroelectronics.FP-SNS-MOTENV1.5.0.0
2024-11-08 14:32:28,309 [WARN] PackLoader:240 - Cannot read IP mode file for wolfSSL.I-CUBE-wolfMQTT.1.19.0
2024-11-08 14:32:28,328 [WARN] PackLoader:240 - Cannot read IP mode file for WES.I-CUBE-Cesium.1.3.0
2024-11-08 14:32:28,343 [WARN] PackLoader:240 - Cannot read IP mode file for STMicroelectronics.X-CUBE-BLE2.3.3.0
2024-11-08 14:32:28,365 [WARN] PackLoader:240 - Cannot read IP mode file for STMicroelectronics.X-CUBE-TOF1.3.2.0
2024-11-08 14:32:28,383 [WARN] PackLoader:240 - Cannot read IP mode file for STMicroelectronics.X-CUBE-NFC9.1.0.0
2024-11-08 14:32:28,399 [WARN] PackLoader:240 - Cannot read IP mode file for STMicroelectronics.X-CUBE-TCPP.4.1.0
2024-11-08 14:32:28,417 [WARN] PackLoader:240 - Cannot read IP mode file for STMicroelectronics.X-CUBE-TOUCHGFX.4.21.1
2024-11-08 14:32:28,432 [WARN] PackLoader:240 - Cannot read IP mode file for STMicroelectronics.X-CUBE-AI.7.3.0
2024-11-08 14:32:28,450 [WARN] PackLoader:240 - Cannot read IP mode file for STMicroelectronics.X-CUBE-ALGOBUILD.1.3.0
2024-11-08 14:32:28,479 [WARN] PackLoader:240 - Cannot read IP mode file for STMicroelectronics.X-CUBE-AZRTOS-G0.1.1.0
2024-11-08 14:32:28,500 [WARN] PackLoader:240 - Cannot read IP mode file for STMicroelectronics.X-CUBE-SAFEA1.1.2.2
2024-11-08 14:32:28,516 [WARN] PackLoader:240 - Cannot read IP mode file for STMicroelectronics.X-CUBE-NFC4.3.0.0
2024-11-08 14:32:28,530 [WARN] PackLoader:240 - Cannot read IP mode file for wolfSSL.I-CUBE-wolfMQTT.1.18.0
2024-11-08 14:32:28,557 [WARN] PackLoader:240 - Cannot read IP mode file for EmbeddedOffice.I-CUBE-FS-RTOS.1.0.1
2024-11-08 14:32:28,557 [ERROR] ConditionMgr:805 - Attr not supported : Dmpu
2024-11-08 14:32:28,557 [ERROR] ConditionMgr:805 - Attr not supported : Dmpu
2024-11-08 14:32:28,557 [ERROR] ConditionMgr:805 - Attr not supported : Dmpu
2024-11-08 14:32:28,557 [ERROR] ConditionMgr:805 - Attr not supported : Dmpu
2024-11-08 14:32:28,557 [ERROR] ConditionMgr:805 - Attr not supported : Dmpu
2024-11-08 14:32:28,557 [ERROR] ConditionMgr:805 - Attr not supported : Dmpu
2024-11-08 14:32:28,557 [ERROR] ConditionMgr:805 - Attr not supported : Dmpu
2024-11-08 14:32:28,558 [ERROR] ConditionMgr:805 - Attr not supported : Dmpu
2024-11-08 14:32:28,558 [ERROR] ConditionMgr:805 - Attr not supported : Dmpu
2024-11-08 14:32:28,558 [ERROR] ConditionMgr:805 - Attr not supported : Dmpu
2024-11-08 14:32:28,558 [ERROR] ConditionMgr:805 - Attr not supported : Dmpu
2024-11-08 14:32:28,558 [ERROR] ConditionMgr:805 - Attr not supported : Dmpu
2024-11-08 14:32:28,558 [ERROR] ConditionMgr:805 - Attr not supported : Dmpu
2024-11-08 14:32:28,558 [ERROR] ConditionMgr:805 - Attr not supported : Dmpu
2024-11-08 14:32:28,558 [ERROR] ConditionMgr:805 - Attr not supported : Dmpu
2024-11-08 14:32:28,558 [ERROR] ConditionMgr:805 - Attr not supported : Dmpu
2024-11-08 14:32:28,558 [ERROR] ConditionMgr:805 - Attr not supported : Dmpu
2024-11-08 14:32:28,558 [ERROR] ConditionMgr:805 - Attr not supported : Dmpu
2024-11-08 14:32:28,558 [ERROR] ConditionMgr:805 - Attr not supported : Dmpu
2024-11-08 14:32:28,558 [ERROR] ConditionMgr:805 - Attr not supported : Dmpu
2024-11-08 14:32:28,558 [ERROR] ConditionMgr:805 - Attr not supported : Dmpu
2024-11-08 14:32:28,559 [ERROR] ConditionMgr:805 - Attr not supported : Dmpu
2024-11-08 14:32:28,559 [ERROR] ConditionMgr:805 - Attr not supported : Dmpu
2024-11-08 14:32:28,559 [ERROR] ConditionMgr:805 - Attr not supported : Dmpu
2024-11-08 14:32:28,559 [ERROR] ConditionMgr:805 - Attr not supported : Dmpu
2024-11-08 14:32:28,559 [ERROR] ConditionMgr:805 - Attr not supported : Dmpu
2024-11-08 14:32:28,559 [ERROR] ConditionMgr:805 - Attr not supported : Dmpu
2024-11-08 14:32:28,559 [ERROR] ConditionMgr:805 - Attr not supported : Dmpu
2024-11-08 14:32:28,559 [ERROR] ConditionMgr:805 - Attr not supported : Dmpu
2024-11-08 14:32:28,559 [ERROR] ConditionMgr:805 - Attr not supported : Dmpu
2024-11-08 14:32:28,559 [ERROR] ConditionMgr:805 - Attr not supported : Dmpu
2024-11-08 14:32:28,559 [ERROR] ConditionMgr:805 - Attr not supported : Dmpu
2024-11-08 14:32:28,559 [ERROR] ConditionMgr:805 - Attr not supported : Dmpu
2024-11-08 14:32:28,559 [ERROR] ConditionMgr:805 - Attr not supported : Dmpu
2024-11-08 14:32:28,559 [ERROR] ConditionMgr:805 - Attr not supported : Dmpu
2024-11-08 14:32:28,559 [ERROR] ConditionMgr:805 - Attr not supported : Dmpu
2024-11-08 14:32:28,559 [ERROR] ConditionMgr:805 - Attr not supported : Dmpu
2024-11-08 14:32:28,560 [ERROR] ConditionMgr:805 - Attr not supported : Dmpu
2024-11-08 14:32:28,560 [ERROR] ConditionMgr:805 - Attr not supported : Dmpu
2024-11-08 14:32:28,560 [ERROR] ConditionMgr:805 - Attr not supported : Dmpu
2024-11-08 14:32:28,560 [ERROR] ConditionMgr:805 - Attr not supported : Dmpu
2024-11-08 14:32:28,560 [ERROR] ConditionMgr:805 - Attr not supported : Dmpu
2024-11-08 14:32:28,560 [ERROR] ConditionMgr:805 - Attr not supported : Dmpu
2024-11-08 14:32:28,560 [ERROR] ConditionMgr:805 - Attr not supported : Dmpu
2024-11-08 14:32:28,560 [ERROR] ConditionMgr:805 - Attr not supported : Dmpu
2024-11-08 14:32:28,560 [ERROR] ConditionMgr:805 - Attr not supported : Dmpu
2024-11-08 14:32:28,560 [ERROR] ConditionMgr:805 - Attr not supported : Dmpu
2024-11-08 14:32:28,560 [ERROR] ConditionMgr:805 - Attr not supported : Dmpu
2024-11-08 14:32:28,560 [ERROR] ConditionMgr:805 - Attr not supported : Dmpu
2024-11-08 14:32:28,560 [ERROR] ConditionMgr:805 - Attr not supported : Dmpu
2024-11-08 14:32:28,560 [ERROR] ConditionMgr:805 - Attr not supported : Dmpu
2024-11-08 14:32:28,561 [ERROR] ConditionMgr:805 - Attr not supported : Dmpu
2024-11-08 14:32:28,561 [ERROR] ConditionMgr:805 - Attr not supported : Dmpu
2024-11-08 14:32:28,561 [ERROR] ConditionMgr:805 - Attr not supported : Dmpu
2024-11-08 14:32:28,561 [ERROR] ConditionMgr:805 - Attr not supported : Dmpu
2024-11-08 14:32:28,561 [ERROR] ConditionMgr:805 - Attr not supported : Dmpu
2024-11-08 14:32:28,561 [ERROR] ConditionMgr:805 - Attr not supported : Dmpu
2024-11-08 14:32:28,561 [ERROR] ConditionMgr:805 - Attr not supported : Dmpu
2024-11-08 14:32:28,561 [ERROR] ConditionMgr:805 - Attr not supported : Dmpu
2024-11-08 14:32:28,561 [ERROR] ConditionMgr:805 - Attr not supported : Dmpu
2024-11-08 14:32:28,561 [ERROR] ConditionMgr:805 - Attr not supported : Dmpu
2024-11-08 14:32:28,561 [ERROR] ConditionMgr:805 - Attr not supported : Dmpu
2024-11-08 14:32:28,561 [ERROR] ConditionMgr:805 - Attr not supported : Dmpu
2024-11-08 14:32:28,561 [ERROR] ConditionMgr:805 - Attr not supported : Dmpu
2024-11-08 14:32:28,578 [WARN] PackLoader:240 - Cannot read IP mode file for STMicroelectronics.X-CUBE-BLEMGR.3.0.0
2024-11-08 14:32:28,596 [WARN] PackLoader:240 - Cannot read IP mode file for STMicroelectronics.X-CUBE-BLEMGR.1.3.0
2024-11-08 14:32:28,614 [WARN] PackLoader:240 - Cannot read IP mode file for RealThread.X-CUBE-RT-Thread_Nano.4.1.1
2024-11-08 14:32:28,629 [WARN] PackLoader:240 - Cannot read IP mode file for STMicroelectronics.FP-ATR-SIGFOX1.3.2.0
2024-11-08 14:32:28,652 [WARN] PackLoader:240 - Cannot read IP mode file for STMicroelectronics.X-CUBE-EEPRMA1.5.1.0
2024-11-08 14:32:28,709 [WARN] PackLoader:240 - Cannot read IP mode file for STMicroelectronics.X-CUBE-MEMS1.9.5.0
2024-11-08 14:32:28,852 [WARN] PackLoader:240 - Cannot read IP mode file for SEGGER.I-CUBE-embOS.1.3.1
2024-11-08 14:32:28,918 [WARN] PackLoader:240 - Cannot read IP mode file for STMicroelectronics.X-CUBE-ALGOBUILD.1.4.0
2024-11-08 14:32:28,934 [WARN] PackLoader:240 - Cannot read IP mode file for STMicroelectronics.X-CUBE-AI.9.1.0
2024-11-08 14:32:28,953 [WARN] PackLoader:240 - Cannot read IP mode file for STMicroelectronics.X-CUBE-GNSS1.6.0.0
2024-11-08 14:32:28,985 [WARN] PackLoader:240 - Cannot read IP mode file for STMicroelectronics.X-CUBE-AZRTOS-F4.1.1.0
2024-11-08 14:32:29,001 [WARN] PackLoader:240 - Cannot read IP mode file for STMicroelectronics.X-CUBE-ISPU.2.1.0
2024-11-08 14:32:29,019 [WARN] PackLoader:240 - Cannot read IP mode file for STMicroelectronics.X-CUBE-FREERTOS.1.2.0
2024-11-08 14:32:29,054 [WARN] PackLoader:240 - Cannot read IP mode file for STMicroelectronics.X-CUBE-AZRTOS-L5.2.0.0
2024-11-08 14:32:29,115 [WARN] PackLoader:240 - Cannot read IP mode file for STMicroelectronics.X-CUBE-MEMS1.9.6.0
2024-11-08 14:32:29,232 [WARN] PackLoader:240 - Cannot read IP mode file for STMicroelectronics.X-CUBE-EEPRMA1.4.2.0
2024-11-08 14:32:29,248 [WARN] PackLoader:240 - Cannot read IP mode file for STMicroelectronics.X-CUBE-NFC6.3.1.0
2024-11-08 14:32:29,265 [WARN] PackLoader:240 - Cannot read IP mode file for ITTIA_DB.I-CUBE-ITTIADB.8.8.0
2024-11-08 14:32:29,282 [WARN] PackLoader:240 - Cannot read IP mode file for emotas.I-CUBE-CANOPEN.1.1.3
2024-11-08 14:32:29,298 [WARN] PackLoader:240 - Cannot read IP mode file for STMicroelectronics.X-CUBE-BLEMGR.2.0.0
2024-11-08 14:32:29,314 [WARN] PackLoader:240 - Cannot read IP mode file for STMicroelectronics.X-CUBE-DPower.1.2.0
2024-11-08 14:32:29,327 [WARN] PackLoader:240 - Cannot read IP mode file for STMicroelectronics.X-CUBE-AI.9.0.0
2024-11-08 14:32:29,355 [WARN] ConditionMgr:438 - getConditionDescription Invalid condition id : UX DEVICE CLASS RTOS Condition cause : null
2024-11-08 14:32:29,355 [WARN] ConditionMgr:438 - getConditionDescription Invalid condition id : UX DEVICE CLASS RTOS Condition cause : null
2024-11-08 14:32:29,357 [WARN] PackLoader:240 - Cannot read IP mode file for STMicroelectronics.X-CUBE-AZRTOS-H7.3.1.0
2024-11-08 14:32:29,358 [WARN] ConditionMgr:1039 - genDependencies : Invalid condition id : UX DEVICE CLASS RTOS Condition cause : null
2024-11-08 14:32:29,358 [WARN] ConditionMgr:1039 - genDependencies : Invalid condition id : UX DEVICE CLASS RTOS Condition cause : null
2024-11-08 14:32:29,358 [WARN] ConditionMgr:1039 - genDependencies : Invalid condition id : UX DEVICE CLASS RTOS Condition cause : null
2024-11-08 14:32:29,359 [WARN] ConditionMgr:1039 - genDependencies : Invalid condition id : UX DEVICE CLASS RTOS Condition cause : null
2024-11-08 14:32:29,359 [WARN] ConditionMgr:1039 - genDependencies : Invalid condition id : UX DEVICE CLASS RTOS Condition cause : null
2024-11-08 14:32:29,381 [WARN] PackLoader:240 - Cannot read IP mode file for wolfSSL.I-CUBE-wolfSSL.5.5.4
2024-11-08 14:32:29,397 [WARN] PackLoader:240 - Cannot read IP mode file for STMicroelectronics.X-CUBE-NFC7.1.0.1
2024-11-08 14:32:29,414 [WARN] PackLoader:240 - Cannot read IP mode file for STMicroelectronics.X-CUBE-NFC7.1.0.0
2024-11-08 14:32:29,429 [WARN] PackLoader:240 - Cannot read IP mode file for wolfSSL.I-CUBE-wolfTPM.3.2.0
2024-11-08 14:32:29,445 [WARN] PackLoader:240 - Cannot read IP mode file for STMicroelectronics.X-CUBE-NFC6.3.0.0
2024-11-08 14:32:29,463 [WARN] PackLoader:240 - Cannot read IP mode file for STMicroelectronics.X-CUBE-EEPRMA1.4.1.0
2024-11-08 14:32:29,478 [WARN] PackLoader:240 - Cannot read IP mode file for STMicroelectronics.X-CUBE-AI.8.1.0
2024-11-08 14:32:29,510 [WARN] ConditionMgr:438 - getConditionDescription Invalid condition id : LAN8742 Phy interface Condition cause : null
2024-11-08 14:32:29,511 [WARN] PackLoader:240 - Cannot read IP mode file for STMicroelectronics.X-CUBE-AZRTOS-L4.2.0.0
2024-11-08 14:32:29,512 [WARN] ConditionMgr:1039 - genDependencies : Invalid condition id : LAN8742 Phy interface Condition cause : null
2024-11-08 14:32:29,513 [WARN] ConditionMgr:1039 - genDependencies : Invalid condition id : LAN8742 Phy interface Condition cause : null
2024-11-08 14:32:29,514 [WARN] ConditionMgr:1039 - genDependencies : Invalid condition id : LAN8742 Phy interface Condition cause : null
2024-11-08 14:32:29,534 [WARN] PackLoader:240 - Cannot read IP mode file for STMicroelectronics.X-CUBE-SFXS2LP1.4.0.0
2024-11-08 14:32:29,568 [WARN] PackLoader:240 - Cannot read IP mode file for STMicroelectronics.X-CUBE-AZRTOS-H7.3.0.0
2024-11-08 14:32:29,586 [WARN] PackLoader:240 - Cannot read IP mode file for STMicroelectronics.X-CUBE-ISPU.1.1.0
2024-11-08 14:32:29,625 [WARN] PackLoader:240 - Cannot read IP mode file for STMicroelectronics.X-CUBE-AZRTOS-H7.3.3.0
2024-11-08 14:32:29,646 [WARN] PackLoader:240 - Cannot read IP mode file for RoweBots.I-CUBE-UNISONRTOS.5.5.0-4
2024-11-08 14:32:29,660 [WARN] PackLoader:240 - Cannot read IP mode file for STMicroelectronics.X-CUBE-AI.8.0.0
2024-11-08 14:32:29,685 [WARN] PackLoader:240 - Cannot read IP mode file for STMicroelectronics.X-CUBE-IPS.3.0.0
2024-11-08 14:32:29,715 [WARN] ConditionMgr:438 - getConditionDescription Invalid condition id : UX DEVICE CLASS RTOS Condition cause : null
2024-11-08 14:32:29,716 [WARN] ConditionMgr:438 - getConditionDescription Invalid condition id : UX DEVICE CLASS RTOS Condition cause : null
2024-11-08 14:32:29,718 [WARN] PackLoader:240 - Cannot read IP mode file for STMicroelectronics.X-CUBE-AZRTOS-WB.2.0.0
2024-11-08 14:32:29,719 [WARN] ConditionMgr:1039 - genDependencies : Invalid condition id : UX DEVICE CLASS RTOS Condition cause : null
2024-11-08 14:32:29,719 [WARN] ConditionMgr:1039 - genDependencies : Invalid condition id : UX DEVICE CLASS RTOS Condition cause : null
2024-11-08 14:32:29,719 [WARN] ConditionMgr:1039 - genDependencies : Invalid condition id : UX DEVICE CLASS RTOS Condition cause : null
2024-11-08 14:32:29,719 [WARN] ConditionMgr:1039 - genDependencies : Invalid condition id : UX DEVICE CLASS RTOS Condition cause : null
2024-11-08 14:32:29,719 [WARN] ConditionMgr:1039 - genDependencies : Invalid condition id : UX DEVICE CLASS RTOS Condition cause : null
2024-11-08 14:32:29,734 [WARN] PackLoader:240 - Cannot read IP mode file for STMicroelectronics.X-CUBE-FREERTOS.1.0.1
2024-11-08 14:32:29,751 [WARN] PackLoader:240 - Cannot read IP mode file for STMicroelectronics.X-CUBE-GNSS1.7.0.0
2024-11-08 14:32:29,768 [WARN] PackLoader:240 - Cannot read IP mode file for STMicroelectronics.FP-SNS-STBOX1.2.0.0
2024-11-08 14:32:29,803 [WARN] PackLoader:240 - Cannot read IP mode file for STMicroelectronics.X-CUBE-AZRTOS-L5.1.1.0
2024-11-08 14:32:29,828 [WARN] PackLoader:240 - Cannot read IP mode file for STMicroelectronics.X-CUBE-SUBG2.5.0.0
2024-11-08 14:32:29,854 [WARN] PackLoader:240 - Cannot read IP mode file for STMicroelectronics.X-CUBE-TOF1.3.3.1
2024-11-08 14:32:29,889 [WARN] PackLoader:240 - Cannot read IP mode file for STMicroelectronics.X-CUBE-AZRTOS-G4.2.0.0
2024-11-08 14:32:29,904 [WARN] PackLoader:240 - Cannot read IP mode file for STMicroelectronics.FP-ATR-ASTRA1.1.1.1
2024-11-08 14:32:29,931 [WARN] PackLoader:240 - Cannot read IP mode file for Infineon.AIROC-Wi-Fi-Bluetooth-STM32.1.5.1
2024-11-08 14:32:29,945 [WARN] PackLoader:240 - Cannot read IP mode file for STMicroelectronics.FP-SNS-MOTENVWB1.1.3.0
2024-11-08 14:32:29,960 [WARN] PackLoader:240 - Cannot read IP mode file for STMicroelectronics.FP-SNS-MOTENVWB1.1.3.1
2024-11-08 14:32:29,984 [WARN] PackLoader:240 - Cannot read IP mode file for STMicroelectronics.X-CUBE-AZRTOS-G4.1.0.0
2024-11-08 14:32:30,077 [WARN] PackLoader:240 - Cannot read IP mode file for STMicroelectronics.X-CUBE-AZRTOS-L4.1.0.0
2024-11-08 14:32:30,094 [WARN] PackLoader:240 - Cannot read IP mode file for STMicroelectronics.X-CUBE-ISPU.2.0.0
2024-11-08 14:32:30,108 [WARN] PackLoader:240 - Cannot read IP mode file for STMicroelectronics.X-CUBE-ALS.1.0.2
2024-11-08 14:32:30,170 [WARN] PackLoader:240 - Cannot read IP mode file for STMicroelectronics.X-CUBE-MEMS1.10.0.0
2024-11-08 14:32:30,286 [WARN] PackLoader:240 - Cannot read IP mode file for STMicroelectronics.X-CUBE-FREERTOS.1.1.0
2024-11-08 14:32:30,303 [WARN] PackLoader:240 - Cannot read IP mode file for STMicroelectronics.X-CUBE-TOUCHGFX.4.24.0
2024-11-08 14:32:30,326 [WARN] PackLoader:240 - Cannot read IP mode file for STMicroelectronics.X-CUBE-AZRTOS-WL.1.0.0
2024-11-08 14:32:30,346 [WARN] PackLoader:240 - Cannot read IP mode file for STMicroelectronics.X-CUBE-TOUCHGFX.4.24.1
2024-11-08 14:32:30,369 [WARN] PackLoader:240 - Cannot read IP mode file for portGmbH.I-Cube-SoM-uGOAL.1.1.0
2024-11-08 14:32:30,385 [WARN] PackLoader:240 - Cannot read IP mode file for STMicroelectronics.X-CUBE-ALS.1.0.1
2024-11-08 14:32:30,413 [WARN] PackLoader:240 - Cannot read IP mode file for STMicroelectronics.X-CUBE-AZRTOS-WB.1.1.0
2024-11-08 14:32:30,441 [WARN] PackLoader:240 - Cannot read IP mode file for STMicroelectronics.X-CUBE-AZRTOS-H7RS.1.0.0
2024-11-08 14:32:30,457 [WARN] PackLoader:240 - Cannot read IP mode file for STMicroelectronics.FP-ATR-ASTRA1.2.0.0
2024-11-08 14:32:30,475 [WARN] PackLoader:240 - Cannot read IP mode file for STMicroelectronics.X-CUBE-TOF1.3.4.2
2024-11-08 14:32:30,502 [WARN] PackLoader:240 - Cannot read IP mode file for STMicroelectronics.X-CUBE-TOF1.3.4.0
2024-11-08 14:32:30,534 [WARN] PackLoader:240 - Cannot read IP mode file for STMicroelectronics.X-CUBE-TOF1.3.4.1
2024-11-08 14:32:30,572 [WARN] PackLoader:240 - Cannot read IP mode file for STMicroelectronics.X-CUBE-AZRTOS-H7.3.2.0
2024-11-08 14:32:30,591 [WARN] PackLoader:240 - Cannot read IP mode file for wolfSSL.I-CUBE-wolfSSH.1.4.17
2024-11-08 14:32:30,592 [INFO] ThirdParty:978 - Integrity check success = true
2024-11-08 14:32:30,592 [INFO] IntegrityCheckThread:100 - exiting critical section [integrity check]
2024-11-08 14:32:30,592 [INFO] IntegrityCheckThread:103 - End integrity checks thread
2024-11-08 14:32:32,084 [INFO] WebApp:167 - Instantiating new browser for Auth
2024-11-08 14:32:33,042 [INFO] WebApp:448 - Apply proxy settings
2024-11-08 14:32:33,043 [INFO] WebApp:533 - Chromium requires no authentication
2024-11-08 14:32:33,057 [INFO] WebApp:476 - Direct internet connection detected
2024-11-08 14:32:33,096 [INFO] WebApp:869 - Register for checkConnection events
2024-11-08 14:32:33,096 [INFO] WebApp:448 - Apply proxy settings
2024-11-08 14:32:33,096 [INFO] WebApp:533 - Chromium requires no authentication
2024-11-08 14:32:33,097 [INFO] WebApp:476 - Direct internet connection detected
2024-11-08 14:32:33,335 [INFO] WebApp:220 - Starting web application
2024-11-08 14:32:33,335 [INFO] WebApp:578 - Web application path used C:\ST\STM32CubeIDE_1.11.2\STM32CubeIDE\plugins\com.st.stm32cube.common.mx_6.12.0.202406281431\db\plugins\mcufinder\reactClient1\index.html
2024-11-08 14:32:33,583 [INFO] WebApp:186 - Connection restablished
2024-11-08 14:35:48,066 [ERROR] LogOutputStream:75 - [STDERR_REDIRECT] 
